

================================================================
== Vivado HLS Report for 'dense_resource_1'
================================================================
* Date:           Tue Mar 23 18:08:22 2021

* Version:        2019.2 (Build 2704478 on Wed Nov 06 22:10:23 MST 2019)
* Project:        myproject_prj
* Solution:       solution1
* Product family: zynq
* Target device:  xc7z020-clg400-1


================================================================
== Performance Estimates
================================================================
+ Timing: 
    * Summary: 
    +--------+---------+----------+------------+
    |  Clock |  Target | Estimated| Uncertainty|
    +--------+---------+----------+------------+
    |ap_clk  | 5.00 ns | 3.740 ns |   0.62 ns  |
    +--------+---------+----------+------------+

+ Latency: 
    * Summary: 
    +---------+---------+----------+----------+-----+-----+---------------------------------------------+
    |  Latency (cycles) |  Latency (absolute) |  Interval |                   Pipeline                  |
    |   min   |   max   |    min   |    max   | min | max |                     Type                    |
    +---------+---------+----------+----------+-----+-----+---------------------------------------------+
    |       66|       67| 0.330 us | 0.335 us |   64|   64| loop rewind(delay=0 initiation interval(s)) |
    +---------+---------+----------+----------+-----+-----+---------------------------------------------+

    + Detail: 
        * Instance: 
        N/A

        * Loop: 
        +-------------+---------+---------+----------+-----------+-----------+------+----------+
        |             |  Latency (cycles) | Iteration|  Initiation Interval  | Trip |          |
        |  Loop Name  |   min   |   max   |  Latency |  achieved |   target  | Count| Pipelined|
        +-------------+---------+---------+----------+-----------+-----------+------+----------+
        |- ReuseLoop  |       66|       66|         4|          1|          1|    64|    yes   |
        +-------------+---------+---------+----------+-----------+-----------+------+----------+



================================================================
== Utilization Estimates
================================================================
* Summary: 
+-----------------+---------+-------+--------+-------+-----+
|       Name      | BRAM_18K| DSP48E|   FF   |  LUT  | URAM|
+-----------------+---------+-------+--------+-------+-----+
|DSP              |        -|      -|       -|      -|    -|
|Expression       |        -|      0|       0|   1824|    -|
|FIFO             |        -|      -|       -|      -|    -|
|Instance         |        -|      -|       0|    145|    -|
|Memory           |        7|      -|       0|      0|    -|
|Multiplexer      |        -|      -|       -|    354|    -|
|Register         |        0|      -|    1217|     32|    -|
+-----------------+---------+-------+--------+-------+-----+
|Total            |        7|      0|    1217|   2355|    0|
+-----------------+---------+-------+--------+-------+-----+
|Available        |      280|    220|  106400|  53200|    0|
+-----------------+---------+-------+--------+-------+-----+
|Utilization (%)  |        2|      0|       1|      4|    0|
+-----------------+---------+-------+--------+-------+-----+

+ Detail: 
    * Instance: 
    +---------------------------+----------------------+---------+-------+---+-----+-----+
    |          Instance         |        Module        | BRAM_18K| DSP48E| FF| LUT | URAM|
    +---------------------------+----------------------+---------+-------+---+-----+-----+
    |myproject_axi_muxibs_U235  |myproject_axi_muxibs  |        0|      0|  0|  145|    0|
    +---------------------------+----------------------+---------+-------+---+-----+-----+
    |Total                      |                      |        0|      0|  0|  145|    0|
    +---------------------------+----------------------+---------+-------+---+-----+-----+

    * DSP48E: 
    N/A

    * Memory: 
    +--------+----------------------+---------+---+----+-----+------+-----+------+-------------+
    | Memory |        Module        | BRAM_18K| FF| LUT| URAM| Words| Bits| Banks| W*Bits*Banks|
    +--------+----------------------+---------+---+----+-----+------+-----+------+-------------+
    |w5_V_U  |dense_resource_1_hbi  |        7|  0|   0|    0|    64|  224|     1|        14336|
    +--------+----------------------+---------+---+----+-----+------+-----+------+-------------+
    |Total   |                      |        7|  0|   0|    0|    64|  224|     1|        14336|
    +--------+----------------------+---------+---+----+-----+------+-----+------+-------------+

    * FIFO: 
    N/A

    * Expression: 
    +--------------------------+----------+-------+---+----+------------+------------+
    |       Variable Name      | Operation| DSP48E| FF| LUT| Bitwidth P0| Bitwidth P1|
    +--------------------------+----------+-------+---+----+------------+------------+
    |mul_ln1118_20_fu_2236_p2  |     *    |      0|  0|  33|           7|           7|
    |mul_ln1118_21_fu_2255_p2  |     *    |      0|  0|  33|           7|           7|
    |mul_ln1118_22_fu_2274_p2  |     *    |      0|  0|  33|           7|           7|
    |mul_ln1118_23_fu_2293_p2  |     *    |      0|  0|  33|           7|           7|
    |mul_ln1118_24_fu_2312_p2  |     *    |      0|  0|  33|           7|           7|
    |mul_ln1118_25_fu_2331_p2  |     *    |      0|  0|  33|           7|           7|
    |mul_ln1118_26_fu_2350_p2  |     *    |      0|  0|  33|           7|           7|
    |mul_ln1118_27_fu_2369_p2  |     *    |      0|  0|  33|           7|           7|
    |mul_ln1118_28_fu_2388_p2  |     *    |      0|  0|  33|           7|           7|
    |mul_ln1118_29_fu_2407_p2  |     *    |      0|  0|  33|           7|           7|
    |mul_ln1118_30_fu_2426_p2  |     *    |      0|  0|  33|           7|           7|
    |mul_ln1118_31_fu_2445_p2  |     *    |      0|  0|  33|           7|           7|
    |mul_ln1118_32_fu_2464_p2  |     *    |      0|  0|  33|           7|           7|
    |mul_ln1118_33_fu_2483_p2  |     *    |      0|  0|  33|           7|           7|
    |mul_ln1118_34_fu_2502_p2  |     *    |      0|  0|  33|           7|           7|
    |mul_ln1118_35_fu_2521_p2  |     *    |      0|  0|  33|           7|           7|
    |mul_ln1118_36_fu_2540_p2  |     *    |      0|  0|  33|           7|           7|
    |mul_ln1118_37_fu_2559_p2  |     *    |      0|  0|  33|           7|           7|
    |mul_ln1118_38_fu_2578_p2  |     *    |      0|  0|  33|           7|           7|
    |mul_ln1118_39_fu_2597_p2  |     *    |      0|  0|  33|           7|           7|
    |mul_ln1118_40_fu_2616_p2  |     *    |      0|  0|  33|           7|           7|
    |mul_ln1118_41_fu_2635_p2  |     *    |      0|  0|  33|           7|           7|
    |mul_ln1118_42_fu_2654_p2  |     *    |      0|  0|  33|           7|           7|
    |mul_ln1118_43_fu_2673_p2  |     *    |      0|  0|  33|           7|           7|
    |mul_ln1118_44_fu_2692_p2  |     *    |      0|  0|  33|           7|           7|
    |mul_ln1118_45_fu_2711_p2  |     *    |      0|  0|  33|           7|           7|
    |mul_ln1118_46_fu_2730_p2  |     *    |      0|  0|  33|           7|           7|
    |mul_ln1118_47_fu_2749_p2  |     *    |      0|  0|  33|           7|           7|
    |mul_ln1118_48_fu_2768_p2  |     *    |      0|  0|  33|           7|           7|
    |mul_ln1118_49_fu_2787_p2  |     *    |      0|  0|  33|           7|           7|
    |mul_ln1118_50_fu_2806_p2  |     *    |      0|  0|  33|           7|           7|
    |mul_ln1118_fu_2217_p2     |     *    |      0|  0|  33|           7|           7|
    |acc_0_V_fu_2825_p2        |     +    |      0|  0|  23|          16|          16|
    |acc_10_V_fu_2925_p2       |     +    |      0|  0|  23|          16|          16|
    |acc_11_V_fu_2935_p2       |     +    |      0|  0|  23|          16|          16|
    |acc_12_V_fu_2945_p2       |     +    |      0|  0|  23|          16|          16|
    |acc_13_V_fu_2955_p2       |     +    |      0|  0|  23|          16|          16|
    |acc_14_V_fu_2965_p2       |     +    |      0|  0|  23|          16|          16|
    |acc_15_V_fu_2975_p2       |     +    |      0|  0|  23|          16|          16|
    |acc_16_V_fu_2985_p2       |     +    |      0|  0|  23|          16|          16|
    |acc_17_V_fu_2995_p2       |     +    |      0|  0|  23|          16|          16|
    |acc_18_V_fu_3005_p2       |     +    |      0|  0|  23|          16|          16|
    |acc_19_V_fu_3015_p2       |     +    |      0|  0|  23|          16|          16|
    |acc_1_V_fu_2835_p2        |     +    |      0|  0|  23|          16|          16|
    |acc_20_V_fu_3025_p2       |     +    |      0|  0|  23|          16|          16|
    |acc_21_V_fu_3035_p2       |     +    |      0|  0|  23|          16|          16|
    |acc_22_V_fu_3045_p2       |     +    |      0|  0|  23|          16|          16|
    |acc_23_V_fu_3055_p2       |     +    |      0|  0|  23|          16|          16|
    |acc_24_V_fu_3065_p2       |     +    |      0|  0|  23|          16|          16|
    |acc_25_V_fu_3075_p2       |     +    |      0|  0|  23|          16|          16|
    |acc_26_V_fu_3085_p2       |     +    |      0|  0|  23|          16|          16|
    |acc_27_V_fu_3095_p2       |     +    |      0|  0|  23|          16|          16|
    |acc_28_V_fu_3105_p2       |     +    |      0|  0|  23|          16|          16|
    |acc_29_V_fu_3115_p2       |     +    |      0|  0|  23|          16|          16|
    |acc_2_V_fu_2845_p2        |     +    |      0|  0|  23|          16|          16|
    |acc_30_V_fu_3125_p2       |     +    |      0|  0|  23|          16|          16|
    |acc_31_V_fu_3135_p2       |     +    |      0|  0|  23|          16|          16|
    |acc_3_V_fu_2855_p2        |     +    |      0|  0|  23|          16|          16|
    |acc_4_V_fu_2865_p2        |     +    |      0|  0|  23|          16|          16|
    |acc_5_V_fu_2875_p2        |     +    |      0|  0|  23|          16|          16|
    |acc_6_V_fu_2885_p2        |     +    |      0|  0|  23|          16|          16|
    |acc_7_V_fu_2895_p2        |     +    |      0|  0|  23|          16|          16|
    |acc_8_V_fu_2905_p2        |     +    |      0|  0|  23|          16|          16|
    |acc_9_V_fu_2915_p2        |     +    |      0|  0|  23|          16|          16|
    |w_index_fu_1885_p2        |     +    |      0|  0|  15|           1|           6|
    |ap_condition_477          |    and   |      0|  0|   2|           1|           1|
    |icmp_ln64_fu_1891_p2      |   icmp   |      0|  0|  11|           6|           2|
    |ap_block_state1           |    or    |      0|  0|   2|           1|           1|
    |ap_enable_pp0             |    xor   |      0|  0|   2|           1|           2|
    +--------------------------+----------+-------+---+----+------------+------------+
    |Total                     |          |      0|  0|1824|         746|         748|
    +--------------------------+----------+-------+---+----+------------+------------+

    * Multiplexer: 
    +-------------------------------------+----+-----------+-----+-----------+
    |                 Name                | LUT| Input Size| Bits| Total Bits|
    +-------------------------------------+----+-----------+-----+-----------+
    |acc_V_0_067_reg_1042                 |   9|          2|   16|         32|
    |acc_V_10_047_reg_1182                |   9|          2|   16|         32|
    |acc_V_11_045_reg_1196                |   9|          2|   16|         32|
    |acc_V_12_043_reg_1210                |   9|          2|   16|         32|
    |acc_V_13_041_reg_1224                |   9|          2|   16|         32|
    |acc_V_14_039_reg_1238                |   9|          2|   16|         32|
    |acc_V_15_037_reg_1252                |   9|          2|   16|         32|
    |acc_V_16_035_reg_1266                |   9|          2|   16|         32|
    |acc_V_17_033_reg_1280                |   9|          2|   16|         32|
    |acc_V_18_031_reg_1294                |   9|          2|   16|         32|
    |acc_V_19_029_reg_1308                |   9|          2|   16|         32|
    |acc_V_1_065_reg_1056                 |   9|          2|   16|         32|
    |acc_V_20_027_reg_1322                |   9|          2|   16|         32|
    |acc_V_21_025_reg_1336                |   9|          2|   16|         32|
    |acc_V_22_023_reg_1350                |   9|          2|   16|         32|
    |acc_V_23_021_reg_1364                |   9|          2|   16|         32|
    |acc_V_24_019_reg_1378                |   9|          2|   16|         32|
    |acc_V_25_017_reg_1392                |   9|          2|   16|         32|
    |acc_V_26_015_reg_1406                |   9|          2|   16|         32|
    |acc_V_27_013_reg_1420                |   9|          2|   16|         32|
    |acc_V_28_011_reg_1434                |   9|          2|   16|         32|
    |acc_V_29_09_reg_1448                 |   9|          2|   16|         32|
    |acc_V_2_063_reg_1070                 |   9|          2|   16|         32|
    |acc_V_30_07_reg_1462                 |   9|          2|   16|         32|
    |acc_V_31_05_reg_1476                 |   9|          2|   16|         32|
    |acc_V_3_061_reg_1084                 |   9|          2|   16|         32|
    |acc_V_4_059_reg_1098                 |   9|          2|   16|         32|
    |acc_V_5_057_reg_1112                 |   9|          2|   16|         32|
    |acc_V_6_055_reg_1126                 |   9|          2|   16|         32|
    |acc_V_7_053_reg_1140                 |   9|          2|   16|         32|
    |acc_V_8_051_reg_1154                 |   9|          2|   16|         32|
    |acc_V_9_049_reg_1168                 |   9|          2|   16|         32|
    |ap_NS_fsm                            |  15|          3|    1|          3|
    |ap_done                              |   9|          2|    1|          2|
    |ap_enable_reg_pp0_iter1              |   9|          2|    1|          2|
    |ap_enable_reg_pp0_iter3              |   9|          2|    1|          2|
    |ap_phi_mux_w_index69_phi_fu_1032_p6  |  15|          3|    6|         18|
    |w_index69_reg_1028                   |   9|          2|    6|         12|
    +-------------------------------------+----+-----------+-----+-----------+
    |Total                                | 354|         78|  528|       1063|
    +-------------------------------------+----+-----------+-----+-----------+

    * Register: 
    +------------------------------+----+----+-----+-----------+
    |             Name             | FF | LUT| Bits| Const Bits|
    +------------------------------+----+----+-----+-----------+
    |acc_V_0_067_reg_1042          |  16|   0|   16|          0|
    |acc_V_10_047_reg_1182         |  16|   0|   16|          0|
    |acc_V_11_045_reg_1196         |  16|   0|   16|          0|
    |acc_V_12_043_reg_1210         |  16|   0|   16|          0|
    |acc_V_13_041_reg_1224         |  16|   0|   16|          0|
    |acc_V_14_039_reg_1238         |  16|   0|   16|          0|
    |acc_V_15_037_reg_1252         |  16|   0|   16|          0|
    |acc_V_16_035_reg_1266         |  16|   0|   16|          0|
    |acc_V_17_033_reg_1280         |  16|   0|   16|          0|
    |acc_V_18_031_reg_1294         |  16|   0|   16|          0|
    |acc_V_19_029_reg_1308         |  16|   0|   16|          0|
    |acc_V_1_065_reg_1056          |  16|   0|   16|          0|
    |acc_V_20_027_reg_1322         |  16|   0|   16|          0|
    |acc_V_21_025_reg_1336         |  16|   0|   16|          0|
    |acc_V_22_023_reg_1350         |  16|   0|   16|          0|
    |acc_V_23_021_reg_1364         |  16|   0|   16|          0|
    |acc_V_24_019_reg_1378         |  16|   0|   16|          0|
    |acc_V_25_017_reg_1392         |  16|   0|   16|          0|
    |acc_V_26_015_reg_1406         |  16|   0|   16|          0|
    |acc_V_27_013_reg_1420         |  16|   0|   16|          0|
    |acc_V_28_011_reg_1434         |  16|   0|   16|          0|
    |acc_V_29_09_reg_1448          |  16|   0|   16|          0|
    |acc_V_2_063_reg_1070          |  16|   0|   16|          0|
    |acc_V_30_07_reg_1462          |  16|   0|   16|          0|
    |acc_V_31_05_reg_1476          |  16|   0|   16|          0|
    |acc_V_3_061_reg_1084          |  16|   0|   16|          0|
    |acc_V_4_059_reg_1098          |  16|   0|   16|          0|
    |acc_V_5_057_reg_1112          |  16|   0|   16|          0|
    |acc_V_6_055_reg_1126          |  16|   0|   16|          0|
    |acc_V_7_053_reg_1140          |  16|   0|   16|          0|
    |acc_V_8_051_reg_1154          |  16|   0|   16|          0|
    |acc_V_9_049_reg_1168          |  16|   0|   16|          0|
    |ap_CS_fsm                     |   2|   0|    2|          0|
    |ap_done_reg                   |   1|   0|    1|          0|
    |ap_enable_reg_pp0_iter1       |   1|   0|    1|          0|
    |ap_enable_reg_pp0_iter2       |   1|   0|    1|          0|
    |ap_enable_reg_pp0_iter3       |   1|   0|    1|          0|
    |icmp_ln64_reg_3159            |   1|   0|    1|          0|
    |tmp_10_reg_3213               |   7|   0|    7|          0|
    |tmp_11_reg_3218               |   7|   0|    7|          0|
    |tmp_12_reg_3223               |   7|   0|    7|          0|
    |tmp_13_reg_3228               |   7|   0|    7|          0|
    |tmp_14_reg_3233               |   7|   0|    7|          0|
    |tmp_15_reg_3238               |   7|   0|    7|          0|
    |tmp_16_reg_3243               |   7|   0|    7|          0|
    |tmp_17_reg_3248               |   7|   0|    7|          0|
    |tmp_18_reg_3253               |   7|   0|    7|          0|
    |tmp_19_reg_3258               |   7|   0|    7|          0|
    |tmp_1_reg_3188                |   7|   0|    7|          0|
    |tmp_20_reg_3263               |   7|   0|    7|          0|
    |tmp_21_reg_3268               |   7|   0|    7|          0|
    |tmp_22_reg_3273               |   7|   0|    7|          0|
    |tmp_23_reg_3278               |   7|   0|    7|          0|
    |tmp_24_reg_3283               |   7|   0|    7|          0|
    |tmp_25_reg_3288               |   7|   0|    7|          0|
    |tmp_26_reg_3293               |   7|   0|    7|          0|
    |tmp_27_reg_3298               |   7|   0|    7|          0|
    |tmp_28_reg_3303               |   7|   0|    7|          0|
    |tmp_29_reg_3308               |   7|   0|    7|          0|
    |tmp_2_reg_3193                |   7|   0|    7|          0|
    |tmp_30_reg_3313               |   7|   0|    7|          0|
    |tmp_31_reg_3318               |   7|   0|    7|          0|
    |tmp_3_reg_3198                |   7|   0|    7|          0|
    |tmp_4_reg_3203                |   7|   0|    7|          0|
    |tmp_5_reg_3208                |   7|   0|    7|          0|
    |tmp_6_reg_3144                |   7|   0|    7|          0|
    |tmp_6_reg_3144_pp0_iter1_reg  |   7|   0|    7|          0|
    |tmp_7_reg_3168                |   7|   0|    7|          0|
    |tmp_8_reg_3173                |   7|   0|    7|          0|
    |tmp_9_reg_3178                |   7|   0|    7|          0|
    |tmp_s_reg_3183                |   7|   0|    7|          0|
    |trunc_ln5_reg_3323            |  12|   0|   12|          0|
    |trunc_ln708_110_reg_3333      |  12|   0|   12|          0|
    |trunc_ln708_111_reg_3338      |  12|   0|   12|          0|
    |trunc_ln708_112_reg_3343      |  12|   0|   12|          0|
    |trunc_ln708_113_reg_3348      |  12|   0|   12|          0|
    |trunc_ln708_114_reg_3353      |  12|   0|   12|          0|
    |trunc_ln708_115_reg_3358      |  12|   0|   12|          0|
    |trunc_ln708_116_reg_3363      |  12|   0|   12|          0|
    |trunc_ln708_117_reg_3368      |  12|   0|   12|          0|
    |trunc_ln708_118_reg_3373      |  12|   0|   12|          0|
    |trunc_ln708_119_reg_3378      |  12|   0|   12|          0|
    |trunc_ln708_120_reg_3383      |  12|   0|   12|          0|
    |trunc_ln708_121_reg_3388      |  12|   0|   12|          0|
    |trunc_ln708_122_reg_3393      |  12|   0|   12|          0|
    |trunc_ln708_123_reg_3398      |  12|   0|   12|          0|
    |trunc_ln708_124_reg_3403      |  12|   0|   12|          0|
    |trunc_ln708_125_reg_3408      |  12|   0|   12|          0|
    |trunc_ln708_126_reg_3413      |  12|   0|   12|          0|
    |trunc_ln708_127_reg_3418      |  12|   0|   12|          0|
    |trunc_ln708_128_reg_3423      |  12|   0|   12|          0|
    |trunc_ln708_129_reg_3428      |  12|   0|   12|          0|
    |trunc_ln708_130_reg_3433      |  12|   0|   12|          0|
    |trunc_ln708_131_reg_3438      |  12|   0|   12|          0|
    |trunc_ln708_132_reg_3443      |  12|   0|   12|          0|
    |trunc_ln708_133_reg_3448      |  12|   0|   12|          0|
    |trunc_ln708_134_reg_3453      |  12|   0|   12|          0|
    |trunc_ln708_135_reg_3458      |  12|   0|   12|          0|
    |trunc_ln708_136_reg_3463      |  12|   0|   12|          0|
    |trunc_ln708_137_reg_3468      |  12|   0|   12|          0|
    |trunc_ln708_138_reg_3473      |  12|   0|   12|          0|
    |trunc_ln708_139_reg_3478      |  12|   0|   12|          0|
    |trunc_ln708_s_reg_3328        |  12|   0|   12|          0|
    |trunc_ln76_reg_3163           |   7|   0|    7|          0|
    |w_index69_reg_1028            |   6|   0|    6|          0|
    |w_index_reg_3154              |   6|   0|    6|          0|
    |icmp_ln64_reg_3159            |  64|  32|    1|          0|
    +------------------------------+----+----+-----+-----------+
    |Total                         |1217|  32| 1154|          0|
    +------------------------------+----+----+-----+-----------+



================================================================
== Interface
================================================================
* Summary: 
+-----------------+-----+-----+------------+------------------+--------------+
|    RTL Ports    | Dir | Bits|  Protocol  |   Source Object  |    C Type    |
+-----------------+-----+-----+------------+------------------+--------------+
|ap_clk           |  in |    1| ap_ctrl_hs | dense_resource.1 | return value |
|ap_rst           |  in |    1| ap_ctrl_hs | dense_resource.1 | return value |
|ap_start         |  in |    1| ap_ctrl_hs | dense_resource.1 | return value |
|ap_done          | out |    1| ap_ctrl_hs | dense_resource.1 | return value |
|ap_continue      |  in |    1| ap_ctrl_hs | dense_resource.1 | return value |
|ap_idle          | out |    1| ap_ctrl_hs | dense_resource.1 | return value |
|ap_ready         | out |    1| ap_ctrl_hs | dense_resource.1 | return value |
|data_0_V         |  in |    6|   ap_none  |     data_0_V     |    pointer   |
|data_1_V         |  in |    6|   ap_none  |     data_1_V     |    pointer   |
|data_2_V         |  in |    6|   ap_none  |     data_2_V     |    pointer   |
|data_3_V         |  in |    6|   ap_none  |     data_3_V     |    pointer   |
|data_4_V         |  in |    6|   ap_none  |     data_4_V     |    pointer   |
|data_5_V         |  in |    6|   ap_none  |     data_5_V     |    pointer   |
|data_6_V         |  in |    6|   ap_none  |     data_6_V     |    pointer   |
|data_7_V         |  in |    6|   ap_none  |     data_7_V     |    pointer   |
|data_8_V         |  in |    6|   ap_none  |     data_8_V     |    pointer   |
|data_9_V         |  in |    6|   ap_none  |     data_9_V     |    pointer   |
|data_10_V        |  in |    6|   ap_none  |     data_10_V    |    pointer   |
|data_11_V        |  in |    6|   ap_none  |     data_11_V    |    pointer   |
|data_12_V        |  in |    6|   ap_none  |     data_12_V    |    pointer   |
|data_13_V        |  in |    6|   ap_none  |     data_13_V    |    pointer   |
|data_14_V        |  in |    6|   ap_none  |     data_14_V    |    pointer   |
|data_15_V        |  in |    6|   ap_none  |     data_15_V    |    pointer   |
|data_16_V        |  in |    6|   ap_none  |     data_16_V    |    pointer   |
|data_17_V        |  in |    6|   ap_none  |     data_17_V    |    pointer   |
|data_18_V        |  in |    6|   ap_none  |     data_18_V    |    pointer   |
|data_19_V        |  in |    6|   ap_none  |     data_19_V    |    pointer   |
|data_20_V        |  in |    6|   ap_none  |     data_20_V    |    pointer   |
|data_21_V        |  in |    6|   ap_none  |     data_21_V    |    pointer   |
|data_22_V        |  in |    6|   ap_none  |     data_22_V    |    pointer   |
|data_23_V        |  in |    6|   ap_none  |     data_23_V    |    pointer   |
|data_24_V        |  in |    6|   ap_none  |     data_24_V    |    pointer   |
|data_25_V        |  in |    6|   ap_none  |     data_25_V    |    pointer   |
|data_26_V        |  in |    6|   ap_none  |     data_26_V    |    pointer   |
|data_27_V        |  in |    6|   ap_none  |     data_27_V    |    pointer   |
|data_28_V        |  in |    6|   ap_none  |     data_28_V    |    pointer   |
|data_29_V        |  in |    6|   ap_none  |     data_29_V    |    pointer   |
|data_30_V        |  in |    6|   ap_none  |     data_30_V    |    pointer   |
|data_31_V        |  in |    6|   ap_none  |     data_31_V    |    pointer   |
|data_32_V        |  in |    6|   ap_none  |     data_32_V    |    pointer   |
|data_33_V        |  in |    6|   ap_none  |     data_33_V    |    pointer   |
|data_34_V        |  in |    6|   ap_none  |     data_34_V    |    pointer   |
|data_35_V        |  in |    6|   ap_none  |     data_35_V    |    pointer   |
|data_36_V        |  in |    6|   ap_none  |     data_36_V    |    pointer   |
|data_37_V        |  in |    6|   ap_none  |     data_37_V    |    pointer   |
|data_38_V        |  in |    6|   ap_none  |     data_38_V    |    pointer   |
|data_39_V        |  in |    6|   ap_none  |     data_39_V    |    pointer   |
|data_40_V        |  in |    6|   ap_none  |     data_40_V    |    pointer   |
|data_41_V        |  in |    6|   ap_none  |     data_41_V    |    pointer   |
|data_42_V        |  in |    6|   ap_none  |     data_42_V    |    pointer   |
|data_43_V        |  in |    6|   ap_none  |     data_43_V    |    pointer   |
|data_44_V        |  in |    6|   ap_none  |     data_44_V    |    pointer   |
|data_45_V        |  in |    6|   ap_none  |     data_45_V    |    pointer   |
|data_46_V        |  in |    6|   ap_none  |     data_46_V    |    pointer   |
|data_47_V        |  in |    6|   ap_none  |     data_47_V    |    pointer   |
|data_48_V        |  in |    6|   ap_none  |     data_48_V    |    pointer   |
|data_49_V        |  in |    6|   ap_none  |     data_49_V    |    pointer   |
|data_50_V        |  in |    6|   ap_none  |     data_50_V    |    pointer   |
|data_51_V        |  in |    6|   ap_none  |     data_51_V    |    pointer   |
|data_52_V        |  in |    6|   ap_none  |     data_52_V    |    pointer   |
|data_53_V        |  in |    6|   ap_none  |     data_53_V    |    pointer   |
|data_54_V        |  in |    6|   ap_none  |     data_54_V    |    pointer   |
|data_55_V        |  in |    6|   ap_none  |     data_55_V    |    pointer   |
|data_56_V        |  in |    6|   ap_none  |     data_56_V    |    pointer   |
|data_57_V        |  in |    6|   ap_none  |     data_57_V    |    pointer   |
|data_58_V        |  in |    6|   ap_none  |     data_58_V    |    pointer   |
|data_59_V        |  in |    6|   ap_none  |     data_59_V    |    pointer   |
|data_60_V        |  in |    6|   ap_none  |     data_60_V    |    pointer   |
|data_61_V        |  in |    6|   ap_none  |     data_61_V    |    pointer   |
|data_62_V        |  in |    6|   ap_none  |     data_62_V    |    pointer   |
|data_63_V        |  in |    6|   ap_none  |     data_63_V    |    pointer   |
|res_0_V          | out |   16|   ap_vld   |      res_0_V     |    pointer   |
|res_0_V_ap_vld   | out |    1|   ap_vld   |      res_0_V     |    pointer   |
|res_1_V          | out |   16|   ap_vld   |      res_1_V     |    pointer   |
|res_1_V_ap_vld   | out |    1|   ap_vld   |      res_1_V     |    pointer   |
|res_2_V          | out |   16|   ap_vld   |      res_2_V     |    pointer   |
|res_2_V_ap_vld   | out |    1|   ap_vld   |      res_2_V     |    pointer   |
|res_3_V          | out |   16|   ap_vld   |      res_3_V     |    pointer   |
|res_3_V_ap_vld   | out |    1|   ap_vld   |      res_3_V     |    pointer   |
|res_4_V          | out |   16|   ap_vld   |      res_4_V     |    pointer   |
|res_4_V_ap_vld   | out |    1|   ap_vld   |      res_4_V     |    pointer   |
|res_5_V          | out |   16|   ap_vld   |      res_5_V     |    pointer   |
|res_5_V_ap_vld   | out |    1|   ap_vld   |      res_5_V     |    pointer   |
|res_6_V          | out |   16|   ap_vld   |      res_6_V     |    pointer   |
|res_6_V_ap_vld   | out |    1|   ap_vld   |      res_6_V     |    pointer   |
|res_7_V          | out |   16|   ap_vld   |      res_7_V     |    pointer   |
|res_7_V_ap_vld   | out |    1|   ap_vld   |      res_7_V     |    pointer   |
|res_8_V          | out |   16|   ap_vld   |      res_8_V     |    pointer   |
|res_8_V_ap_vld   | out |    1|   ap_vld   |      res_8_V     |    pointer   |
|res_9_V          | out |   16|   ap_vld   |      res_9_V     |    pointer   |
|res_9_V_ap_vld   | out |    1|   ap_vld   |      res_9_V     |    pointer   |
|res_10_V         | out |   16|   ap_vld   |     res_10_V     |    pointer   |
|res_10_V_ap_vld  | out |    1|   ap_vld   |     res_10_V     |    pointer   |
|res_11_V         | out |   16|   ap_vld   |     res_11_V     |    pointer   |
|res_11_V_ap_vld  | out |    1|   ap_vld   |     res_11_V     |    pointer   |
|res_12_V         | out |   16|   ap_vld   |     res_12_V     |    pointer   |
|res_12_V_ap_vld  | out |    1|   ap_vld   |     res_12_V     |    pointer   |
|res_13_V         | out |   16|   ap_vld   |     res_13_V     |    pointer   |
|res_13_V_ap_vld  | out |    1|   ap_vld   |     res_13_V     |    pointer   |
|res_14_V         | out |   16|   ap_vld   |     res_14_V     |    pointer   |
|res_14_V_ap_vld  | out |    1|   ap_vld   |     res_14_V     |    pointer   |
|res_15_V         | out |   16|   ap_vld   |     res_15_V     |    pointer   |
|res_15_V_ap_vld  | out |    1|   ap_vld   |     res_15_V     |    pointer   |
|res_16_V         | out |   16|   ap_vld   |     res_16_V     |    pointer   |
|res_16_V_ap_vld  | out |    1|   ap_vld   |     res_16_V     |    pointer   |
|res_17_V         | out |   16|   ap_vld   |     res_17_V     |    pointer   |
|res_17_V_ap_vld  | out |    1|   ap_vld   |     res_17_V     |    pointer   |
|res_18_V         | out |   16|   ap_vld   |     res_18_V     |    pointer   |
|res_18_V_ap_vld  | out |    1|   ap_vld   |     res_18_V     |    pointer   |
|res_19_V         | out |   16|   ap_vld   |     res_19_V     |    pointer   |
|res_19_V_ap_vld  | out |    1|   ap_vld   |     res_19_V     |    pointer   |
|res_20_V         | out |   16|   ap_vld   |     res_20_V     |    pointer   |
|res_20_V_ap_vld  | out |    1|   ap_vld   |     res_20_V     |    pointer   |
|res_21_V         | out |   16|   ap_vld   |     res_21_V     |    pointer   |
|res_21_V_ap_vld  | out |    1|   ap_vld   |     res_21_V     |    pointer   |
|res_22_V         | out |   16|   ap_vld   |     res_22_V     |    pointer   |
|res_22_V_ap_vld  | out |    1|   ap_vld   |     res_22_V     |    pointer   |
|res_23_V         | out |   16|   ap_vld   |     res_23_V     |    pointer   |
|res_23_V_ap_vld  | out |    1|   ap_vld   |     res_23_V     |    pointer   |
|res_24_V         | out |   16|   ap_vld   |     res_24_V     |    pointer   |
|res_24_V_ap_vld  | out |    1|   ap_vld   |     res_24_V     |    pointer   |
|res_25_V         | out |   16|   ap_vld   |     res_25_V     |    pointer   |
|res_25_V_ap_vld  | out |    1|   ap_vld   |     res_25_V     |    pointer   |
|res_26_V         | out |   16|   ap_vld   |     res_26_V     |    pointer   |
|res_26_V_ap_vld  | out |    1|   ap_vld   |     res_26_V     |    pointer   |
|res_27_V         | out |   16|   ap_vld   |     res_27_V     |    pointer   |
|res_27_V_ap_vld  | out |    1|   ap_vld   |     res_27_V     |    pointer   |
|res_28_V         | out |   16|   ap_vld   |     res_28_V     |    pointer   |
|res_28_V_ap_vld  | out |    1|   ap_vld   |     res_28_V     |    pointer   |
|res_29_V         | out |   16|   ap_vld   |     res_29_V     |    pointer   |
|res_29_V_ap_vld  | out |    1|   ap_vld   |     res_29_V     |    pointer   |
|res_30_V         | out |   16|   ap_vld   |     res_30_V     |    pointer   |
|res_30_V_ap_vld  | out |    1|   ap_vld   |     res_30_V     |    pointer   |
|res_31_V         | out |   16|   ap_vld   |     res_31_V     |    pointer   |
|res_31_V_ap_vld  | out |    1|   ap_vld   |     res_31_V     |    pointer   |
+-----------------+-----+-----+------------+------------------+--------------+

