

================================================================
== Vivado HLS Report for 'relu'
================================================================
* Date:           Tue Mar 23 18:08:22 2021

* Version:        2019.2 (Build 2704478 on Wed Nov 06 22:10:23 MST 2019)
* Project:        myproject_prj
* Solution:       solution1
* Product family: zynq
* Target device:  xc7z020-clg400-1


================================================================
== Performance Estimates
================================================================
+ Timing: 
    * Summary: 
    +--------+---------+----------+------------+
    |  Clock |  Target | Estimated| Uncertainty|
    +--------+---------+----------+------------+
    |ap_clk  | 5.00 ns | 4.246 ns |   0.62 ns  |
    +--------+---------+----------+------------+

+ Latency: 
    * Summary: 
    +---------+---------+----------+----------+-----+-----+----------+
    |  Latency (cycles) |  Latency (absolute) |  Interval | Pipeline |
    |   min   |   max   |    min   |    max   | min | max |   Type   |
    +---------+---------+----------+----------+-----+-----+----------+
    |        0|        0|   0 ns   |   0 ns   |    1|    1| function |
    +---------+---------+----------+----------+-----+-----+----------+

    + Detail: 
        * Instance: 
        N/A

        * Loop: 
        N/A



================================================================
== Utilization Estimates
================================================================
* Summary: 
+-----------------+---------+-------+--------+-------+-----+
|       Name      | BRAM_18K| DSP48E|   FF   |  LUT  | URAM|
+-----------------+---------+-------+--------+-------+-----+
|DSP              |        -|      -|       -|      -|    -|
|Expression       |        -|      -|       0|   2786|    -|
|FIFO             |        -|      -|       -|      -|    -|
|Instance         |        -|      -|       -|      -|    -|
|Memory           |        -|      -|       -|      -|    -|
|Multiplexer      |        -|      -|       -|    297|    -|
|Register         |        -|      -|     194|      -|    -|
+-----------------+---------+-------+--------+-------+-----+
|Total            |        0|      0|     194|   3083|    0|
+-----------------+---------+-------+--------+-------+-----+
|Available        |      280|    220|  106400|  53200|    0|
+-----------------+---------+-------+--------+-------+-----+
|Utilization (%)  |        0|      0|   ~0   |      5|    0|
+-----------------+---------+-------+--------+-------+-----+

+ Detail: 
    * Instance: 
    N/A

    * DSP48E: 
    N/A

    * Memory: 
    N/A

    * FIFO: 
    N/A

    * Expression: 
    +-----------------------------+----------+-------+---+----+------------+------------+
    |        Variable Name        | Operation| DSP48E| FF| LUT| Bitwidth P0| Bitwidth P1|
    +-----------------------------+----------+-------+---+----+------------+------------+
    |add_ln415_10_fu_2142_p2      |     +    |      0|  0|  15|           7|           7|
    |add_ln415_11_fu_2291_p2      |     +    |      0|  0|  15|           7|           7|
    |add_ln415_12_fu_2440_p2      |     +    |      0|  0|  15|           7|           7|
    |add_ln415_13_fu_2589_p2      |     +    |      0|  0|  15|           7|           7|
    |add_ln415_14_fu_2738_p2      |     +    |      0|  0|  15|           7|           7|
    |add_ln415_15_fu_2887_p2      |     +    |      0|  0|  15|           7|           7|
    |add_ln415_16_fu_3036_p2      |     +    |      0|  0|  15|           7|           7|
    |add_ln415_17_fu_3185_p2      |     +    |      0|  0|  15|           7|           7|
    |add_ln415_18_fu_3334_p2      |     +    |      0|  0|  15|           7|           7|
    |add_ln415_19_fu_3483_p2      |     +    |      0|  0|  15|           7|           7|
    |add_ln415_1_fu_801_p2        |     +    |      0|  0|  15|           7|           7|
    |add_ln415_20_fu_3632_p2      |     +    |      0|  0|  15|           7|           7|
    |add_ln415_21_fu_3781_p2      |     +    |      0|  0|  15|           7|           7|
    |add_ln415_22_fu_3930_p2      |     +    |      0|  0|  15|           7|           7|
    |add_ln415_23_fu_4079_p2      |     +    |      0|  0|  15|           7|           7|
    |add_ln415_24_fu_4228_p2      |     +    |      0|  0|  15|           7|           7|
    |add_ln415_25_fu_4377_p2      |     +    |      0|  0|  15|           7|           7|
    |add_ln415_26_fu_4526_p2      |     +    |      0|  0|  15|           7|           7|
    |add_ln415_27_fu_4675_p2      |     +    |      0|  0|  15|           7|           7|
    |add_ln415_28_fu_4824_p2      |     +    |      0|  0|  15|           7|           7|
    |add_ln415_29_fu_4973_p2      |     +    |      0|  0|  15|           7|           7|
    |add_ln415_2_fu_950_p2        |     +    |      0|  0|  15|           7|           7|
    |add_ln415_30_fu_5122_p2      |     +    |      0|  0|  15|           7|           7|
    |add_ln415_31_fu_5271_p2      |     +    |      0|  0|  15|           7|           7|
    |add_ln415_3_fu_1099_p2       |     +    |      0|  0|  15|           7|           7|
    |add_ln415_4_fu_1248_p2       |     +    |      0|  0|  15|           7|           7|
    |add_ln415_5_fu_1397_p2       |     +    |      0|  0|  15|           7|           7|
    |add_ln415_6_fu_1546_p2       |     +    |      0|  0|  15|           7|           7|
    |add_ln415_7_fu_1695_p2       |     +    |      0|  0|  15|           7|           7|
    |add_ln415_8_fu_1844_p2       |     +    |      0|  0|  15|           7|           7|
    |add_ln415_9_fu_1993_p2       |     +    |      0|  0|  15|           7|           7|
    |add_ln415_fu_652_p2          |     +    |      0|  0|  15|           7|           7|
    |add_ln416_10_fu_2148_p2      |     +    |      0|  0|  15|           6|           6|
    |add_ln416_11_fu_2297_p2      |     +    |      0|  0|  15|           6|           6|
    |add_ln416_12_fu_2446_p2      |     +    |      0|  0|  15|           6|           6|
    |add_ln416_13_fu_2595_p2      |     +    |      0|  0|  15|           6|           6|
    |add_ln416_14_fu_2744_p2      |     +    |      0|  0|  15|           6|           6|
    |add_ln416_15_fu_2893_p2      |     +    |      0|  0|  15|           6|           6|
    |add_ln416_16_fu_3042_p2      |     +    |      0|  0|  15|           6|           6|
    |add_ln416_17_fu_3191_p2      |     +    |      0|  0|  15|           6|           6|
    |add_ln416_18_fu_3340_p2      |     +    |      0|  0|  15|           6|           6|
    |add_ln416_19_fu_3489_p2      |     +    |      0|  0|  15|           6|           6|
    |add_ln416_1_fu_807_p2        |     +    |      0|  0|  15|           6|           6|
    |add_ln416_20_fu_3638_p2      |     +    |      0|  0|  15|           6|           6|
    |add_ln416_21_fu_3787_p2      |     +    |      0|  0|  15|           6|           6|
    |add_ln416_22_fu_3936_p2      |     +    |      0|  0|  15|           6|           6|
    |add_ln416_23_fu_4085_p2      |     +    |      0|  0|  15|           6|           6|
    |add_ln416_24_fu_4234_p2      |     +    |      0|  0|  15|           6|           6|
    |add_ln416_25_fu_4383_p2      |     +    |      0|  0|  15|           6|           6|
    |add_ln416_26_fu_4532_p2      |     +    |      0|  0|  15|           6|           6|
    |add_ln416_27_fu_4681_p2      |     +    |      0|  0|  15|           6|           6|
    |add_ln416_28_fu_4830_p2      |     +    |      0|  0|  15|           6|           6|
    |add_ln416_29_fu_4979_p2      |     +    |      0|  0|  15|           6|           6|
    |add_ln416_2_fu_956_p2        |     +    |      0|  0|  15|           6|           6|
    |add_ln416_30_fu_5128_p2      |     +    |      0|  0|  15|           6|           6|
    |add_ln416_31_fu_5277_p2      |     +    |      0|  0|  15|           6|           6|
    |add_ln416_3_fu_1105_p2       |     +    |      0|  0|  15|           6|           6|
    |add_ln416_4_fu_1254_p2       |     +    |      0|  0|  15|           6|           6|
    |add_ln416_5_fu_1403_p2       |     +    |      0|  0|  15|           6|           6|
    |add_ln416_6_fu_1552_p2       |     +    |      0|  0|  15|           6|           6|
    |add_ln416_7_fu_1701_p2       |     +    |      0|  0|  15|           6|           6|
    |add_ln416_8_fu_1850_p2       |     +    |      0|  0|  15|           6|           6|
    |add_ln416_9_fu_1999_p2       |     +    |      0|  0|  15|           6|           6|
    |add_ln416_fu_658_p2          |     +    |      0|  0|  15|           6|           6|
    |and_ln416_10_fu_2168_p2      |    and   |      0|  0|   2|           1|           1|
    |and_ln416_11_fu_2317_p2      |    and   |      0|  0|   2|           1|           1|
    |and_ln416_12_fu_2466_p2      |    and   |      0|  0|   2|           1|           1|
    |and_ln416_13_fu_2615_p2      |    and   |      0|  0|   2|           1|           1|
    |and_ln416_14_fu_2764_p2      |    and   |      0|  0|   2|           1|           1|
    |and_ln416_15_fu_2913_p2      |    and   |      0|  0|   2|           1|           1|
    |and_ln416_16_fu_3062_p2      |    and   |      0|  0|   2|           1|           1|
    |and_ln416_17_fu_3211_p2      |    and   |      0|  0|   2|           1|           1|
    |and_ln416_18_fu_3360_p2      |    and   |      0|  0|   2|           1|           1|
    |and_ln416_19_fu_3509_p2      |    and   |      0|  0|   2|           1|           1|
    |and_ln416_1_fu_827_p2        |    and   |      0|  0|   2|           1|           1|
    |and_ln416_20_fu_3658_p2      |    and   |      0|  0|   2|           1|           1|
    |and_ln416_21_fu_3807_p2      |    and   |      0|  0|   2|           1|           1|
    |and_ln416_22_fu_3956_p2      |    and   |      0|  0|   2|           1|           1|
    |and_ln416_23_fu_4105_p2      |    and   |      0|  0|   2|           1|           1|
    |and_ln416_24_fu_4254_p2      |    and   |      0|  0|   2|           1|           1|
    |and_ln416_25_fu_4403_p2      |    and   |      0|  0|   2|           1|           1|
    |and_ln416_26_fu_4552_p2      |    and   |      0|  0|   2|           1|           1|
    |and_ln416_27_fu_4701_p2      |    and   |      0|  0|   2|           1|           1|
    |and_ln416_28_fu_4850_p2      |    and   |      0|  0|   2|           1|           1|
    |and_ln416_29_fu_4999_p2      |    and   |      0|  0|   2|           1|           1|
    |and_ln416_2_fu_976_p2        |    and   |      0|  0|   2|           1|           1|
    |and_ln416_30_fu_5148_p2      |    and   |      0|  0|   2|           1|           1|
    |and_ln416_31_fu_5297_p2      |    and   |      0|  0|   2|           1|           1|
    |and_ln416_3_fu_1125_p2       |    and   |      0|  0|   2|           1|           1|
    |and_ln416_4_fu_1274_p2       |    and   |      0|  0|   2|           1|           1|
    |and_ln416_5_fu_1423_p2       |    and   |      0|  0|   2|           1|           1|
    |and_ln416_6_fu_1572_p2       |    and   |      0|  0|   2|           1|           1|
    |and_ln416_7_fu_1721_p2       |    and   |      0|  0|   2|           1|           1|
    |and_ln416_8_fu_1870_p2       |    and   |      0|  0|   2|           1|           1|
    |and_ln416_9_fu_2019_p2       |    and   |      0|  0|   2|           1|           1|
    |and_ln416_fu_678_p2          |    and   |      0|  0|   2|           1|           1|
    |icmp_ln1494_10_fu_2092_p2    |   icmp   |      0|  0|  13|          16|           1|
    |icmp_ln1494_11_fu_2241_p2    |   icmp   |      0|  0|  13|          16|           1|
    |icmp_ln1494_12_fu_2390_p2    |   icmp   |      0|  0|  13|          16|           1|
    |icmp_ln1494_13_fu_2539_p2    |   icmp   |      0|  0|  13|          16|           1|
    |icmp_ln1494_14_fu_2688_p2    |   icmp   |      0|  0|  13|          16|           1|
    |icmp_ln1494_15_fu_2837_p2    |   icmp   |      0|  0|  13|          16|           1|
    |icmp_ln1494_16_fu_2986_p2    |   icmp   |      0|  0|  13|          16|           1|
    |icmp_ln1494_17_fu_3135_p2    |   icmp   |      0|  0|  13|          16|           1|
    |icmp_ln1494_18_fu_3284_p2    |   icmp   |      0|  0|  13|          16|           1|
    |icmp_ln1494_19_fu_3433_p2    |   icmp   |      0|  0|  13|          16|           1|
    |icmp_ln1494_1_fu_751_p2      |   icmp   |      0|  0|  13|          16|           1|
    |icmp_ln1494_20_fu_3582_p2    |   icmp   |      0|  0|  13|          16|           1|
    |icmp_ln1494_21_fu_3731_p2    |   icmp   |      0|  0|  13|          16|           1|
    |icmp_ln1494_22_fu_3880_p2    |   icmp   |      0|  0|  13|          16|           1|
    |icmp_ln1494_23_fu_4029_p2    |   icmp   |      0|  0|  13|          16|           1|
    |icmp_ln1494_24_fu_4178_p2    |   icmp   |      0|  0|  13|          16|           1|
    |icmp_ln1494_25_fu_4327_p2    |   icmp   |      0|  0|  13|          16|           1|
    |icmp_ln1494_26_fu_4476_p2    |   icmp   |      0|  0|  13|          16|           1|
    |icmp_ln1494_27_fu_4625_p2    |   icmp   |      0|  0|  13|          16|           1|
    |icmp_ln1494_28_fu_4774_p2    |   icmp   |      0|  0|  13|          16|           1|
    |icmp_ln1494_29_fu_4923_p2    |   icmp   |      0|  0|  13|          16|           1|
    |icmp_ln1494_2_fu_900_p2      |   icmp   |      0|  0|  13|          16|           1|
    |icmp_ln1494_30_fu_5072_p2    |   icmp   |      0|  0|  13|          16|           1|
    |icmp_ln1494_31_fu_5221_p2    |   icmp   |      0|  0|  13|          16|           1|
    |icmp_ln1494_3_fu_1049_p2     |   icmp   |      0|  0|  13|          16|           1|
    |icmp_ln1494_4_fu_1198_p2     |   icmp   |      0|  0|  13|          16|           1|
    |icmp_ln1494_5_fu_1347_p2     |   icmp   |      0|  0|  13|          16|           1|
    |icmp_ln1494_6_fu_1496_p2     |   icmp   |      0|  0|  13|          16|           1|
    |icmp_ln1494_7_fu_1645_p2     |   icmp   |      0|  0|  13|          16|           1|
    |icmp_ln1494_8_fu_1794_p2     |   icmp   |      0|  0|  13|          16|           1|
    |icmp_ln1494_9_fu_1943_p2     |   icmp   |      0|  0|  13|          16|           1|
    |icmp_ln1494_fu_602_p2        |   icmp   |      0|  0|  13|          16|           1|
    |icmp_ln768_10_fu_2198_p2     |   icmp   |      0|  0|  11|           5|           1|
    |icmp_ln768_11_fu_2347_p2     |   icmp   |      0|  0|  11|           5|           1|
    |icmp_ln768_12_fu_2496_p2     |   icmp   |      0|  0|  11|           5|           1|
    |icmp_ln768_13_fu_2645_p2     |   icmp   |      0|  0|  11|           5|           1|
    |icmp_ln768_14_fu_2794_p2     |   icmp   |      0|  0|  11|           5|           1|
    |icmp_ln768_15_fu_2943_p2     |   icmp   |      0|  0|  11|           5|           1|
    |icmp_ln768_16_fu_3092_p2     |   icmp   |      0|  0|  11|           5|           1|
    |icmp_ln768_17_fu_3241_p2     |   icmp   |      0|  0|  11|           5|           1|
    |icmp_ln768_18_fu_3390_p2     |   icmp   |      0|  0|  11|           5|           1|
    |icmp_ln768_19_fu_3539_p2     |   icmp   |      0|  0|  11|           5|           1|
    |icmp_ln768_1_fu_857_p2       |   icmp   |      0|  0|  11|           5|           1|
    |icmp_ln768_20_fu_3688_p2     |   icmp   |      0|  0|  11|           5|           1|
    |icmp_ln768_21_fu_3837_p2     |   icmp   |      0|  0|  11|           5|           1|
    |icmp_ln768_22_fu_3986_p2     |   icmp   |      0|  0|  11|           5|           1|
    |icmp_ln768_23_fu_4135_p2     |   icmp   |      0|  0|  11|           5|           1|
    |icmp_ln768_24_fu_4284_p2     |   icmp   |      0|  0|  11|           5|           1|
    |icmp_ln768_25_fu_4433_p2     |   icmp   |      0|  0|  11|           5|           1|
    |icmp_ln768_26_fu_4582_p2     |   icmp   |      0|  0|  11|           5|           1|
    |icmp_ln768_27_fu_4731_p2     |   icmp   |      0|  0|  11|           5|           1|
    |icmp_ln768_28_fu_4880_p2     |   icmp   |      0|  0|  11|           5|           1|
    |icmp_ln768_29_fu_5029_p2     |   icmp   |      0|  0|  11|           5|           1|
    |icmp_ln768_2_fu_1006_p2      |   icmp   |      0|  0|  11|           5|           1|
    |icmp_ln768_30_fu_5178_p2     |   icmp   |      0|  0|  11|           5|           1|
    |icmp_ln768_31_fu_5327_p2     |   icmp   |      0|  0|  11|           5|           1|
    |icmp_ln768_3_fu_1155_p2      |   icmp   |      0|  0|  11|           5|           1|
    |icmp_ln768_4_fu_1304_p2      |   icmp   |      0|  0|  11|           5|           1|
    |icmp_ln768_5_fu_1453_p2      |   icmp   |      0|  0|  11|           5|           1|
    |icmp_ln768_6_fu_1602_p2      |   icmp   |      0|  0|  11|           5|           1|
    |icmp_ln768_7_fu_1751_p2      |   icmp   |      0|  0|  11|           5|           1|
    |icmp_ln768_8_fu_1900_p2      |   icmp   |      0|  0|  11|           5|           1|
    |icmp_ln768_9_fu_2049_p2      |   icmp   |      0|  0|  11|           5|           1|
    |icmp_ln768_fu_708_p2         |   icmp   |      0|  0|  11|           5|           1|
    |icmp_ln879_10_fu_2192_p2     |   icmp   |      0|  0|  11|           5|           2|
    |icmp_ln879_11_fu_2341_p2     |   icmp   |      0|  0|  11|           5|           2|
    |icmp_ln879_12_fu_2490_p2     |   icmp   |      0|  0|  11|           5|           2|
    |icmp_ln879_13_fu_2639_p2     |   icmp   |      0|  0|  11|           5|           2|
    |icmp_ln879_14_fu_2788_p2     |   icmp   |      0|  0|  11|           5|           2|
    |icmp_ln879_15_fu_2937_p2     |   icmp   |      0|  0|  11|           5|           2|
    |icmp_ln879_16_fu_3086_p2     |   icmp   |      0|  0|  11|           5|           2|
    |icmp_ln879_17_fu_3235_p2     |   icmp   |      0|  0|  11|           5|           2|
    |icmp_ln879_18_fu_3384_p2     |   icmp   |      0|  0|  11|           5|           2|
    |icmp_ln879_19_fu_3533_p2     |   icmp   |      0|  0|  11|           5|           2|
    |icmp_ln879_1_fu_851_p2       |   icmp   |      0|  0|  11|           5|           2|
    |icmp_ln879_20_fu_3682_p2     |   icmp   |      0|  0|  11|           5|           2|
    |icmp_ln879_21_fu_3831_p2     |   icmp   |      0|  0|  11|           5|           2|
    |icmp_ln879_22_fu_3980_p2     |   icmp   |      0|  0|  11|           5|           2|
    |icmp_ln879_23_fu_4129_p2     |   icmp   |      0|  0|  11|           5|           2|
    |icmp_ln879_24_fu_4278_p2     |   icmp   |      0|  0|  11|           5|           2|
    |icmp_ln879_25_fu_4427_p2     |   icmp   |      0|  0|  11|           5|           2|
    |icmp_ln879_26_fu_4576_p2     |   icmp   |      0|  0|  11|           5|           2|
    |icmp_ln879_27_fu_4725_p2     |   icmp   |      0|  0|  11|           5|           2|
    |icmp_ln879_28_fu_4874_p2     |   icmp   |      0|  0|  11|           5|           2|
    |icmp_ln879_29_fu_5023_p2     |   icmp   |      0|  0|  11|           5|           2|
    |icmp_ln879_2_fu_1000_p2      |   icmp   |      0|  0|  11|           5|           2|
    |icmp_ln879_30_fu_5172_p2     |   icmp   |      0|  0|  11|           5|           2|
    |icmp_ln879_31_fu_5321_p2     |   icmp   |      0|  0|  11|           5|           2|
    |icmp_ln879_3_fu_1149_p2      |   icmp   |      0|  0|  11|           5|           2|
    |icmp_ln879_4_fu_1298_p2      |   icmp   |      0|  0|  11|           5|           2|
    |icmp_ln879_5_fu_1447_p2      |   icmp   |      0|  0|  11|           5|           2|
    |icmp_ln879_6_fu_1596_p2      |   icmp   |      0|  0|  11|           5|           2|
    |icmp_ln879_7_fu_1745_p2      |   icmp   |      0|  0|  11|           5|           2|
    |icmp_ln879_8_fu_1894_p2      |   icmp   |      0|  0|  11|           5|           2|
    |icmp_ln879_9_fu_2043_p2      |   icmp   |      0|  0|  11|           5|           2|
    |icmp_ln879_fu_702_p2         |   icmp   |      0|  0|  11|           5|           2|
    |ap_block_state1              |    or    |      0|  0|   2|           1|           1|
    |or_ln340_10_fu_2218_p2       |    or    |      0|  0|   2|           1|           1|
    |or_ln340_11_fu_2367_p2       |    or    |      0|  0|   2|           1|           1|
    |or_ln340_12_fu_2516_p2       |    or    |      0|  0|   2|           1|           1|
    |or_ln340_13_fu_2665_p2       |    or    |      0|  0|   2|           1|           1|
    |or_ln340_14_fu_2814_p2       |    or    |      0|  0|   2|           1|           1|
    |or_ln340_15_fu_2963_p2       |    or    |      0|  0|   2|           1|           1|
    |or_ln340_16_fu_3112_p2       |    or    |      0|  0|   2|           1|           1|
    |or_ln340_17_fu_3261_p2       |    or    |      0|  0|   2|           1|           1|
    |or_ln340_18_fu_3410_p2       |    or    |      0|  0|   2|           1|           1|
    |or_ln340_19_fu_3559_p2       |    or    |      0|  0|   2|           1|           1|
    |or_ln340_1_fu_877_p2         |    or    |      0|  0|   2|           1|           1|
    |or_ln340_20_fu_3708_p2       |    or    |      0|  0|   2|           1|           1|
    |or_ln340_21_fu_3857_p2       |    or    |      0|  0|   2|           1|           1|
    |or_ln340_22_fu_4006_p2       |    or    |      0|  0|   2|           1|           1|
    |or_ln340_23_fu_4155_p2       |    or    |      0|  0|   2|           1|           1|
    |or_ln340_24_fu_4304_p2       |    or    |      0|  0|   2|           1|           1|
    |or_ln340_25_fu_4453_p2       |    or    |      0|  0|   2|           1|           1|
    |or_ln340_26_fu_4602_p2       |    or    |      0|  0|   2|           1|           1|
    |or_ln340_27_fu_4751_p2       |    or    |      0|  0|   2|           1|           1|
    |or_ln340_28_fu_4900_p2       |    or    |      0|  0|   2|           1|           1|
    |or_ln340_29_fu_5049_p2       |    or    |      0|  0|   2|           1|           1|
    |or_ln340_2_fu_1026_p2        |    or    |      0|  0|   2|           1|           1|
    |or_ln340_30_fu_5198_p2       |    or    |      0|  0|   2|           1|           1|
    |or_ln340_31_fu_5347_p2       |    or    |      0|  0|   2|           1|           1|
    |or_ln340_3_fu_1175_p2        |    or    |      0|  0|   2|           1|           1|
    |or_ln340_4_fu_1324_p2        |    or    |      0|  0|   2|           1|           1|
    |or_ln340_5_fu_1473_p2        |    or    |      0|  0|   2|           1|           1|
    |or_ln340_6_fu_1622_p2        |    or    |      0|  0|   2|           1|           1|
    |or_ln340_7_fu_1771_p2        |    or    |      0|  0|   2|           1|           1|
    |or_ln340_8_fu_1920_p2        |    or    |      0|  0|   2|           1|           1|
    |or_ln340_9_fu_2069_p2        |    or    |      0|  0|   2|           1|           1|
    |or_ln340_fu_728_p2           |    or    |      0|  0|   2|           1|           1|
    |select_ln1494_10_fu_2232_p3  |  select  |      0|  0|   6|           1|           6|
    |select_ln1494_11_fu_2381_p3  |  select  |      0|  0|   6|           1|           6|
    |select_ln1494_12_fu_2530_p3  |  select  |      0|  0|   6|           1|           6|
    |select_ln1494_13_fu_2679_p3  |  select  |      0|  0|   6|           1|           6|
    |select_ln1494_14_fu_2828_p3  |  select  |      0|  0|   6|           1|           6|
    |select_ln1494_15_fu_2977_p3  |  select  |      0|  0|   6|           1|           6|
    |select_ln1494_16_fu_3126_p3  |  select  |      0|  0|   6|           1|           6|
    |select_ln1494_17_fu_3275_p3  |  select  |      0|  0|   6|           1|           6|
    |select_ln1494_18_fu_3424_p3  |  select  |      0|  0|   6|           1|           6|
    |select_ln1494_19_fu_3573_p3  |  select  |      0|  0|   6|           1|           6|
    |select_ln1494_1_fu_891_p3    |  select  |      0|  0|   6|           1|           6|
    |select_ln1494_20_fu_3722_p3  |  select  |      0|  0|   6|           1|           6|
    |select_ln1494_21_fu_3871_p3  |  select  |      0|  0|   6|           1|           6|
    |select_ln1494_22_fu_4020_p3  |  select  |      0|  0|   6|           1|           6|
    |select_ln1494_23_fu_4169_p3  |  select  |      0|  0|   6|           1|           6|
    |select_ln1494_24_fu_4318_p3  |  select  |      0|  0|   6|           1|           6|
    |select_ln1494_25_fu_4467_p3  |  select  |      0|  0|   6|           1|           6|
    |select_ln1494_26_fu_4616_p3  |  select  |      0|  0|   6|           1|           6|
    |select_ln1494_27_fu_4765_p3  |  select  |      0|  0|   6|           1|           6|
    |select_ln1494_28_fu_4914_p3  |  select  |      0|  0|   6|           1|           6|
    |select_ln1494_29_fu_5063_p3  |  select  |      0|  0|   6|           1|           6|
    |select_ln1494_2_fu_1040_p3   |  select  |      0|  0|   6|           1|           6|
    |select_ln1494_30_fu_5212_p3  |  select  |      0|  0|   6|           1|           6|
    |select_ln1494_31_fu_5361_p3  |  select  |      0|  0|   6|           1|           6|
    |select_ln1494_3_fu_1189_p3   |  select  |      0|  0|   6|           1|           6|
    |select_ln1494_4_fu_1338_p3   |  select  |      0|  0|   6|           1|           6|
    |select_ln1494_5_fu_1487_p3   |  select  |      0|  0|   6|           1|           6|
    |select_ln1494_6_fu_1636_p3   |  select  |      0|  0|   6|           1|           6|
    |select_ln1494_7_fu_1785_p3   |  select  |      0|  0|   6|           1|           6|
    |select_ln1494_8_fu_1934_p3   |  select  |      0|  0|   6|           1|           6|
    |select_ln1494_9_fu_2083_p3   |  select  |      0|  0|   6|           1|           6|
    |select_ln1494_fu_742_p3      |  select  |      0|  0|   6|           1|           6|
    |select_ln340_10_fu_2224_p3   |  select  |      0|  0|   6|           1|           2|
    |select_ln340_11_fu_2373_p3   |  select  |      0|  0|   6|           1|           2|
    |select_ln340_12_fu_2522_p3   |  select  |      0|  0|   6|           1|           2|
    |select_ln340_13_fu_2671_p3   |  select  |      0|  0|   6|           1|           2|
    |select_ln340_14_fu_2820_p3   |  select  |      0|  0|   6|           1|           2|
    |select_ln340_15_fu_2969_p3   |  select  |      0|  0|   6|           1|           2|
    |select_ln340_16_fu_3118_p3   |  select  |      0|  0|   6|           1|           2|
    |select_ln340_17_fu_3267_p3   |  select  |      0|  0|   6|           1|           2|
    |select_ln340_18_fu_3416_p3   |  select  |      0|  0|   6|           1|           2|
    |select_ln340_19_fu_3565_p3   |  select  |      0|  0|   6|           1|           2|
    |select_ln340_1_fu_883_p3     |  select  |      0|  0|   6|           1|           2|
    |select_ln340_20_fu_3714_p3   |  select  |      0|  0|   6|           1|           2|
    |select_ln340_21_fu_3863_p3   |  select  |      0|  0|   6|           1|           2|
    |select_ln340_22_fu_4012_p3   |  select  |      0|  0|   6|           1|           2|
    |select_ln340_23_fu_4161_p3   |  select  |      0|  0|   6|           1|           2|
    |select_ln340_24_fu_4310_p3   |  select  |      0|  0|   6|           1|           2|
    |select_ln340_25_fu_4459_p3   |  select  |      0|  0|   6|           1|           2|
    |select_ln340_26_fu_4608_p3   |  select  |      0|  0|   6|           1|           2|
    |select_ln340_27_fu_4757_p3   |  select  |      0|  0|   6|           1|           2|
    |select_ln340_28_fu_4906_p3   |  select  |      0|  0|   6|           1|           2|
    |select_ln340_29_fu_5055_p3   |  select  |      0|  0|   6|           1|           2|
    |select_ln340_2_fu_1032_p3    |  select  |      0|  0|   6|           1|           2|
    |select_ln340_30_fu_5204_p3   |  select  |      0|  0|   6|           1|           2|
    |select_ln340_31_fu_5353_p3   |  select  |      0|  0|   6|           1|           2|
    |select_ln340_3_fu_1181_p3    |  select  |      0|  0|   6|           1|           2|
    |select_ln340_4_fu_1330_p3    |  select  |      0|  0|   6|           1|           2|
    |select_ln340_5_fu_1479_p3    |  select  |      0|  0|   6|           1|           2|
    |select_ln340_6_fu_1628_p3    |  select  |      0|  0|   6|           1|           2|
    |select_ln340_7_fu_1777_p3    |  select  |      0|  0|   6|           1|           2|
    |select_ln340_8_fu_1926_p3    |  select  |      0|  0|   6|           1|           2|
    |select_ln340_9_fu_2075_p3    |  select  |      0|  0|   6|           1|           2|
    |select_ln340_fu_734_p3       |  select  |      0|  0|   6|           1|           2|
    |select_ln777_10_fu_2204_p3   |  select  |      0|  0|   2|           1|           1|
    |select_ln777_11_fu_2353_p3   |  select  |      0|  0|   2|           1|           1|
    |select_ln777_12_fu_2502_p3   |  select  |      0|  0|   2|           1|           1|
    |select_ln777_13_fu_2651_p3   |  select  |      0|  0|   2|           1|           1|
    |select_ln777_14_fu_2800_p3   |  select  |      0|  0|   2|           1|           1|
    |select_ln777_15_fu_2949_p3   |  select  |      0|  0|   2|           1|           1|
    |select_ln777_16_fu_3098_p3   |  select  |      0|  0|   2|           1|           1|
    |select_ln777_17_fu_3247_p3   |  select  |      0|  0|   2|           1|           1|
    |select_ln777_18_fu_3396_p3   |  select  |      0|  0|   2|           1|           1|
    |select_ln777_19_fu_3545_p3   |  select  |      0|  0|   2|           1|           1|
    |select_ln777_1_fu_863_p3     |  select  |      0|  0|   2|           1|           1|
    |select_ln777_20_fu_3694_p3   |  select  |      0|  0|   2|           1|           1|
    |select_ln777_21_fu_3843_p3   |  select  |      0|  0|   2|           1|           1|
    |select_ln777_22_fu_3992_p3   |  select  |      0|  0|   2|           1|           1|
    |select_ln777_23_fu_4141_p3   |  select  |      0|  0|   2|           1|           1|
    |select_ln777_24_fu_4290_p3   |  select  |      0|  0|   2|           1|           1|
    |select_ln777_25_fu_4439_p3   |  select  |      0|  0|   2|           1|           1|
    |select_ln777_26_fu_4588_p3   |  select  |      0|  0|   2|           1|           1|
    |select_ln777_27_fu_4737_p3   |  select  |      0|  0|   2|           1|           1|
    |select_ln777_28_fu_4886_p3   |  select  |      0|  0|   2|           1|           1|
    |select_ln777_29_fu_5035_p3   |  select  |      0|  0|   2|           1|           1|
    |select_ln777_2_fu_1012_p3    |  select  |      0|  0|   2|           1|           1|
    |select_ln777_30_fu_5184_p3   |  select  |      0|  0|   2|           1|           1|
    |select_ln777_31_fu_5333_p3   |  select  |      0|  0|   2|           1|           1|
    |select_ln777_3_fu_1161_p3    |  select  |      0|  0|   2|           1|           1|
    |select_ln777_4_fu_1310_p3    |  select  |      0|  0|   2|           1|           1|
    |select_ln777_5_fu_1459_p3    |  select  |      0|  0|   2|           1|           1|
    |select_ln777_6_fu_1608_p3    |  select  |      0|  0|   2|           1|           1|
    |select_ln777_7_fu_1757_p3    |  select  |      0|  0|   2|           1|           1|
    |select_ln777_8_fu_1906_p3    |  select  |      0|  0|   2|           1|           1|
    |select_ln777_9_fu_2055_p3    |  select  |      0|  0|   2|           1|           1|
    |select_ln777_fu_714_p3       |  select  |      0|  0|   2|           1|           1|
    |xor_ln416_100_fu_1566_p2     |    xor   |      0|  0|   2|           1|           2|
    |xor_ln416_101_fu_1715_p2     |    xor   |      0|  0|   2|           1|           2|
    |xor_ln416_102_fu_1864_p2     |    xor   |      0|  0|   2|           1|           2|
    |xor_ln416_103_fu_2013_p2     |    xor   |      0|  0|   2|           1|           2|
    |xor_ln416_104_fu_2162_p2     |    xor   |      0|  0|   2|           1|           2|
    |xor_ln416_105_fu_2311_p2     |    xor   |      0|  0|   2|           1|           2|
    |xor_ln416_106_fu_2460_p2     |    xor   |      0|  0|   2|           1|           2|
    |xor_ln416_107_fu_2609_p2     |    xor   |      0|  0|   2|           1|           2|
    |xor_ln416_108_fu_2758_p2     |    xor   |      0|  0|   2|           1|           2|
    |xor_ln416_109_fu_2907_p2     |    xor   |      0|  0|   2|           1|           2|
    |xor_ln416_110_fu_3056_p2     |    xor   |      0|  0|   2|           1|           2|
    |xor_ln416_111_fu_3205_p2     |    xor   |      0|  0|   2|           1|           2|
    |xor_ln416_112_fu_3354_p2     |    xor   |      0|  0|   2|           1|           2|
    |xor_ln416_113_fu_3503_p2     |    xor   |      0|  0|   2|           1|           2|
    |xor_ln416_114_fu_3652_p2     |    xor   |      0|  0|   2|           1|           2|
    |xor_ln416_115_fu_3801_p2     |    xor   |      0|  0|   2|           1|           2|
    |xor_ln416_116_fu_3950_p2     |    xor   |      0|  0|   2|           1|           2|
    |xor_ln416_117_fu_4099_p2     |    xor   |      0|  0|   2|           1|           2|
    |xor_ln416_118_fu_4248_p2     |    xor   |      0|  0|   2|           1|           2|
    |xor_ln416_119_fu_4397_p2     |    xor   |      0|  0|   2|           1|           2|
    |xor_ln416_120_fu_4546_p2     |    xor   |      0|  0|   2|           1|           2|
    |xor_ln416_121_fu_4695_p2     |    xor   |      0|  0|   2|           1|           2|
    |xor_ln416_122_fu_4844_p2     |    xor   |      0|  0|   2|           1|           2|
    |xor_ln416_123_fu_4993_p2     |    xor   |      0|  0|   2|           1|           2|
    |xor_ln416_124_fu_5142_p2     |    xor   |      0|  0|   2|           1|           2|
    |xor_ln416_125_fu_5291_p2     |    xor   |      0|  0|   2|           1|           2|
    |xor_ln416_95_fu_821_p2       |    xor   |      0|  0|   2|           1|           2|
    |xor_ln416_96_fu_970_p2       |    xor   |      0|  0|   2|           1|           2|
    |xor_ln416_97_fu_1119_p2      |    xor   |      0|  0|   2|           1|           2|
    |xor_ln416_98_fu_1268_p2      |    xor   |      0|  0|   2|           1|           2|
    |xor_ln416_99_fu_1417_p2      |    xor   |      0|  0|   2|           1|           2|
    |xor_ln416_fu_672_p2          |    xor   |      0|  0|   2|           1|           2|
    |xor_ln785_10_fu_2212_p2      |    xor   |      0|  0|   2|           1|           2|
    |xor_ln785_11_fu_2361_p2      |    xor   |      0|  0|   2|           1|           2|
    |xor_ln785_12_fu_2510_p2      |    xor   |      0|  0|   2|           1|           2|
    |xor_ln785_13_fu_2659_p2      |    xor   |      0|  0|   2|           1|           2|
    |xor_ln785_14_fu_2808_p2      |    xor   |      0|  0|   2|           1|           2|
    |xor_ln785_15_fu_2957_p2      |    xor   |      0|  0|   2|           1|           2|
    |xor_ln785_16_fu_3106_p2      |    xor   |      0|  0|   2|           1|           2|
    |xor_ln785_17_fu_3255_p2      |    xor   |      0|  0|   2|           1|           2|
    |xor_ln785_18_fu_3404_p2      |    xor   |      0|  0|   2|           1|           2|
    |xor_ln785_19_fu_3553_p2      |    xor   |      0|  0|   2|           1|           2|
    |xor_ln785_1_fu_871_p2        |    xor   |      0|  0|   2|           1|           2|
    |xor_ln785_20_fu_3702_p2      |    xor   |      0|  0|   2|           1|           2|
    |xor_ln785_21_fu_3851_p2      |    xor   |      0|  0|   2|           1|           2|
    |xor_ln785_22_fu_4000_p2      |    xor   |      0|  0|   2|           1|           2|
    |xor_ln785_23_fu_4149_p2      |    xor   |      0|  0|   2|           1|           2|
    |xor_ln785_24_fu_4298_p2      |    xor   |      0|  0|   2|           1|           2|
    |xor_ln785_25_fu_4447_p2      |    xor   |      0|  0|   2|           1|           2|
    |xor_ln785_26_fu_4596_p2      |    xor   |      0|  0|   2|           1|           2|
    |xor_ln785_27_fu_4745_p2      |    xor   |      0|  0|   2|           1|           2|
    |xor_ln785_28_fu_4894_p2      |    xor   |      0|  0|   2|           1|           2|
    |xor_ln785_29_fu_5043_p2      |    xor   |      0|  0|   2|           1|           2|
    |xor_ln785_2_fu_1020_p2       |    xor   |      0|  0|   2|           1|           2|
    |xor_ln785_30_fu_5192_p2      |    xor   |      0|  0|   2|           1|           2|
    |xor_ln785_31_fu_5341_p2      |    xor   |      0|  0|   2|           1|           2|
    |xor_ln785_3_fu_1169_p2       |    xor   |      0|  0|   2|           1|           2|
    |xor_ln785_4_fu_1318_p2       |    xor   |      0|  0|   2|           1|           2|
    |xor_ln785_5_fu_1467_p2       |    xor   |      0|  0|   2|           1|           2|
    |xor_ln785_6_fu_1616_p2       |    xor   |      0|  0|   2|           1|           2|
    |xor_ln785_7_fu_1765_p2       |    xor   |      0|  0|   2|           1|           2|
    |xor_ln785_8_fu_1914_p2       |    xor   |      0|  0|   2|           1|           2|
    |xor_ln785_9_fu_2063_p2       |    xor   |      0|  0|   2|           1|           2|
    |xor_ln785_fu_722_p2          |    xor   |      0|  0|   2|           1|           2|
    +-----------------------------+----------+-------+---+----+------------+------------+
    |Total                        |          |      0|  0|2786|        1473|        1025|
    +-----------------------------+----------+-------+---+----+------------+------------+

    * Multiplexer: 
    +----------+----+-----------+-----+-----------+
    |   Name   | LUT| Input Size| Bits| Total Bits|
    +----------+----+-----------+-----+-----------+
    |ap_done   |   9|          2|    1|          2|
    |res_0_V   |   9|          2|    6|         12|
    |res_10_V  |   9|          2|    6|         12|
    |res_11_V  |   9|          2|    6|         12|
    |res_12_V  |   9|          2|    6|         12|
    |res_13_V  |   9|          2|    6|         12|
    |res_14_V  |   9|          2|    6|         12|
    |res_15_V  |   9|          2|    6|         12|
    |res_16_V  |   9|          2|    6|         12|
    |res_17_V  |   9|          2|    6|         12|
    |res_18_V  |   9|          2|    6|         12|
    |res_19_V  |   9|          2|    6|         12|
    |res_1_V   |   9|          2|    6|         12|
    |res_20_V  |   9|          2|    6|         12|
    |res_21_V  |   9|          2|    6|         12|
    |res_22_V  |   9|          2|    6|         12|
    |res_23_V  |   9|          2|    6|         12|
    |res_24_V  |   9|          2|    6|         12|
    |res_25_V  |   9|          2|    6|         12|
    |res_26_V  |   9|          2|    6|         12|
    |res_27_V  |   9|          2|    6|         12|
    |res_28_V  |   9|          2|    6|         12|
    |res_29_V  |   9|          2|    6|         12|
    |res_2_V   |   9|          2|    6|         12|
    |res_30_V  |   9|          2|    6|         12|
    |res_31_V  |   9|          2|    6|         12|
    |res_3_V   |   9|          2|    6|         12|
    |res_4_V   |   9|          2|    6|         12|
    |res_5_V   |   9|          2|    6|         12|
    |res_6_V   |   9|          2|    6|         12|
    |res_7_V   |   9|          2|    6|         12|
    |res_8_V   |   9|          2|    6|         12|
    |res_9_V   |   9|          2|    6|         12|
    +----------+----+-----------+-----+-----------+
    |Total     | 297|         66|  193|        386|
    +----------+----+-----------+-----+-----------+

    * Register: 
    +---------------+---+----+-----+-----------+
    |      Name     | FF| LUT| Bits| Const Bits|
    +---------------+---+----+-----+-----------+
    |ap_CS_fsm      |  1|   0|    1|          0|
    |ap_done_reg    |  1|   0|    1|          0|
    |res_0_V_preg   |  6|   0|    6|          0|
    |res_10_V_preg  |  6|   0|    6|          0|
    |res_11_V_preg  |  6|   0|    6|          0|
    |res_12_V_preg  |  6|   0|    6|          0|
    |res_13_V_preg  |  6|   0|    6|          0|
    |res_14_V_preg  |  6|   0|    6|          0|
    |res_15_V_preg  |  6|   0|    6|          0|
    |res_16_V_preg  |  6|   0|    6|          0|
    |res_17_V_preg  |  6|   0|    6|          0|
    |res_18_V_preg  |  6|   0|    6|          0|
    |res_19_V_preg  |  6|   0|    6|          0|
    |res_1_V_preg   |  6|   0|    6|          0|
    |res_20_V_preg  |  6|   0|    6|          0|
    |res_21_V_preg  |  6|   0|    6|          0|
    |res_22_V_preg  |  6|   0|    6|          0|
    |res_23_V_preg  |  6|   0|    6|          0|
    |res_24_V_preg  |  6|   0|    6|          0|
    |res_25_V_preg  |  6|   0|    6|          0|
    |res_26_V_preg  |  6|   0|    6|          0|
    |res_27_V_preg  |  6|   0|    6|          0|
    |res_28_V_preg  |  6|   0|    6|          0|
    |res_29_V_preg  |  6|   0|    6|          0|
    |res_2_V_preg   |  6|   0|    6|          0|
    |res_30_V_preg  |  6|   0|    6|          0|
    |res_31_V_preg  |  6|   0|    6|          0|
    |res_3_V_preg   |  6|   0|    6|          0|
    |res_4_V_preg   |  6|   0|    6|          0|
    |res_5_V_preg   |  6|   0|    6|          0|
    |res_6_V_preg   |  6|   0|    6|          0|
    |res_7_V_preg   |  6|   0|    6|          0|
    |res_8_V_preg   |  6|   0|    6|          0|
    |res_9_V_preg   |  6|   0|    6|          0|
    +---------------+---+----+-----+-----------+
    |Total          |194|   0|  194|          0|
    +---------------+---+----+-----+-----------+



================================================================
== Interface
================================================================
* Summary: 
+-----------------+-----+-----+------------+--------------+--------------+
|    RTL Ports    | Dir | Bits|  Protocol  | Source Object|    C Type    |
+-----------------+-----+-----+------------+--------------+--------------+
|ap_clk           |  in |    1| ap_ctrl_hs |     relu     | return value |
|ap_rst           |  in |    1| ap_ctrl_hs |     relu     | return value |
|ap_start         |  in |    1| ap_ctrl_hs |     relu     | return value |
|ap_done          | out |    1| ap_ctrl_hs |     relu     | return value |
|ap_continue      |  in |    1| ap_ctrl_hs |     relu     | return value |
|ap_idle          | out |    1| ap_ctrl_hs |     relu     | return value |
|ap_ready         | out |    1| ap_ctrl_hs |     relu     | return value |
|data_0_V         |  in |   16|   ap_none  |   data_0_V   |    pointer   |
|data_1_V         |  in |   16|   ap_none  |   data_1_V   |    pointer   |
|data_2_V         |  in |   16|   ap_none  |   data_2_V   |    pointer   |
|data_3_V         |  in |   16|   ap_none  |   data_3_V   |    pointer   |
|data_4_V         |  in |   16|   ap_none  |   data_4_V   |    pointer   |
|data_5_V         |  in |   16|   ap_none  |   data_5_V   |    pointer   |
|data_6_V         |  in |   16|   ap_none  |   data_6_V   |    pointer   |
|data_7_V         |  in |   16|   ap_none  |   data_7_V   |    pointer   |
|data_8_V         |  in |   16|   ap_none  |   data_8_V   |    pointer   |
|data_9_V         |  in |   16|   ap_none  |   data_9_V   |    pointer   |
|data_10_V        |  in |   16|   ap_none  |   data_10_V  |    pointer   |
|data_11_V        |  in |   16|   ap_none  |   data_11_V  |    pointer   |
|data_12_V        |  in |   16|   ap_none  |   data_12_V  |    pointer   |
|data_13_V        |  in |   16|   ap_none  |   data_13_V  |    pointer   |
|data_14_V        |  in |   16|   ap_none  |   data_14_V  |    pointer   |
|data_15_V        |  in |   16|   ap_none  |   data_15_V  |    pointer   |
|data_16_V        |  in |   16|   ap_none  |   data_16_V  |    pointer   |
|data_17_V        |  in |   16|   ap_none  |   data_17_V  |    pointer   |
|data_18_V        |  in |   16|   ap_none  |   data_18_V  |    pointer   |
|data_19_V        |  in |   16|   ap_none  |   data_19_V  |    pointer   |
|data_20_V        |  in |   16|   ap_none  |   data_20_V  |    pointer   |
|data_21_V        |  in |   16|   ap_none  |   data_21_V  |    pointer   |
|data_22_V        |  in |   16|   ap_none  |   data_22_V  |    pointer   |
|data_23_V        |  in |   16|   ap_none  |   data_23_V  |    pointer   |
|data_24_V        |  in |   16|   ap_none  |   data_24_V  |    pointer   |
|data_25_V        |  in |   16|   ap_none  |   data_25_V  |    pointer   |
|data_26_V        |  in |   16|   ap_none  |   data_26_V  |    pointer   |
|data_27_V        |  in |   16|   ap_none  |   data_27_V  |    pointer   |
|data_28_V        |  in |   16|   ap_none  |   data_28_V  |    pointer   |
|data_29_V        |  in |   16|   ap_none  |   data_29_V  |    pointer   |
|data_30_V        |  in |   16|   ap_none  |   data_30_V  |    pointer   |
|data_31_V        |  in |   16|   ap_none  |   data_31_V  |    pointer   |
|res_0_V          | out |    6|   ap_vld   |    res_0_V   |    pointer   |
|res_0_V_ap_vld   | out |    1|   ap_vld   |    res_0_V   |    pointer   |
|res_1_V          | out |    6|   ap_vld   |    res_1_V   |    pointer   |
|res_1_V_ap_vld   | out |    1|   ap_vld   |    res_1_V   |    pointer   |
|res_2_V          | out |    6|   ap_vld   |    res_2_V   |    pointer   |
|res_2_V_ap_vld   | out |    1|   ap_vld   |    res_2_V   |    pointer   |
|res_3_V          | out |    6|   ap_vld   |    res_3_V   |    pointer   |
|res_3_V_ap_vld   | out |    1|   ap_vld   |    res_3_V   |    pointer   |
|res_4_V          | out |    6|   ap_vld   |    res_4_V   |    pointer   |
|res_4_V_ap_vld   | out |    1|   ap_vld   |    res_4_V   |    pointer   |
|res_5_V          | out |    6|   ap_vld   |    res_5_V   |    pointer   |
|res_5_V_ap_vld   | out |    1|   ap_vld   |    res_5_V   |    pointer   |
|res_6_V          | out |    6|   ap_vld   |    res_6_V   |    pointer   |
|res_6_V_ap_vld   | out |    1|   ap_vld   |    res_6_V   |    pointer   |
|res_7_V          | out |    6|   ap_vld   |    res_7_V   |    pointer   |
|res_7_V_ap_vld   | out |    1|   ap_vld   |    res_7_V   |    pointer   |
|res_8_V          | out |    6|   ap_vld   |    res_8_V   |    pointer   |
|res_8_V_ap_vld   | out |    1|   ap_vld   |    res_8_V   |    pointer   |
|res_9_V          | out |    6|   ap_vld   |    res_9_V   |    pointer   |
|res_9_V_ap_vld   | out |    1|   ap_vld   |    res_9_V   |    pointer   |
|res_10_V         | out |    6|   ap_vld   |   res_10_V   |    pointer   |
|res_10_V_ap_vld  | out |    1|   ap_vld   |   res_10_V   |    pointer   |
|res_11_V         | out |    6|   ap_vld   |   res_11_V   |    pointer   |
|res_11_V_ap_vld  | out |    1|   ap_vld   |   res_11_V   |    pointer   |
|res_12_V         | out |    6|   ap_vld   |   res_12_V   |    pointer   |
|res_12_V_ap_vld  | out |    1|   ap_vld   |   res_12_V   |    pointer   |
|res_13_V         | out |    6|   ap_vld   |   res_13_V   |    pointer   |
|res_13_V_ap_vld  | out |    1|   ap_vld   |   res_13_V   |    pointer   |
|res_14_V         | out |    6|   ap_vld   |   res_14_V   |    pointer   |
|res_14_V_ap_vld  | out |    1|   ap_vld   |   res_14_V   |    pointer   |
|res_15_V         | out |    6|   ap_vld   |   res_15_V   |    pointer   |
|res_15_V_ap_vld  | out |    1|   ap_vld   |   res_15_V   |    pointer   |
|res_16_V         | out |    6|   ap_vld   |   res_16_V   |    pointer   |
|res_16_V_ap_vld  | out |    1|   ap_vld   |   res_16_V   |    pointer   |
|res_17_V         | out |    6|   ap_vld   |   res_17_V   |    pointer   |
|res_17_V_ap_vld  | out |    1|   ap_vld   |   res_17_V   |    pointer   |
|res_18_V         | out |    6|   ap_vld   |   res_18_V   |    pointer   |
|res_18_V_ap_vld  | out |    1|   ap_vld   |   res_18_V   |    pointer   |
|res_19_V         | out |    6|   ap_vld   |   res_19_V   |    pointer   |
|res_19_V_ap_vld  | out |    1|   ap_vld   |   res_19_V   |    pointer   |
|res_20_V         | out |    6|   ap_vld   |   res_20_V   |    pointer   |
|res_20_V_ap_vld  | out |    1|   ap_vld   |   res_20_V   |    pointer   |
|res_21_V         | out |    6|   ap_vld   |   res_21_V   |    pointer   |
|res_21_V_ap_vld  | out |    1|   ap_vld   |   res_21_V   |    pointer   |
|res_22_V         | out |    6|   ap_vld   |   res_22_V   |    pointer   |
|res_22_V_ap_vld  | out |    1|   ap_vld   |   res_22_V   |    pointer   |
|res_23_V         | out |    6|   ap_vld   |   res_23_V   |    pointer   |
|res_23_V_ap_vld  | out |    1|   ap_vld   |   res_23_V   |    pointer   |
|res_24_V         | out |    6|   ap_vld   |   res_24_V   |    pointer   |
|res_24_V_ap_vld  | out |    1|   ap_vld   |   res_24_V   |    pointer   |
|res_25_V         | out |    6|   ap_vld   |   res_25_V   |    pointer   |
|res_25_V_ap_vld  | out |    1|   ap_vld   |   res_25_V   |    pointer   |
|res_26_V         | out |    6|   ap_vld   |   res_26_V   |    pointer   |
|res_26_V_ap_vld  | out |    1|   ap_vld   |   res_26_V   |    pointer   |
|res_27_V         | out |    6|   ap_vld   |   res_27_V   |    pointer   |
|res_27_V_ap_vld  | out |    1|   ap_vld   |   res_27_V   |    pointer   |
|res_28_V         | out |    6|   ap_vld   |   res_28_V   |    pointer   |
|res_28_V_ap_vld  | out |    1|   ap_vld   |   res_28_V   |    pointer   |
|res_29_V         | out |    6|   ap_vld   |   res_29_V   |    pointer   |
|res_29_V_ap_vld  | out |    1|   ap_vld   |   res_29_V   |    pointer   |
|res_30_V         | out |    6|   ap_vld   |   res_30_V   |    pointer   |
|res_30_V_ap_vld  | out |    1|   ap_vld   |   res_30_V   |    pointer   |
|res_31_V         | out |    6|   ap_vld   |   res_31_V   |    pointer   |
|res_31_V_ap_vld  | out |    1|   ap_vld   |   res_31_V   |    pointer   |
+-----------------+-----+-----+------------+--------------+--------------+

