

================================================================
== Vivado HLS Report for 'dense_resource_2'
================================================================
* Date:           Tue Mar 23 18:08:09 2021

* Version:        2019.2 (Build 2704478 on Wed Nov 06 22:10:23 MST 2019)
* Project:        myproject_prj
* Solution:       solution1
* Product family: zynq
* Target device:  xc7z020-clg400-1


================================================================
== Performance Estimates
================================================================
+ Timing: 
    * Summary: 
    +--------+---------+----------+------------+
    |  Clock |  Target | Estimated| Uncertainty|
    +--------+---------+----------+------------+
    |ap_clk  | 5.00 ns | 3.740 ns |   0.62 ns  |
    +--------+---------+----------+------------+

+ Latency: 
    * Summary: 
    +---------+---------+----------+----------+-----+-----+---------------------------------------------+
    |  Latency (cycles) |  Latency (absolute) |  Interval |                   Pipeline                  |
    |   min   |   max   |    min   |    max   | min | max |                     Type                    |
    +---------+---------+----------+----------+-----+-----+---------------------------------------------+
    |       34|       35| 0.170 us | 0.175 us |   32|   32| loop rewind(delay=0 initiation interval(s)) |
    +---------+---------+----------+----------+-----+-----+---------------------------------------------+

    + Detail: 
        * Instance: 
        N/A

        * Loop: 
        +-------------+---------+---------+----------+-----------+-----------+------+----------+
        |             |  Latency (cycles) | Iteration|  Initiation Interval  | Trip |          |
        |  Loop Name  |   min   |   max   |  Latency |  achieved |   target  | Count| Pipelined|
        +-------------+---------+---------+----------+-----------+-----------+------+----------+
        |- ReuseLoop  |       34|       34|         4|          1|          1|    32|    yes   |
        +-------------+---------+---------+----------+-----------+-----------+------+----------+

============================================================
+ Verbose Summary: Synthesis Manager
============================================================
InlineROM: 1
ExposeGlobal: 0
============================================================
+ Verbose Summary: CDFG Model
============================================================
IsTopModel: 0
ResetActiveHigh: 1
IsCombinational: 2
IsDatapathOnly: 0
HasWiredReturn: 1
HasMFsm: 0
HasVarLatency: 1
IsPipeline: 0
IsRtlPipelined: 0
IsInstanceOverlapped: 0
IsDontTouch: 0
HasImplIP: 0
IsGatedGlobalClock: 0

+ Individual pipeline summary: 
  * Pipeline-0: initiation interval (II) = 1, depth = 4


============================================================
+ Verbose Summary: Schedule
============================================================
* Number of FSM states : 5
* Pipeline : 1
  Pipeline-0 : II = 1, D = 4, States = { 2 3 4 5 }
* Dataflow Pipeline: 0

* FSM state transitions: 
1 --> 2 
2 --> 3 
3 --> 4 
4 --> 5 
5 --> 2 

* FSM state operations: 

State 1 <SV = 0> <Delay = 1.76>
ST_1 : Operation 6 [1/1] (1.76ns)   --->   "br label %rewind_header" [firmware/nnet_utils/nnet_dense_resource.h:64->firmware/nnet_utils/nnet_dense_resource.h:274]   --->   Operation 6 'br' <Predicate = true> <Delay = 1.76>

State 2 <SV = 1> <Delay = 3.25>
ST_2 : Operation 7 [1/1] (0.00ns)   --->   "%w_index15 = phi i5 [ 0, %_ZN8ap_fixedILi16ELi6EL9ap_q_mode5EL9ap_o_mode3ELi0EEC1ILi7ELi1ELb1ELS0_5ELS1_3ELi0EEERK13ap_fixed_baseIXT_EXT0_EXT1_EXT2_EXT3_EXT4_EE.exit.i.0 ], [ %w_index, %ReuseLoop ], [ 0, %.preheader.i.0 ]"   --->   Operation 7 'phi' 'w_index15' <Predicate = true> <Delay = 0.00>
ST_2 : Operation 8 [1/1] (0.00ns)   --->   "%data_0_V_read = call i6 @_ssdm_op_Read.ap_auto.i6P(i6* %data_0_V)" [firmware/nnet_utils/nnet_dense_resource.h:76->firmware/nnet_utils/nnet_dense_resource.h:274]   --->   Operation 8 'read' 'data_0_V_read' <Predicate = true> <Delay = 0.00>
ST_2 : Operation 9 [1/1] (0.00ns)   --->   "%zext_ln76_1 = zext i6 %data_0_V_read to i7" [firmware/nnet_utils/nnet_dense_resource.h:76->firmware/nnet_utils/nnet_dense_resource.h:274]   --->   Operation 9 'zext' 'zext_ln76_1' <Predicate = true> <Delay = 0.00>
ST_2 : Operation 10 [1/1] (0.00ns)   --->   "%data_1_V_read = call i6 @_ssdm_op_Read.ap_auto.i6P(i6* %data_1_V)" [firmware/nnet_utils/nnet_dense_resource.h:76->firmware/nnet_utils/nnet_dense_resource.h:274]   --->   Operation 10 'read' 'data_1_V_read' <Predicate = true> <Delay = 0.00>
ST_2 : Operation 11 [1/1] (0.00ns)   --->   "%zext_ln76_2 = zext i6 %data_1_V_read to i7" [firmware/nnet_utils/nnet_dense_resource.h:76->firmware/nnet_utils/nnet_dense_resource.h:274]   --->   Operation 11 'zext' 'zext_ln76_2' <Predicate = true> <Delay = 0.00>
ST_2 : Operation 12 [1/1] (0.00ns)   --->   "%data_2_V_read = call i6 @_ssdm_op_Read.ap_auto.i6P(i6* %data_2_V)" [firmware/nnet_utils/nnet_dense_resource.h:76->firmware/nnet_utils/nnet_dense_resource.h:274]   --->   Operation 12 'read' 'data_2_V_read' <Predicate = true> <Delay = 0.00>
ST_2 : Operation 13 [1/1] (0.00ns)   --->   "%zext_ln76_3 = zext i6 %data_2_V_read to i7" [firmware/nnet_utils/nnet_dense_resource.h:76->firmware/nnet_utils/nnet_dense_resource.h:274]   --->   Operation 13 'zext' 'zext_ln76_3' <Predicate = true> <Delay = 0.00>
ST_2 : Operation 14 [1/1] (0.00ns)   --->   "%data_3_V_read = call i6 @_ssdm_op_Read.ap_auto.i6P(i6* %data_3_V)" [firmware/nnet_utils/nnet_dense_resource.h:76->firmware/nnet_utils/nnet_dense_resource.h:274]   --->   Operation 14 'read' 'data_3_V_read' <Predicate = true> <Delay = 0.00>
ST_2 : Operation 15 [1/1] (0.00ns)   --->   "%zext_ln76_4 = zext i6 %data_3_V_read to i7" [firmware/nnet_utils/nnet_dense_resource.h:76->firmware/nnet_utils/nnet_dense_resource.h:274]   --->   Operation 15 'zext' 'zext_ln76_4' <Predicate = true> <Delay = 0.00>
ST_2 : Operation 16 [1/1] (0.00ns)   --->   "%data_4_V_read = call i6 @_ssdm_op_Read.ap_auto.i6P(i6* %data_4_V)" [firmware/nnet_utils/nnet_dense_resource.h:76->firmware/nnet_utils/nnet_dense_resource.h:274]   --->   Operation 16 'read' 'data_4_V_read' <Predicate = true> <Delay = 0.00>
ST_2 : Operation 17 [1/1] (0.00ns)   --->   "%zext_ln76_5 = zext i6 %data_4_V_read to i7" [firmware/nnet_utils/nnet_dense_resource.h:76->firmware/nnet_utils/nnet_dense_resource.h:274]   --->   Operation 17 'zext' 'zext_ln76_5' <Predicate = true> <Delay = 0.00>
ST_2 : Operation 18 [1/1] (0.00ns)   --->   "%data_5_V_read = call i6 @_ssdm_op_Read.ap_auto.i6P(i6* %data_5_V)" [firmware/nnet_utils/nnet_dense_resource.h:76->firmware/nnet_utils/nnet_dense_resource.h:274]   --->   Operation 18 'read' 'data_5_V_read' <Predicate = true> <Delay = 0.00>
ST_2 : Operation 19 [1/1] (0.00ns)   --->   "%zext_ln76_6 = zext i6 %data_5_V_read to i7" [firmware/nnet_utils/nnet_dense_resource.h:76->firmware/nnet_utils/nnet_dense_resource.h:274]   --->   Operation 19 'zext' 'zext_ln76_6' <Predicate = true> <Delay = 0.00>
ST_2 : Operation 20 [1/1] (0.00ns)   --->   "%data_6_V_read = call i6 @_ssdm_op_Read.ap_auto.i6P(i6* %data_6_V)" [firmware/nnet_utils/nnet_dense_resource.h:76->firmware/nnet_utils/nnet_dense_resource.h:274]   --->   Operation 20 'read' 'data_6_V_read' <Predicate = true> <Delay = 0.00>
ST_2 : Operation 21 [1/1] (0.00ns)   --->   "%zext_ln76_7 = zext i6 %data_6_V_read to i7" [firmware/nnet_utils/nnet_dense_resource.h:76->firmware/nnet_utils/nnet_dense_resource.h:274]   --->   Operation 21 'zext' 'zext_ln76_7' <Predicate = true> <Delay = 0.00>
ST_2 : Operation 22 [1/1] (0.00ns)   --->   "%data_7_V_read = call i6 @_ssdm_op_Read.ap_auto.i6P(i6* %data_7_V)" [firmware/nnet_utils/nnet_dense_resource.h:76->firmware/nnet_utils/nnet_dense_resource.h:274]   --->   Operation 22 'read' 'data_7_V_read' <Predicate = true> <Delay = 0.00>
ST_2 : Operation 23 [1/1] (0.00ns)   --->   "%zext_ln76_8 = zext i6 %data_7_V_read to i7" [firmware/nnet_utils/nnet_dense_resource.h:76->firmware/nnet_utils/nnet_dense_resource.h:274]   --->   Operation 23 'zext' 'zext_ln76_8' <Predicate = true> <Delay = 0.00>
ST_2 : Operation 24 [1/1] (0.00ns)   --->   "%data_8_V_read = call i6 @_ssdm_op_Read.ap_auto.i6P(i6* %data_8_V)" [firmware/nnet_utils/nnet_dense_resource.h:76->firmware/nnet_utils/nnet_dense_resource.h:274]   --->   Operation 24 'read' 'data_8_V_read' <Predicate = true> <Delay = 0.00>
ST_2 : Operation 25 [1/1] (0.00ns)   --->   "%zext_ln76_9 = zext i6 %data_8_V_read to i7" [firmware/nnet_utils/nnet_dense_resource.h:76->firmware/nnet_utils/nnet_dense_resource.h:274]   --->   Operation 25 'zext' 'zext_ln76_9' <Predicate = true> <Delay = 0.00>
ST_2 : Operation 26 [1/1] (0.00ns)   --->   "%data_9_V_read = call i6 @_ssdm_op_Read.ap_auto.i6P(i6* %data_9_V)" [firmware/nnet_utils/nnet_dense_resource.h:76->firmware/nnet_utils/nnet_dense_resource.h:274]   --->   Operation 26 'read' 'data_9_V_read' <Predicate = true> <Delay = 0.00>
ST_2 : Operation 27 [1/1] (0.00ns)   --->   "%zext_ln76_10 = zext i6 %data_9_V_read to i7" [firmware/nnet_utils/nnet_dense_resource.h:76->firmware/nnet_utils/nnet_dense_resource.h:274]   --->   Operation 27 'zext' 'zext_ln76_10' <Predicate = true> <Delay = 0.00>
ST_2 : Operation 28 [1/1] (0.00ns)   --->   "%data_10_V_read = call i6 @_ssdm_op_Read.ap_auto.i6P(i6* %data_10_V)" [firmware/nnet_utils/nnet_dense_resource.h:76->firmware/nnet_utils/nnet_dense_resource.h:274]   --->   Operation 28 'read' 'data_10_V_read' <Predicate = true> <Delay = 0.00>
ST_2 : Operation 29 [1/1] (0.00ns)   --->   "%zext_ln76_11 = zext i6 %data_10_V_read to i7" [firmware/nnet_utils/nnet_dense_resource.h:76->firmware/nnet_utils/nnet_dense_resource.h:274]   --->   Operation 29 'zext' 'zext_ln76_11' <Predicate = true> <Delay = 0.00>
ST_2 : Operation 30 [1/1] (0.00ns)   --->   "%data_11_V_read = call i6 @_ssdm_op_Read.ap_auto.i6P(i6* %data_11_V)" [firmware/nnet_utils/nnet_dense_resource.h:76->firmware/nnet_utils/nnet_dense_resource.h:274]   --->   Operation 30 'read' 'data_11_V_read' <Predicate = true> <Delay = 0.00>
ST_2 : Operation 31 [1/1] (0.00ns)   --->   "%zext_ln76_12 = zext i6 %data_11_V_read to i7" [firmware/nnet_utils/nnet_dense_resource.h:76->firmware/nnet_utils/nnet_dense_resource.h:274]   --->   Operation 31 'zext' 'zext_ln76_12' <Predicate = true> <Delay = 0.00>
ST_2 : Operation 32 [1/1] (0.00ns)   --->   "%data_12_V_read = call i6 @_ssdm_op_Read.ap_auto.i6P(i6* %data_12_V)" [firmware/nnet_utils/nnet_dense_resource.h:76->firmware/nnet_utils/nnet_dense_resource.h:274]   --->   Operation 32 'read' 'data_12_V_read' <Predicate = true> <Delay = 0.00>
ST_2 : Operation 33 [1/1] (0.00ns)   --->   "%zext_ln76_13 = zext i6 %data_12_V_read to i7" [firmware/nnet_utils/nnet_dense_resource.h:76->firmware/nnet_utils/nnet_dense_resource.h:274]   --->   Operation 33 'zext' 'zext_ln76_13' <Predicate = true> <Delay = 0.00>
ST_2 : Operation 34 [1/1] (0.00ns)   --->   "%data_13_V_read = call i6 @_ssdm_op_Read.ap_auto.i6P(i6* %data_13_V)" [firmware/nnet_utils/nnet_dense_resource.h:76->firmware/nnet_utils/nnet_dense_resource.h:274]   --->   Operation 34 'read' 'data_13_V_read' <Predicate = true> <Delay = 0.00>
ST_2 : Operation 35 [1/1] (0.00ns)   --->   "%zext_ln76_14 = zext i6 %data_13_V_read to i7" [firmware/nnet_utils/nnet_dense_resource.h:76->firmware/nnet_utils/nnet_dense_resource.h:274]   --->   Operation 35 'zext' 'zext_ln76_14' <Predicate = true> <Delay = 0.00>
ST_2 : Operation 36 [1/1] (0.00ns)   --->   "%data_14_V_read = call i6 @_ssdm_op_Read.ap_auto.i6P(i6* %data_14_V)" [firmware/nnet_utils/nnet_dense_resource.h:76->firmware/nnet_utils/nnet_dense_resource.h:274]   --->   Operation 36 'read' 'data_14_V_read' <Predicate = true> <Delay = 0.00>
ST_2 : Operation 37 [1/1] (0.00ns)   --->   "%zext_ln76_15 = zext i6 %data_14_V_read to i7" [firmware/nnet_utils/nnet_dense_resource.h:76->firmware/nnet_utils/nnet_dense_resource.h:274]   --->   Operation 37 'zext' 'zext_ln76_15' <Predicate = true> <Delay = 0.00>
ST_2 : Operation 38 [1/1] (0.00ns)   --->   "%data_15_V_read = call i6 @_ssdm_op_Read.ap_auto.i6P(i6* %data_15_V)" [firmware/nnet_utils/nnet_dense_resource.h:76->firmware/nnet_utils/nnet_dense_resource.h:274]   --->   Operation 38 'read' 'data_15_V_read' <Predicate = true> <Delay = 0.00>
ST_2 : Operation 39 [1/1] (0.00ns)   --->   "%zext_ln76_16 = zext i6 %data_15_V_read to i7" [firmware/nnet_utils/nnet_dense_resource.h:76->firmware/nnet_utils/nnet_dense_resource.h:274]   --->   Operation 39 'zext' 'zext_ln76_16' <Predicate = true> <Delay = 0.00>
ST_2 : Operation 40 [1/1] (0.00ns)   --->   "%data_16_V_read = call i6 @_ssdm_op_Read.ap_auto.i6P(i6* %data_16_V)" [firmware/nnet_utils/nnet_dense_resource.h:76->firmware/nnet_utils/nnet_dense_resource.h:274]   --->   Operation 40 'read' 'data_16_V_read' <Predicate = true> <Delay = 0.00>
ST_2 : Operation 41 [1/1] (0.00ns)   --->   "%zext_ln76_17 = zext i6 %data_16_V_read to i7" [firmware/nnet_utils/nnet_dense_resource.h:76->firmware/nnet_utils/nnet_dense_resource.h:274]   --->   Operation 41 'zext' 'zext_ln76_17' <Predicate = true> <Delay = 0.00>
ST_2 : Operation 42 [1/1] (0.00ns)   --->   "%data_17_V_read = call i6 @_ssdm_op_Read.ap_auto.i6P(i6* %data_17_V)" [firmware/nnet_utils/nnet_dense_resource.h:76->firmware/nnet_utils/nnet_dense_resource.h:274]   --->   Operation 42 'read' 'data_17_V_read' <Predicate = true> <Delay = 0.00>
ST_2 : Operation 43 [1/1] (0.00ns)   --->   "%zext_ln76_18 = zext i6 %data_17_V_read to i7" [firmware/nnet_utils/nnet_dense_resource.h:76->firmware/nnet_utils/nnet_dense_resource.h:274]   --->   Operation 43 'zext' 'zext_ln76_18' <Predicate = true> <Delay = 0.00>
ST_2 : Operation 44 [1/1] (0.00ns)   --->   "%data_18_V_read = call i6 @_ssdm_op_Read.ap_auto.i6P(i6* %data_18_V)" [firmware/nnet_utils/nnet_dense_resource.h:76->firmware/nnet_utils/nnet_dense_resource.h:274]   --->   Operation 44 'read' 'data_18_V_read' <Predicate = true> <Delay = 0.00>
ST_2 : Operation 45 [1/1] (0.00ns)   --->   "%zext_ln76_19 = zext i6 %data_18_V_read to i7" [firmware/nnet_utils/nnet_dense_resource.h:76->firmware/nnet_utils/nnet_dense_resource.h:274]   --->   Operation 45 'zext' 'zext_ln76_19' <Predicate = true> <Delay = 0.00>
ST_2 : Operation 46 [1/1] (0.00ns)   --->   "%data_19_V_read = call i6 @_ssdm_op_Read.ap_auto.i6P(i6* %data_19_V)" [firmware/nnet_utils/nnet_dense_resource.h:76->firmware/nnet_utils/nnet_dense_resource.h:274]   --->   Operation 46 'read' 'data_19_V_read' <Predicate = true> <Delay = 0.00>
ST_2 : Operation 47 [1/1] (0.00ns)   --->   "%zext_ln76_20 = zext i6 %data_19_V_read to i7" [firmware/nnet_utils/nnet_dense_resource.h:76->firmware/nnet_utils/nnet_dense_resource.h:274]   --->   Operation 47 'zext' 'zext_ln76_20' <Predicate = true> <Delay = 0.00>
ST_2 : Operation 48 [1/1] (0.00ns)   --->   "%data_20_V_read = call i6 @_ssdm_op_Read.ap_auto.i6P(i6* %data_20_V)" [firmware/nnet_utils/nnet_dense_resource.h:76->firmware/nnet_utils/nnet_dense_resource.h:274]   --->   Operation 48 'read' 'data_20_V_read' <Predicate = true> <Delay = 0.00>
ST_2 : Operation 49 [1/1] (0.00ns)   --->   "%zext_ln76_21 = zext i6 %data_20_V_read to i7" [firmware/nnet_utils/nnet_dense_resource.h:76->firmware/nnet_utils/nnet_dense_resource.h:274]   --->   Operation 49 'zext' 'zext_ln76_21' <Predicate = true> <Delay = 0.00>
ST_2 : Operation 50 [1/1] (0.00ns)   --->   "%data_21_V_read = call i6 @_ssdm_op_Read.ap_auto.i6P(i6* %data_21_V)" [firmware/nnet_utils/nnet_dense_resource.h:76->firmware/nnet_utils/nnet_dense_resource.h:274]   --->   Operation 50 'read' 'data_21_V_read' <Predicate = true> <Delay = 0.00>
ST_2 : Operation 51 [1/1] (0.00ns)   --->   "%zext_ln76_22 = zext i6 %data_21_V_read to i7" [firmware/nnet_utils/nnet_dense_resource.h:76->firmware/nnet_utils/nnet_dense_resource.h:274]   --->   Operation 51 'zext' 'zext_ln76_22' <Predicate = true> <Delay = 0.00>
ST_2 : Operation 52 [1/1] (0.00ns)   --->   "%data_22_V_read = call i6 @_ssdm_op_Read.ap_auto.i6P(i6* %data_22_V)" [firmware/nnet_utils/nnet_dense_resource.h:76->firmware/nnet_utils/nnet_dense_resource.h:274]   --->   Operation 52 'read' 'data_22_V_read' <Predicate = true> <Delay = 0.00>
ST_2 : Operation 53 [1/1] (0.00ns)   --->   "%zext_ln76_23 = zext i6 %data_22_V_read to i7" [firmware/nnet_utils/nnet_dense_resource.h:76->firmware/nnet_utils/nnet_dense_resource.h:274]   --->   Operation 53 'zext' 'zext_ln76_23' <Predicate = true> <Delay = 0.00>
ST_2 : Operation 54 [1/1] (0.00ns)   --->   "%data_23_V_read = call i6 @_ssdm_op_Read.ap_auto.i6P(i6* %data_23_V)" [firmware/nnet_utils/nnet_dense_resource.h:76->firmware/nnet_utils/nnet_dense_resource.h:274]   --->   Operation 54 'read' 'data_23_V_read' <Predicate = true> <Delay = 0.00>
ST_2 : Operation 55 [1/1] (0.00ns)   --->   "%zext_ln76_24 = zext i6 %data_23_V_read to i7" [firmware/nnet_utils/nnet_dense_resource.h:76->firmware/nnet_utils/nnet_dense_resource.h:274]   --->   Operation 55 'zext' 'zext_ln76_24' <Predicate = true> <Delay = 0.00>
ST_2 : Operation 56 [1/1] (0.00ns)   --->   "%data_24_V_read = call i6 @_ssdm_op_Read.ap_auto.i6P(i6* %data_24_V)" [firmware/nnet_utils/nnet_dense_resource.h:76->firmware/nnet_utils/nnet_dense_resource.h:274]   --->   Operation 56 'read' 'data_24_V_read' <Predicate = true> <Delay = 0.00>
ST_2 : Operation 57 [1/1] (0.00ns)   --->   "%zext_ln76_25 = zext i6 %data_24_V_read to i7" [firmware/nnet_utils/nnet_dense_resource.h:76->firmware/nnet_utils/nnet_dense_resource.h:274]   --->   Operation 57 'zext' 'zext_ln76_25' <Predicate = true> <Delay = 0.00>
ST_2 : Operation 58 [1/1] (0.00ns)   --->   "%data_25_V_read = call i6 @_ssdm_op_Read.ap_auto.i6P(i6* %data_25_V)" [firmware/nnet_utils/nnet_dense_resource.h:76->firmware/nnet_utils/nnet_dense_resource.h:274]   --->   Operation 58 'read' 'data_25_V_read' <Predicate = true> <Delay = 0.00>
ST_2 : Operation 59 [1/1] (0.00ns)   --->   "%zext_ln76_26 = zext i6 %data_25_V_read to i7" [firmware/nnet_utils/nnet_dense_resource.h:76->firmware/nnet_utils/nnet_dense_resource.h:274]   --->   Operation 59 'zext' 'zext_ln76_26' <Predicate = true> <Delay = 0.00>
ST_2 : Operation 60 [1/1] (0.00ns)   --->   "%data_26_V_read = call i6 @_ssdm_op_Read.ap_auto.i6P(i6* %data_26_V)" [firmware/nnet_utils/nnet_dense_resource.h:76->firmware/nnet_utils/nnet_dense_resource.h:274]   --->   Operation 60 'read' 'data_26_V_read' <Predicate = true> <Delay = 0.00>
ST_2 : Operation 61 [1/1] (0.00ns)   --->   "%zext_ln76_27 = zext i6 %data_26_V_read to i7" [firmware/nnet_utils/nnet_dense_resource.h:76->firmware/nnet_utils/nnet_dense_resource.h:274]   --->   Operation 61 'zext' 'zext_ln76_27' <Predicate = true> <Delay = 0.00>
ST_2 : Operation 62 [1/1] (0.00ns)   --->   "%data_27_V_read = call i6 @_ssdm_op_Read.ap_auto.i6P(i6* %data_27_V)" [firmware/nnet_utils/nnet_dense_resource.h:76->firmware/nnet_utils/nnet_dense_resource.h:274]   --->   Operation 62 'read' 'data_27_V_read' <Predicate = true> <Delay = 0.00>
ST_2 : Operation 63 [1/1] (0.00ns)   --->   "%zext_ln76_28 = zext i6 %data_27_V_read to i7" [firmware/nnet_utils/nnet_dense_resource.h:76->firmware/nnet_utils/nnet_dense_resource.h:274]   --->   Operation 63 'zext' 'zext_ln76_28' <Predicate = true> <Delay = 0.00>
ST_2 : Operation 64 [1/1] (0.00ns)   --->   "%data_28_V_read = call i6 @_ssdm_op_Read.ap_auto.i6P(i6* %data_28_V)" [firmware/nnet_utils/nnet_dense_resource.h:76->firmware/nnet_utils/nnet_dense_resource.h:274]   --->   Operation 64 'read' 'data_28_V_read' <Predicate = true> <Delay = 0.00>
ST_2 : Operation 65 [1/1] (0.00ns)   --->   "%zext_ln76_29 = zext i6 %data_28_V_read to i7" [firmware/nnet_utils/nnet_dense_resource.h:76->firmware/nnet_utils/nnet_dense_resource.h:274]   --->   Operation 65 'zext' 'zext_ln76_29' <Predicate = true> <Delay = 0.00>
ST_2 : Operation 66 [1/1] (0.00ns)   --->   "%data_29_V_read = call i6 @_ssdm_op_Read.ap_auto.i6P(i6* %data_29_V)" [firmware/nnet_utils/nnet_dense_resource.h:76->firmware/nnet_utils/nnet_dense_resource.h:274]   --->   Operation 66 'read' 'data_29_V_read' <Predicate = true> <Delay = 0.00>
ST_2 : Operation 67 [1/1] (0.00ns)   --->   "%zext_ln76_30 = zext i6 %data_29_V_read to i7" [firmware/nnet_utils/nnet_dense_resource.h:76->firmware/nnet_utils/nnet_dense_resource.h:274]   --->   Operation 67 'zext' 'zext_ln76_30' <Predicate = true> <Delay = 0.00>
ST_2 : Operation 68 [1/1] (0.00ns)   --->   "%data_30_V_read = call i6 @_ssdm_op_Read.ap_auto.i6P(i6* %data_30_V)" [firmware/nnet_utils/nnet_dense_resource.h:76->firmware/nnet_utils/nnet_dense_resource.h:274]   --->   Operation 68 'read' 'data_30_V_read' <Predicate = true> <Delay = 0.00>
ST_2 : Operation 69 [1/1] (0.00ns)   --->   "%zext_ln76_31 = zext i6 %data_30_V_read to i7" [firmware/nnet_utils/nnet_dense_resource.h:76->firmware/nnet_utils/nnet_dense_resource.h:274]   --->   Operation 69 'zext' 'zext_ln76_31' <Predicate = true> <Delay = 0.00>
ST_2 : Operation 70 [1/1] (0.00ns)   --->   "%data_31_V_read = call i6 @_ssdm_op_Read.ap_auto.i6P(i6* %data_31_V)" [firmware/nnet_utils/nnet_dense_resource.h:76->firmware/nnet_utils/nnet_dense_resource.h:274]   --->   Operation 70 'read' 'data_31_V_read' <Predicate = true> <Delay = 0.00>
ST_2 : Operation 71 [1/1] (0.00ns)   --->   "%zext_ln76_32 = zext i6 %data_31_V_read to i7" [firmware/nnet_utils/nnet_dense_resource.h:76->firmware/nnet_utils/nnet_dense_resource.h:274]   --->   Operation 71 'zext' 'zext_ln76_32' <Predicate = true> <Delay = 0.00>
ST_2 : Operation 72 [1/1] (3.20ns)   --->   "%tmp_1 = call i7 @_ssdm_op_Mux.ap_auto.32i7.i5(i7 %zext_ln76_1, i7 %zext_ln76_2, i7 %zext_ln76_3, i7 %zext_ln76_4, i7 %zext_ln76_5, i7 %zext_ln76_6, i7 %zext_ln76_7, i7 %zext_ln76_8, i7 %zext_ln76_9, i7 %zext_ln76_10, i7 %zext_ln76_11, i7 %zext_ln76_12, i7 %zext_ln76_13, i7 %zext_ln76_14, i7 %zext_ln76_15, i7 %zext_ln76_16, i7 %zext_ln76_17, i7 %zext_ln76_18, i7 %zext_ln76_19, i7 %zext_ln76_20, i7 %zext_ln76_21, i7 %zext_ln76_22, i7 %zext_ln76_23, i7 %zext_ln76_24, i7 %zext_ln76_25, i7 %zext_ln76_26, i7 %zext_ln76_27, i7 %zext_ln76_28, i7 %zext_ln76_29, i7 %zext_ln76_30, i7 %zext_ln76_31, i7 %zext_ln76_32, i5 %w_index15)" [firmware/nnet_utils/nnet_dense_resource.h:76->firmware/nnet_utils/nnet_dense_resource.h:274]   --->   Operation 72 'mux' 'tmp_1' <Predicate = true> <Delay = 3.20> <Core = "MuxnS">   --->   Core 31 'MuxnS' <Latency = 0> <II = 1> <Delay = 3.20> <FuncUnit> <Opcode : 'mux'> <InPorts = 2> <OutPorts = 1>
ST_2 : Operation 73 [1/1] (0.00ns)   --->   "%zext_ln76 = zext i5 %w_index15 to i64" [firmware/nnet_utils/nnet_dense_resource.h:76->firmware/nnet_utils/nnet_dense_resource.h:274]   --->   Operation 73 'zext' 'zext_ln76' <Predicate = true> <Delay = 0.00>
ST_2 : Operation 74 [1/1] (0.00ns)   --->   "%w11_V_addr = getelementptr [32 x i35]* @w11_V, i64 0, i64 %zext_ln76" [firmware/nnet_utils/nnet_dense_resource.h:76->firmware/nnet_utils/nnet_dense_resource.h:274]   --->   Operation 74 'getelementptr' 'w11_V_addr' <Predicate = true> <Delay = 0.00>
ST_2 : Operation 75 [2/2] (3.25ns)   --->   "%w11_V_load = load i35* %w11_V_addr, align 8" [firmware/nnet_utils/nnet_dense_resource.h:76->firmware/nnet_utils/nnet_dense_resource.h:274]   --->   Operation 75 'load' 'w11_V_load' <Predicate = true> <Delay = 3.25> <Core = "ROM_nP">   --->   Core 52 'ROM_nP' <Latency = 1> <II = 1> <Delay = 3.25> <Storage> <Opcode : 'load'> <Ports = 0> <Width = 35> <Depth = 32> <ROM>
ST_2 : Operation 76 [1/1] (1.78ns)   --->   "%w_index = add i5 1, %w_index15" [firmware/nnet_utils/nnet_dense_resource.h:64->firmware/nnet_utils/nnet_dense_resource.h:274]   --->   Operation 76 'add' 'w_index' <Predicate = true> <Delay = 1.78> <Core = "AddSub">   --->   Core 14 'AddSub' <Latency = 0> <II = 1> <Delay = 1.78> <FuncUnit> <Opcode : 'add' 'sub'> <InPorts = 2> <OutPorts = 1>
ST_2 : Operation 77 [1/1] (1.36ns)   --->   "%icmp_ln64 = icmp eq i5 %w_index15, -1" [firmware/nnet_utils/nnet_dense_resource.h:64->firmware/nnet_utils/nnet_dense_resource.h:274]   --->   Operation 77 'icmp' 'icmp_ln64' <Predicate = true> <Delay = 1.36> <Core = "Cmp">   --->   Core 25 'Cmp' <Latency = 0> <II = 1> <Delay = 1.36> <FuncUnit> <Opcode : 'icmp'> <InPorts = 2> <OutPorts = 1>
ST_2 : Operation 78 [1/1] (0.00ns)   --->   "br label %rewind_header" [firmware/nnet_utils/nnet_dense_resource.h:280]   --->   Operation 78 'br' <Predicate = (icmp_ln64)> <Delay = 0.00>

State 3 <SV = 2> <Delay = 3.25>
ST_3 : Operation 79 [1/2] (3.25ns)   --->   "%w11_V_load = load i35* %w11_V_addr, align 8" [firmware/nnet_utils/nnet_dense_resource.h:76->firmware/nnet_utils/nnet_dense_resource.h:274]   --->   Operation 79 'load' 'w11_V_load' <Predicate = true> <Delay = 3.25> <Core = "ROM_nP">   --->   Core 52 'ROM_nP' <Latency = 1> <II = 1> <Delay = 3.25> <Storage> <Opcode : 'load'> <Ports = 0> <Width = 35> <Depth = 32> <ROM>
ST_3 : Operation 80 [1/1] (0.00ns)   --->   "%trunc_ln76 = trunc i35 %w11_V_load to i7" [firmware/nnet_utils/nnet_dense_resource.h:76->firmware/nnet_utils/nnet_dense_resource.h:274]   --->   Operation 80 'trunc' 'trunc_ln76' <Predicate = true> <Delay = 0.00>
ST_3 : Operation 81 [1/1] (0.00ns)   --->   "%tmp_2 = call i7 @_ssdm_op_PartSelect.i7.i35.i32.i32(i35 %w11_V_load, i32 7, i32 13)" [firmware/nnet_utils/nnet_dense_resource.h:76->firmware/nnet_utils/nnet_dense_resource.h:274]   --->   Operation 81 'partselect' 'tmp_2' <Predicate = true> <Delay = 0.00>
ST_3 : Operation 82 [1/1] (0.00ns)   --->   "%tmp_3 = call i7 @_ssdm_op_PartSelect.i7.i35.i32.i32(i35 %w11_V_load, i32 14, i32 20)" [firmware/nnet_utils/nnet_dense_resource.h:76->firmware/nnet_utils/nnet_dense_resource.h:274]   --->   Operation 82 'partselect' 'tmp_3' <Predicate = true> <Delay = 0.00>
ST_3 : Operation 83 [1/1] (0.00ns)   --->   "%tmp_4 = call i7 @_ssdm_op_PartSelect.i7.i35.i32.i32(i35 %w11_V_load, i32 21, i32 27)" [firmware/nnet_utils/nnet_dense_resource.h:76->firmware/nnet_utils/nnet_dense_resource.h:274]   --->   Operation 83 'partselect' 'tmp_4' <Predicate = true> <Delay = 0.00>
ST_3 : Operation 84 [1/1] (0.00ns)   --->   "%tmp_5 = call i7 @_ssdm_op_PartSelect.i7.i35.i32.i32(i35 %w11_V_load, i32 28, i32 34)" [firmware/nnet_utils/nnet_dense_resource.h:76->firmware/nnet_utils/nnet_dense_resource.h:274]   --->   Operation 84 'partselect' 'tmp_5' <Predicate = true> <Delay = 0.00>

State 4 <SV = 3> <Delay = 3.74>
ST_4 : Operation 85 [1/1] (0.00ns)   --->   "%sext_ln1116 = sext i7 %tmp_1 to i14" [firmware/nnet_utils/nnet_mult.h:67->firmware/nnet_utils/nnet_dense_resource.h:76->firmware/nnet_utils/nnet_dense_resource.h:274]   --->   Operation 85 'sext' 'sext_ln1116' <Predicate = true> <Delay = 0.00>
ST_4 : Operation 86 [1/1] (0.00ns)   --->   "%sext_ln1118 = sext i7 %trunc_ln76 to i14" [firmware/nnet_utils/nnet_mult.h:67->firmware/nnet_utils/nnet_dense_resource.h:76->firmware/nnet_utils/nnet_dense_resource.h:274]   --->   Operation 86 'sext' 'sext_ln1118' <Predicate = true> <Delay = 0.00>
ST_4 : Operation 87 [1/1] (3.74ns)   --->   "%mul_ln1118 = mul i14 %sext_ln1116, %sext_ln1118" [firmware/nnet_utils/nnet_mult.h:67->firmware/nnet_utils/nnet_dense_resource.h:76->firmware/nnet_utils/nnet_dense_resource.h:274]   --->   Operation 87 'mul' 'mul_ln1118' <Predicate = true> <Delay = 3.74> <Core = "Mul">   --->   Core 16 'Mul' <Latency = 0> <II = 1> <Delay = 3.74> <FuncUnit> <Opcode : 'mul'> <InPorts = 2> <OutPorts = 1>
ST_4 : Operation 88 [1/1] (0.00ns)   --->   "%trunc_ln4 = call i12 @_ssdm_op_PartSelect.i12.i14.i32.i32(i14 %mul_ln1118, i32 2, i32 13)" [firmware/nnet_utils/nnet_mult.h:67->firmware/nnet_utils/nnet_dense_resource.h:76->firmware/nnet_utils/nnet_dense_resource.h:274]   --->   Operation 88 'partselect' 'trunc_ln4' <Predicate = true> <Delay = 0.00>
ST_4 : Operation 89 [1/1] (0.00ns)   --->   "%sext_ln1118_1 = sext i7 %tmp_2 to i14" [firmware/nnet_utils/nnet_mult.h:67->firmware/nnet_utils/nnet_dense_resource.h:76->firmware/nnet_utils/nnet_dense_resource.h:274]   --->   Operation 89 'sext' 'sext_ln1118_1' <Predicate = true> <Delay = 0.00>
ST_4 : Operation 90 [1/1] (3.74ns)   --->   "%mul_ln1118_20 = mul i14 %sext_ln1116, %sext_ln1118_1" [firmware/nnet_utils/nnet_mult.h:67->firmware/nnet_utils/nnet_dense_resource.h:76->firmware/nnet_utils/nnet_dense_resource.h:274]   --->   Operation 90 'mul' 'mul_ln1118_20' <Predicate = true> <Delay = 3.74> <Core = "Mul">   --->   Core 16 'Mul' <Latency = 0> <II = 1> <Delay = 3.74> <FuncUnit> <Opcode : 'mul'> <InPorts = 2> <OutPorts = 1>
ST_4 : Operation 91 [1/1] (0.00ns)   --->   "%trunc_ln708_s = call i12 @_ssdm_op_PartSelect.i12.i14.i32.i32(i14 %mul_ln1118_20, i32 2, i32 13)" [firmware/nnet_utils/nnet_mult.h:67->firmware/nnet_utils/nnet_dense_resource.h:76->firmware/nnet_utils/nnet_dense_resource.h:274]   --->   Operation 91 'partselect' 'trunc_ln708_s' <Predicate = true> <Delay = 0.00>
ST_4 : Operation 92 [1/1] (0.00ns)   --->   "%sext_ln1118_2 = sext i7 %tmp_3 to i14" [firmware/nnet_utils/nnet_mult.h:67->firmware/nnet_utils/nnet_dense_resource.h:76->firmware/nnet_utils/nnet_dense_resource.h:274]   --->   Operation 92 'sext' 'sext_ln1118_2' <Predicate = true> <Delay = 0.00>
ST_4 : Operation 93 [1/1] (3.74ns)   --->   "%mul_ln1118_21 = mul i14 %sext_ln1116, %sext_ln1118_2" [firmware/nnet_utils/nnet_mult.h:67->firmware/nnet_utils/nnet_dense_resource.h:76->firmware/nnet_utils/nnet_dense_resource.h:274]   --->   Operation 93 'mul' 'mul_ln1118_21' <Predicate = true> <Delay = 3.74> <Core = "Mul">   --->   Core 16 'Mul' <Latency = 0> <II = 1> <Delay = 3.74> <FuncUnit> <Opcode : 'mul'> <InPorts = 2> <OutPorts = 1>
ST_4 : Operation 94 [1/1] (0.00ns)   --->   "%trunc_ln708_107 = call i12 @_ssdm_op_PartSelect.i12.i14.i32.i32(i14 %mul_ln1118_21, i32 2, i32 13)" [firmware/nnet_utils/nnet_mult.h:67->firmware/nnet_utils/nnet_dense_resource.h:76->firmware/nnet_utils/nnet_dense_resource.h:274]   --->   Operation 94 'partselect' 'trunc_ln708_107' <Predicate = true> <Delay = 0.00>
ST_4 : Operation 95 [1/1] (0.00ns)   --->   "%sext_ln1118_3 = sext i7 %tmp_4 to i14" [firmware/nnet_utils/nnet_mult.h:67->firmware/nnet_utils/nnet_dense_resource.h:76->firmware/nnet_utils/nnet_dense_resource.h:274]   --->   Operation 95 'sext' 'sext_ln1118_3' <Predicate = true> <Delay = 0.00>
ST_4 : Operation 96 [1/1] (3.74ns)   --->   "%mul_ln1118_22 = mul i14 %sext_ln1116, %sext_ln1118_3" [firmware/nnet_utils/nnet_mult.h:67->firmware/nnet_utils/nnet_dense_resource.h:76->firmware/nnet_utils/nnet_dense_resource.h:274]   --->   Operation 96 'mul' 'mul_ln1118_22' <Predicate = true> <Delay = 3.74> <Core = "Mul">   --->   Core 16 'Mul' <Latency = 0> <II = 1> <Delay = 3.74> <FuncUnit> <Opcode : 'mul'> <InPorts = 2> <OutPorts = 1>
ST_4 : Operation 97 [1/1] (0.00ns)   --->   "%trunc_ln708_108 = call i12 @_ssdm_op_PartSelect.i12.i14.i32.i32(i14 %mul_ln1118_22, i32 2, i32 13)" [firmware/nnet_utils/nnet_mult.h:67->firmware/nnet_utils/nnet_dense_resource.h:76->firmware/nnet_utils/nnet_dense_resource.h:274]   --->   Operation 97 'partselect' 'trunc_ln708_108' <Predicate = true> <Delay = 0.00>
ST_4 : Operation 98 [1/1] (0.00ns)   --->   "%sext_ln1118_4 = sext i7 %tmp_5 to i14" [firmware/nnet_utils/nnet_mult.h:67->firmware/nnet_utils/nnet_dense_resource.h:76->firmware/nnet_utils/nnet_dense_resource.h:274]   --->   Operation 98 'sext' 'sext_ln1118_4' <Predicate = true> <Delay = 0.00>
ST_4 : Operation 99 [1/1] (3.74ns)   --->   "%mul_ln1118_23 = mul i14 %sext_ln1116, %sext_ln1118_4" [firmware/nnet_utils/nnet_mult.h:67->firmware/nnet_utils/nnet_dense_resource.h:76->firmware/nnet_utils/nnet_dense_resource.h:274]   --->   Operation 99 'mul' 'mul_ln1118_23' <Predicate = true> <Delay = 3.74> <Core = "Mul">   --->   Core 16 'Mul' <Latency = 0> <II = 1> <Delay = 3.74> <FuncUnit> <Opcode : 'mul'> <InPorts = 2> <OutPorts = 1>
ST_4 : Operation 100 [1/1] (0.00ns)   --->   "%trunc_ln708_109 = call i12 @_ssdm_op_PartSelect.i12.i14.i32.i32(i14 %mul_ln1118_23, i32 2, i32 13)" [firmware/nnet_utils/nnet_mult.h:67->firmware/nnet_utils/nnet_dense_resource.h:76->firmware/nnet_utils/nnet_dense_resource.h:274]   --->   Operation 100 'partselect' 'trunc_ln708_109' <Predicate = true> <Delay = 0.00>

State 5 <SV = 4> <Delay = 2.07>
ST_5 : Operation 101 [1/1] (0.00ns)   --->   "%do_init = phi i1 [ true, %_ZN8ap_fixedILi16ELi6EL9ap_q_mode5EL9ap_o_mode3ELi0EEC1ILi7ELi1ELb1ELS0_5ELS1_3ELi0EEERK13ap_fixed_baseIXT_EXT0_EXT1_EXT2_EXT3_EXT4_EE.exit.i.0 ], [ false, %ReuseLoop ], [ true, %.preheader.i.0 ]"   --->   Operation 101 'phi' 'do_init' <Predicate = true> <Delay = 0.00>
ST_5 : Operation 102 [1/1] (0.00ns)   --->   "%acc_V_0_013 = phi i16 [ -64, %_ZN8ap_fixedILi16ELi6EL9ap_q_mode5EL9ap_o_mode3ELi0EEC1ILi7ELi1ELb1ELS0_5ELS1_3ELi0EEERK13ap_fixed_baseIXT_EXT0_EXT1_EXT2_EXT3_EXT4_EE.exit.i.0 ], [ %acc_0_V, %ReuseLoop ], [ -64, %.preheader.i.0 ]"   --->   Operation 102 'phi' 'acc_V_0_013' <Predicate = true> <Delay = 0.00>
ST_5 : Operation 103 [1/1] (0.00ns)   --->   "%acc_V_1_011 = phi i16 [ -160, %_ZN8ap_fixedILi16ELi6EL9ap_q_mode5EL9ap_o_mode3ELi0EEC1ILi7ELi1ELb1ELS0_5ELS1_3ELi0EEERK13ap_fixed_baseIXT_EXT0_EXT1_EXT2_EXT3_EXT4_EE.exit.i.0 ], [ %acc_1_V, %ReuseLoop ], [ -160, %.preheader.i.0 ]"   --->   Operation 103 'phi' 'acc_V_1_011' <Predicate = true> <Delay = 0.00>
ST_5 : Operation 104 [1/1] (0.00ns)   --->   "%acc_V_2_09 = phi i16 [ -352, %_ZN8ap_fixedILi16ELi6EL9ap_q_mode5EL9ap_o_mode3ELi0EEC1ILi7ELi1ELb1ELS0_5ELS1_3ELi0EEERK13ap_fixed_baseIXT_EXT0_EXT1_EXT2_EXT3_EXT4_EE.exit.i.0 ], [ %acc_2_V, %ReuseLoop ], [ -352, %.preheader.i.0 ]"   --->   Operation 104 'phi' 'acc_V_2_09' <Predicate = true> <Delay = 0.00>
ST_5 : Operation 105 [1/1] (0.00ns)   --->   "%acc_V_3_07 = phi i16 [ 160, %_ZN8ap_fixedILi16ELi6EL9ap_q_mode5EL9ap_o_mode3ELi0EEC1ILi7ELi1ELb1ELS0_5ELS1_3ELi0EEERK13ap_fixed_baseIXT_EXT0_EXT1_EXT2_EXT3_EXT4_EE.exit.i.0 ], [ %acc_3_V, %ReuseLoop ], [ 160, %.preheader.i.0 ]"   --->   Operation 105 'phi' 'acc_V_3_07' <Predicate = true> <Delay = 0.00>
ST_5 : Operation 106 [1/1] (0.00ns)   --->   "%acc_V_4_05 = phi i16 [ 384, %_ZN8ap_fixedILi16ELi6EL9ap_q_mode5EL9ap_o_mode3ELi0EEC1ILi7ELi1ELb1ELS0_5ELS1_3ELi0EEERK13ap_fixed_baseIXT_EXT0_EXT1_EXT2_EXT3_EXT4_EE.exit.i.0 ], [ %acc_4_V, %ReuseLoop ], [ 384, %.preheader.i.0 ]"   --->   Operation 106 'phi' 'acc_V_4_05' <Predicate = true> <Delay = 0.00>
ST_5 : Operation 107 [1/1] (0.00ns)   --->   "br i1 %do_init, label %rewind_init, label %ReuseLoop"   --->   Operation 107 'br' <Predicate = true> <Delay = 0.00>
ST_5 : Operation 108 [1/1] (0.00ns)   --->   "call void (...)* @_ssdm_op_SpecStableContent(i6* %data_0_V, i6* %data_1_V, i6* %data_2_V, i6* %data_3_V, i6* %data_4_V, i6* %data_5_V, i6* %data_6_V, i6* %data_7_V, i6* %data_8_V, i6* %data_9_V, i6* %data_10_V, i6* %data_11_V, i6* %data_12_V, i6* %data_13_V, i6* %data_14_V, i6* %data_15_V, i6* %data_16_V, i6* %data_17_V, i6* %data_18_V, i6* %data_19_V, i6* %data_20_V, i6* %data_21_V, i6* %data_22_V, i6* %data_23_V, i6* %data_24_V, i6* %data_25_V, i6* %data_26_V, i6* %data_27_V, i6* %data_28_V, i6* %data_29_V, i6* %data_30_V, i6* %data_31_V) nounwind"   --->   Operation 108 'specstablecontent' <Predicate = (do_init)> <Delay = 0.00>
ST_5 : Operation 109 [1/1] (0.00ns)   --->   "call void (...)* @_ssdm_op_SpecStableContent(i16* %res_0_V, i16* %res_1_V, i16* %res_2_V, i16* %res_3_V, i16* %res_4_V) nounwind"   --->   Operation 109 'specstablecontent' <Predicate = (do_init)> <Delay = 0.00>
ST_5 : Operation 110 [1/1] (0.00ns)   --->   "br label %ReuseLoop" [firmware/nnet_utils/nnet_dense_resource.h:64->firmware/nnet_utils/nnet_dense_resource.h:274]   --->   Operation 110 'br' <Predicate = (do_init)> <Delay = 0.00>
ST_5 : Operation 111 [1/1] (0.00ns)   --->   "call void (...)* @_ssdm_op_SpecLoopName([10 x i8]* @p_str17) nounwind" [firmware/nnet_utils/nnet_dense_resource.h:64->firmware/nnet_utils/nnet_dense_resource.h:274]   --->   Operation 111 'specloopname' <Predicate = true> <Delay = 0.00>
ST_5 : Operation 112 [1/1] (0.00ns)   --->   "%tmp = call i32 (...)* @_ssdm_op_SpecRegionBegin([10 x i8]* @p_str17)" [firmware/nnet_utils/nnet_dense_resource.h:64->firmware/nnet_utils/nnet_dense_resource.h:274]   --->   Operation 112 'specregionbegin' 'tmp' <Predicate = true> <Delay = 0.00>
ST_5 : Operation 113 [1/1] (0.00ns)   --->   "call void (...)* @_ssdm_op_SpecPipeline(i32 1, i32 1, i32 1, i32 0, [1 x i8]* @p_str9) nounwind" [firmware/nnet_utils/nnet_dense_resource.h:65->firmware/nnet_utils/nnet_dense_resource.h:274]   --->   Operation 113 'specpipeline' <Predicate = true> <Delay = 0.00>
ST_5 : Operation 114 [1/1] (0.00ns)   --->   "%sext_ln708 = sext i12 %trunc_ln4 to i16" [firmware/nnet_utils/nnet_mult.h:67->firmware/nnet_utils/nnet_dense_resource.h:76->firmware/nnet_utils/nnet_dense_resource.h:274]   --->   Operation 114 'sext' 'sext_ln708' <Predicate = true> <Delay = 0.00>
ST_5 : Operation 115 [1/1] (2.07ns)   --->   "%acc_0_V = add i16 %sext_ln708, %acc_V_0_013" [firmware/nnet_utils/nnet_dense_resource.h:76->firmware/nnet_utils/nnet_dense_resource.h:274]   --->   Operation 115 'add' 'acc_0_V' <Predicate = true> <Delay = 2.07> <Core = "AddSub">   --->   Core 14 'AddSub' <Latency = 0> <II = 1> <Delay = 1.78> <FuncUnit> <Opcode : 'add' 'sub'> <InPorts = 2> <OutPorts = 1>
ST_5 : Operation 116 [1/1] (0.00ns)   --->   "%sext_ln708_1 = sext i12 %trunc_ln708_s to i16" [firmware/nnet_utils/nnet_mult.h:67->firmware/nnet_utils/nnet_dense_resource.h:76->firmware/nnet_utils/nnet_dense_resource.h:274]   --->   Operation 116 'sext' 'sext_ln708_1' <Predicate = true> <Delay = 0.00>
ST_5 : Operation 117 [1/1] (2.07ns)   --->   "%acc_1_V = add i16 %sext_ln708_1, %acc_V_1_011" [firmware/nnet_utils/nnet_dense_resource.h:76->firmware/nnet_utils/nnet_dense_resource.h:274]   --->   Operation 117 'add' 'acc_1_V' <Predicate = true> <Delay = 2.07> <Core = "AddSub">   --->   Core 14 'AddSub' <Latency = 0> <II = 1> <Delay = 1.78> <FuncUnit> <Opcode : 'add' 'sub'> <InPorts = 2> <OutPorts = 1>
ST_5 : Operation 118 [1/1] (0.00ns)   --->   "%sext_ln708_2 = sext i12 %trunc_ln708_107 to i16" [firmware/nnet_utils/nnet_mult.h:67->firmware/nnet_utils/nnet_dense_resource.h:76->firmware/nnet_utils/nnet_dense_resource.h:274]   --->   Operation 118 'sext' 'sext_ln708_2' <Predicate = true> <Delay = 0.00>
ST_5 : Operation 119 [1/1] (2.07ns)   --->   "%acc_2_V = add i16 %sext_ln708_2, %acc_V_2_09" [firmware/nnet_utils/nnet_dense_resource.h:76->firmware/nnet_utils/nnet_dense_resource.h:274]   --->   Operation 119 'add' 'acc_2_V' <Predicate = true> <Delay = 2.07> <Core = "AddSub">   --->   Core 14 'AddSub' <Latency = 0> <II = 1> <Delay = 1.78> <FuncUnit> <Opcode : 'add' 'sub'> <InPorts = 2> <OutPorts = 1>
ST_5 : Operation 120 [1/1] (0.00ns)   --->   "%sext_ln708_3 = sext i12 %trunc_ln708_108 to i16" [firmware/nnet_utils/nnet_mult.h:67->firmware/nnet_utils/nnet_dense_resource.h:76->firmware/nnet_utils/nnet_dense_resource.h:274]   --->   Operation 120 'sext' 'sext_ln708_3' <Predicate = true> <Delay = 0.00>
ST_5 : Operation 121 [1/1] (2.07ns)   --->   "%acc_3_V = add i16 %sext_ln708_3, %acc_V_3_07" [firmware/nnet_utils/nnet_dense_resource.h:76->firmware/nnet_utils/nnet_dense_resource.h:274]   --->   Operation 121 'add' 'acc_3_V' <Predicate = true> <Delay = 2.07> <Core = "AddSub">   --->   Core 14 'AddSub' <Latency = 0> <II = 1> <Delay = 1.78> <FuncUnit> <Opcode : 'add' 'sub'> <InPorts = 2> <OutPorts = 1>
ST_5 : Operation 122 [1/1] (0.00ns)   --->   "%sext_ln708_4 = sext i12 %trunc_ln708_109 to i16" [firmware/nnet_utils/nnet_mult.h:67->firmware/nnet_utils/nnet_dense_resource.h:76->firmware/nnet_utils/nnet_dense_resource.h:274]   --->   Operation 122 'sext' 'sext_ln708_4' <Predicate = true> <Delay = 0.00>
ST_5 : Operation 123 [1/1] (2.07ns)   --->   "%acc_4_V = add i16 %sext_ln708_4, %acc_V_4_05" [firmware/nnet_utils/nnet_dense_resource.h:76->firmware/nnet_utils/nnet_dense_resource.h:274]   --->   Operation 123 'add' 'acc_4_V' <Predicate = true> <Delay = 2.07> <Core = "AddSub">   --->   Core 14 'AddSub' <Latency = 0> <II = 1> <Delay = 1.78> <FuncUnit> <Opcode : 'add' 'sub'> <InPorts = 2> <OutPorts = 1>
ST_5 : Operation 124 [1/1] (0.00ns)   --->   "%empty = call i32 (...)* @_ssdm_op_SpecRegionEnd([10 x i8]* @p_str17, i32 %tmp)" [firmware/nnet_utils/nnet_dense_resource.h:93->firmware/nnet_utils/nnet_dense_resource.h:274]   --->   Operation 124 'specregionend' 'empty' <Predicate = true> <Delay = 0.00>
ST_5 : Operation 125 [1/1] (0.00ns)   --->   "%empty_47 = call i32 (...)* @_ssdm_op_SpecLoopTripCount(i64 32, i64 32, i64 32)"   --->   Operation 125 'speclooptripcount' 'empty_47' <Predicate = true> <Delay = 0.00>
ST_5 : Operation 126 [1/1] (0.00ns)   --->   "br i1 %icmp_ln64, label %.preheader.i.0, label %rewind_header" [firmware/nnet_utils/nnet_dense_resource.h:64->firmware/nnet_utils/nnet_dense_resource.h:274]   --->   Operation 126 'br' <Predicate = true> <Delay = 0.00>
ST_5 : Operation 127 [1/1] (0.00ns)   --->   "call void @_ssdm_op_Write.ap_auto.i16P(i16* %res_0_V, i16 %acc_0_V)" [firmware/nnet_utils/nnet_dense_resource.h:99->firmware/nnet_utils/nnet_dense_resource.h:274]   --->   Operation 127 'write' <Predicate = (icmp_ln64)> <Delay = 0.00>
ST_5 : Operation 128 [1/1] (0.00ns)   --->   "call void @_ssdm_op_Write.ap_auto.i16P(i16* %res_1_V, i16 %acc_1_V)" [firmware/nnet_utils/nnet_dense_resource.h:99->firmware/nnet_utils/nnet_dense_resource.h:274]   --->   Operation 128 'write' <Predicate = (icmp_ln64)> <Delay = 0.00>
ST_5 : Operation 129 [1/1] (0.00ns)   --->   "call void @_ssdm_op_Write.ap_auto.i16P(i16* %res_2_V, i16 %acc_2_V)" [firmware/nnet_utils/nnet_dense_resource.h:99->firmware/nnet_utils/nnet_dense_resource.h:274]   --->   Operation 129 'write' <Predicate = (icmp_ln64)> <Delay = 0.00>
ST_5 : Operation 130 [1/1] (0.00ns)   --->   "call void @_ssdm_op_Write.ap_auto.i16P(i16* %res_3_V, i16 %acc_3_V)" [firmware/nnet_utils/nnet_dense_resource.h:99->firmware/nnet_utils/nnet_dense_resource.h:274]   --->   Operation 130 'write' <Predicate = (icmp_ln64)> <Delay = 0.00>
ST_5 : Operation 131 [1/1] (0.00ns)   --->   "call void @_ssdm_op_Write.ap_auto.i16P(i16* %res_4_V, i16 %acc_4_V)" [firmware/nnet_utils/nnet_dense_resource.h:99->firmware/nnet_utils/nnet_dense_resource.h:274]   --->   Operation 131 'write' <Predicate = (icmp_ln64)> <Delay = 0.00>
ST_5 : Operation 132 [1/1] (0.00ns)   --->   "call void (...)* @_ssdm_op_Return()" [firmware/nnet_utils/nnet_dense_resource.h:280]   --->   Operation 132 'return' <Predicate = (icmp_ln64)> <Delay = 0.00>


============================================================
+ Verbose Summary: Timing violations
============================================================
Target clock period: 5ns, clock uncertainty: 0.625ns.

 <State 1>: 1.77ns
The critical path consists of the following:
	multiplexor before 'phi' operation ('do_init') [42]  (1.77 ns)

 <State 2>: 3.25ns
The critical path consists of the following:
	'phi' operation ('w_index') with incoming values : ('ir', firmware/nnet_utils/nnet_dense_resource.h:64->firmware/nnet_utils/nnet_dense_resource.h:274) [43]  (0 ns)
	'getelementptr' operation ('w11_V_addr', firmware/nnet_utils/nnet_dense_resource.h:76->firmware/nnet_utils/nnet_dense_resource.h:274) [124]  (0 ns)
	'load' operation ('w11_V_load', firmware/nnet_utils/nnet_dense_resource.h:76->firmware/nnet_utils/nnet_dense_resource.h:274) on array 'w11_V' [125]  (3.25 ns)

 <State 3>: 3.25ns
The critical path consists of the following:
	'load' operation ('w11_V_load', firmware/nnet_utils/nnet_dense_resource.h:76->firmware/nnet_utils/nnet_dense_resource.h:274) on array 'w11_V' [125]  (3.25 ns)

 <State 4>: 3.74ns
The critical path consists of the following:
	'mul' operation ('mul_ln1118', firmware/nnet_utils/nnet_mult.h:67->firmware/nnet_utils/nnet_dense_resource.h:76->firmware/nnet_utils/nnet_dense_resource.h:274) [129]  (3.74 ns)

 <State 5>: 2.08ns
The critical path consists of the following:
	'phi' operation ('acc[0].V') with incoming values : ('acc[0].V', firmware/nnet_utils/nnet_dense_resource.h:76->firmware/nnet_utils/nnet_dense_resource.h:274) [44]  (0 ns)
	'add' operation ('acc[0].V', firmware/nnet_utils/nnet_dense_resource.h:76->firmware/nnet_utils/nnet_dense_resource.h:274) [132]  (2.08 ns)
	wire write on port 'res_0_V' (firmware/nnet_utils/nnet_dense_resource.h:99->firmware/nnet_utils/nnet_dense_resource.h:274) [163]  (0 ns)


============================================================
+ Verbose Summary: Binding
============================================================
N/A
* FSMD analyzer results:
  - Output states:
 - Input state : 
  - Chain level:
	State 1
	State 2
	State 3
	State 4
	State 5


============================================================
+ Verbose Summary: Datapath Resource usage 
============================================================
N/A
