

================================================================
== Vivado HLS Report for 'softmax_latency'
================================================================
* Date:           Tue Mar 23 18:08:09 2021

* Version:        2019.2 (Build 2704478 on Wed Nov 06 22:10:23 MST 2019)
* Project:        myproject_prj
* Solution:       solution1
* Product family: zynq
* Target device:  xc7z020-clg400-1


================================================================
== Performance Estimates
================================================================
+ Timing: 
    * Summary: 
    +--------+---------+----------+------------+
    |  Clock |  Target | Estimated| Uncertainty|
    +--------+---------+----------+------------+
    |ap_clk  | 5.00 ns | 3.962 ns |   0.62 ns  |
    +--------+---------+----------+------------+

+ Latency: 
    * Summary: 
    +---------+---------+-----------+-----------+-----+-----+----------+
    |  Latency (cycles) |   Latency (absolute)  |  Interval | Pipeline |
    |   min   |   max   |    min    |    max    | min | max |   Type   |
    +---------+---------+-----------+-----------+-----+-----+----------+
    |        9|        9| 45.000 ns | 45.000 ns |    1|    1| function |
    +---------+---------+-----------+-----------+-----+-----+----------+

    + Detail: 
        * Instance: 
        N/A

        * Loop: 
        N/A

============================================================
+ Verbose Summary: Synthesis Manager
============================================================
InlineROM: 1
ExposeGlobal: 0
============================================================
+ Verbose Summary: CDFG Model
============================================================
IsTopModel: 0
ResetActiveHigh: 1
IsCombinational: 2
IsDatapathOnly: 0
HasWiredReturn: 1
HasMFsm: 2
HasVarLatency: 0
IsPipeline: 1
IsRtlPipelined: 1
IsInstanceOverlapped: 0
IsDontTouch: 0
HasImplIP: 0
IsGatedGlobalClock: 0

+ Individual pipeline summary: 
  * Pipeline-0: initiation interval (II) = 1, depth = 10


============================================================
+ Verbose Summary: Schedule
============================================================
* Number of FSM states : 10
* Pipeline : 1
  Pipeline-0 : II = 1, D = 10, States = { 1 2 3 4 5 6 7 8 9 10 }
* Dataflow Pipeline: 0

* FSM state transitions: 
1 --> 2 
2 --> 3 
3 --> 4 
4 --> 5 
5 --> 6 
6 --> 7 
7 --> 8 
8 --> 9 
9 --> 10 
10 --> 

* FSM state operations: 

State 1 <SV = 0> <Delay = 3.25>
ST_1 : Operation 11 [1/1] (0.00ns)   --->   "%p_Val2_s = call i16 @_ssdm_op_Read.ap_auto.i16P(i16* %data_0_V)" [firmware/nnet_utils/nnet_activation.h:250]   --->   Operation 11 'read' 'p_Val2_s' <Predicate = true> <Delay = 0.00>
ST_1 : Operation 12 [1/1] (0.00ns)   --->   "%y_V = call i10 @_ssdm_op_PartSelect.i10.i16.i32.i32(i16 %p_Val2_s, i32 6, i32 15)" [firmware/nnet_utils/nnet_activation.h:197->firmware/nnet_utils/nnet_activation.h:250]   --->   Operation 12 'partselect' 'y_V' <Predicate = true> <Delay = 0.00>
ST_1 : Operation 13 [1/1] (0.00ns)   --->   "%p_Val2_2 = call i16 @_ssdm_op_Read.ap_auto.i16P(i16* %data_1_V)" [firmware/nnet_utils/nnet_activation.h:250]   --->   Operation 13 'read' 'p_Val2_2' <Predicate = true> <Delay = 0.00>
ST_1 : Operation 14 [1/1] (0.00ns)   --->   "%y_V_1 = call i10 @_ssdm_op_PartSelect.i10.i16.i32.i32(i16 %p_Val2_2, i32 6, i32 15)" [firmware/nnet_utils/nnet_activation.h:197->firmware/nnet_utils/nnet_activation.h:250]   --->   Operation 14 'partselect' 'y_V_1' <Predicate = true> <Delay = 0.00>
ST_1 : Operation 15 [1/1] (0.00ns)   --->   "%p_Val2_4 = call i16 @_ssdm_op_Read.ap_auto.i16P(i16* %data_2_V)" [firmware/nnet_utils/nnet_activation.h:250]   --->   Operation 15 'read' 'p_Val2_4' <Predicate = true> <Delay = 0.00>
ST_1 : Operation 16 [1/1] (0.00ns)   --->   "%y_V_2 = call i10 @_ssdm_op_PartSelect.i10.i16.i32.i32(i16 %p_Val2_4, i32 6, i32 15)" [firmware/nnet_utils/nnet_activation.h:197->firmware/nnet_utils/nnet_activation.h:250]   --->   Operation 16 'partselect' 'y_V_2' <Predicate = true> <Delay = 0.00>
ST_1 : Operation 17 [1/1] (0.00ns)   --->   "%zext_ln251_2 = zext i10 %y_V_2 to i64" [firmware/nnet_utils/nnet_activation.h:251]   --->   Operation 17 'zext' 'zext_ln251_2' <Predicate = true> <Delay = 0.00>
ST_1 : Operation 18 [1/1] (0.00ns)   --->   "%exp_table1_addr_2 = getelementptr [1024 x i18]* @exp_table1, i64 0, i64 %zext_ln251_2" [firmware/nnet_utils/nnet_activation.h:251]   --->   Operation 18 'getelementptr' 'exp_table1_addr_2' <Predicate = true> <Delay = 0.00>
ST_1 : Operation 19 [2/2] (3.25ns)   --->   "%exp_res_2_V = load i18* %exp_table1_addr_2, align 4" [firmware/nnet_utils/nnet_activation.h:251]   --->   Operation 19 'load' 'exp_res_2_V' <Predicate = true> <Delay = 3.25> <Core = "ROM_nP">   --->   Core 52 'ROM_nP' <Latency = 1> <II = 1> <Delay = 3.25> <Storage> <Opcode : 'load'> <Ports = 0> <Width = 18> <Depth = 1024> <ROM>
ST_1 : Operation 20 [1/1] (0.00ns)   --->   "%p_Val2_6 = call i16 @_ssdm_op_Read.ap_auto.i16P(i16* %data_3_V)" [firmware/nnet_utils/nnet_activation.h:250]   --->   Operation 20 'read' 'p_Val2_6' <Predicate = true> <Delay = 0.00>
ST_1 : Operation 21 [1/1] (0.00ns)   --->   "%y_V_3 = call i10 @_ssdm_op_PartSelect.i10.i16.i32.i32(i16 %p_Val2_6, i32 6, i32 15)" [firmware/nnet_utils/nnet_activation.h:197->firmware/nnet_utils/nnet_activation.h:250]   --->   Operation 21 'partselect' 'y_V_3' <Predicate = true> <Delay = 0.00>
ST_1 : Operation 22 [1/1] (0.00ns)   --->   "%zext_ln251_3 = zext i10 %y_V_3 to i64" [firmware/nnet_utils/nnet_activation.h:251]   --->   Operation 22 'zext' 'zext_ln251_3' <Predicate = true> <Delay = 0.00>
ST_1 : Operation 23 [1/1] (0.00ns)   --->   "%exp_table1_addr_3 = getelementptr [1024 x i18]* @exp_table1, i64 0, i64 %zext_ln251_3" [firmware/nnet_utils/nnet_activation.h:251]   --->   Operation 23 'getelementptr' 'exp_table1_addr_3' <Predicate = true> <Delay = 0.00>
ST_1 : Operation 24 [2/2] (3.25ns)   --->   "%exp_res_3_V = load i18* %exp_table1_addr_3, align 4" [firmware/nnet_utils/nnet_activation.h:251]   --->   Operation 24 'load' 'exp_res_3_V' <Predicate = true> <Delay = 3.25> <Core = "ROM_nP">   --->   Core 52 'ROM_nP' <Latency = 1> <II = 1> <Delay = 3.25> <Storage> <Opcode : 'load'> <Ports = 0> <Width = 18> <Depth = 1024> <ROM>
ST_1 : Operation 25 [1/1] (0.00ns)   --->   "%p_Val2_8 = call i16 @_ssdm_op_Read.ap_auto.i16P(i16* %data_4_V)" [firmware/nnet_utils/nnet_activation.h:250]   --->   Operation 25 'read' 'p_Val2_8' <Predicate = true> <Delay = 0.00>
ST_1 : Operation 26 [1/1] (0.00ns)   --->   "%y_V_4 = call i10 @_ssdm_op_PartSelect.i10.i16.i32.i32(i16 %p_Val2_8, i32 6, i32 15)" [firmware/nnet_utils/nnet_activation.h:197->firmware/nnet_utils/nnet_activation.h:250]   --->   Operation 26 'partselect' 'y_V_4' <Predicate = true> <Delay = 0.00>
ST_1 : Operation 27 [1/1] (0.00ns)   --->   "%zext_ln251_4 = zext i10 %y_V_4 to i64" [firmware/nnet_utils/nnet_activation.h:251]   --->   Operation 27 'zext' 'zext_ln251_4' <Predicate = true> <Delay = 0.00>
ST_1 : Operation 28 [1/1] (0.00ns)   --->   "%exp_table1_addr_4 = getelementptr [1024 x i18]* @exp_table1, i64 0, i64 %zext_ln251_4" [firmware/nnet_utils/nnet_activation.h:251]   --->   Operation 28 'getelementptr' 'exp_table1_addr_4' <Predicate = true> <Delay = 0.00>
ST_1 : Operation 29 [2/2] (3.25ns)   --->   "%exp_res_4_V = load i18* %exp_table1_addr_4, align 4" [firmware/nnet_utils/nnet_activation.h:251]   --->   Operation 29 'load' 'exp_res_4_V' <Predicate = true> <Delay = 3.25> <Core = "ROM_nP">   --->   Core 52 'ROM_nP' <Latency = 1> <II = 1> <Delay = 3.25> <Storage> <Opcode : 'load'> <Ports = 0> <Width = 18> <Depth = 1024> <ROM>

State 2 <SV = 1> <Delay = 3.25>
ST_2 : Operation 30 [1/1] (0.00ns)   --->   "%zext_ln251 = zext i10 %y_V to i64" [firmware/nnet_utils/nnet_activation.h:251]   --->   Operation 30 'zext' 'zext_ln251' <Predicate = true> <Delay = 0.00>
ST_2 : Operation 31 [1/1] (0.00ns)   --->   "%exp_table1_addr = getelementptr [1024 x i18]* @exp_table1, i64 0, i64 %zext_ln251" [firmware/nnet_utils/nnet_activation.h:251]   --->   Operation 31 'getelementptr' 'exp_table1_addr' <Predicate = true> <Delay = 0.00>
ST_2 : Operation 32 [2/2] (3.25ns)   --->   "%exp_res_0_V = load i18* %exp_table1_addr, align 4" [firmware/nnet_utils/nnet_activation.h:251]   --->   Operation 32 'load' 'exp_res_0_V' <Predicate = true> <Delay = 3.25> <Core = "ROM_nP">   --->   Core 52 'ROM_nP' <Latency = 1> <II = 1> <Delay = 3.25> <Storage> <Opcode : 'load'> <Ports = 0> <Width = 18> <Depth = 1024> <ROM>
ST_2 : Operation 33 [1/1] (0.00ns)   --->   "%zext_ln251_1 = zext i10 %y_V_1 to i64" [firmware/nnet_utils/nnet_activation.h:251]   --->   Operation 33 'zext' 'zext_ln251_1' <Predicate = true> <Delay = 0.00>
ST_2 : Operation 34 [1/1] (0.00ns)   --->   "%exp_table1_addr_1 = getelementptr [1024 x i18]* @exp_table1, i64 0, i64 %zext_ln251_1" [firmware/nnet_utils/nnet_activation.h:251]   --->   Operation 34 'getelementptr' 'exp_table1_addr_1' <Predicate = true> <Delay = 0.00>
ST_2 : Operation 35 [2/2] (3.25ns)   --->   "%exp_res_1_V = load i18* %exp_table1_addr_1, align 4" [firmware/nnet_utils/nnet_activation.h:251]   --->   Operation 35 'load' 'exp_res_1_V' <Predicate = true> <Delay = 3.25> <Core = "ROM_nP">   --->   Core 52 'ROM_nP' <Latency = 1> <II = 1> <Delay = 3.25> <Storage> <Opcode : 'load'> <Ports = 0> <Width = 18> <Depth = 1024> <ROM>
ST_2 : Operation 36 [1/2] (3.25ns)   --->   "%exp_res_2_V = load i18* %exp_table1_addr_2, align 4" [firmware/nnet_utils/nnet_activation.h:251]   --->   Operation 36 'load' 'exp_res_2_V' <Predicate = true> <Delay = 3.25> <Core = "ROM_nP">   --->   Core 52 'ROM_nP' <Latency = 1> <II = 1> <Delay = 3.25> <Storage> <Opcode : 'load'> <Ports = 0> <Width = 18> <Depth = 1024> <ROM>
ST_2 : Operation 37 [1/2] (3.25ns)   --->   "%exp_res_3_V = load i18* %exp_table1_addr_3, align 4" [firmware/nnet_utils/nnet_activation.h:251]   --->   Operation 37 'load' 'exp_res_3_V' <Predicate = true> <Delay = 3.25> <Core = "ROM_nP">   --->   Core 52 'ROM_nP' <Latency = 1> <II = 1> <Delay = 3.25> <Storage> <Opcode : 'load'> <Ports = 0> <Width = 18> <Depth = 1024> <ROM>
ST_2 : Operation 38 [1/2] (3.25ns)   --->   "%exp_res_4_V = load i18* %exp_table1_addr_4, align 4" [firmware/nnet_utils/nnet_activation.h:251]   --->   Operation 38 'load' 'exp_res_4_V' <Predicate = true> <Delay = 3.25> <Core = "ROM_nP">   --->   Core 52 'ROM_nP' <Latency = 1> <II = 1> <Delay = 3.25> <Storage> <Opcode : 'load'> <Ports = 0> <Width = 18> <Depth = 1024> <ROM>

State 3 <SV = 2> <Delay = 3.96>
ST_3 : Operation 39 [1/2] (3.25ns)   --->   "%exp_res_0_V = load i18* %exp_table1_addr, align 4" [firmware/nnet_utils/nnet_activation.h:251]   --->   Operation 39 'load' 'exp_res_0_V' <Predicate = true> <Delay = 3.25> <Core = "ROM_nP">   --->   Core 52 'ROM_nP' <Latency = 1> <II = 1> <Delay = 3.25> <Storage> <Opcode : 'load'> <Ports = 0> <Width = 18> <Depth = 1024> <ROM>
ST_3 : Operation 40 [1/2] (3.25ns)   --->   "%exp_res_1_V = load i18* %exp_table1_addr_1, align 4" [firmware/nnet_utils/nnet_activation.h:251]   --->   Operation 40 'load' 'exp_res_1_V' <Predicate = true> <Delay = 3.25> <Core = "ROM_nP">   --->   Core 52 'ROM_nP' <Latency = 1> <II = 1> <Delay = 3.25> <Storage> <Opcode : 'load'> <Ports = 0> <Width = 18> <Depth = 1024> <ROM>
ST_3 : Operation 41 [1/1] (0.00ns) (grouped into TernaryAdder)   --->   "%add_ln703_1 = add i18 %exp_res_2_V, %exp_res_4_V" [firmware/nnet_utils/nnet_common.h:70->firmware/nnet_utils/nnet_common.h:62->firmware/nnet_utils/nnet_activation.h:257]   --->   Operation 41 'add' 'add_ln703_1' <Predicate = true> <Delay = 0.00> <Core = "TAddSub">   --->   Core 83 'TAddSub' <Latency = 0> <II = 1> <Delay = 1.98> <IPBlock> <Opcode : 'add' 'sub'> <InPorts = 3> <OutPorts = 1> <Sync> <CReg>
ST_3 : Operation 42 [1/1] (3.96ns) (root node of TernaryAdder)   --->   "%add_ln703_2 = add i18 %add_ln703_1, %exp_res_3_V" [firmware/nnet_utils/nnet_common.h:70->firmware/nnet_utils/nnet_common.h:62->firmware/nnet_utils/nnet_activation.h:257]   --->   Operation 42 'add' 'add_ln703_2' <Predicate = true> <Delay = 3.96> <Core = "TAddSub">   --->   Core 83 'TAddSub' <Latency = 0> <II = 1> <Delay = 1.98> <IPBlock> <Opcode : 'add' 'sub'> <InPorts = 3> <OutPorts = 1> <Sync> <CReg>

State 4 <SV = 3> <Delay = 3.96>
ST_4 : Operation 43 [1/1] (0.00ns) (grouped into TernaryAdder)   --->   "%add_ln703 = add i18 %exp_res_0_V, %exp_res_1_V" [firmware/nnet_utils/nnet_common.h:70->firmware/nnet_utils/nnet_common.h:62->firmware/nnet_utils/nnet_activation.h:257]   --->   Operation 43 'add' 'add_ln703' <Predicate = true> <Delay = 0.00> <Core = "TAddSub">   --->   Core 83 'TAddSub' <Latency = 0> <II = 1> <Delay = 1.98> <IPBlock> <Opcode : 'add' 'sub'> <InPorts = 3> <OutPorts = 1> <Sync> <CReg>
ST_4 : Operation 44 [1/1] (3.96ns) (root node of TernaryAdder)   --->   "%exp_sum_V = add i18 %add_ln703_2, %add_ln703" [firmware/nnet_utils/nnet_common.h:70->firmware/nnet_utils/nnet_common.h:62->firmware/nnet_utils/nnet_activation.h:257]   --->   Operation 44 'add' 'exp_sum_V' <Predicate = true> <Delay = 3.96> <Core = "TAddSub">   --->   Core 83 'TAddSub' <Latency = 0> <II = 1> <Delay = 1.98> <IPBlock> <Opcode : 'add' 'sub'> <InPorts = 3> <OutPorts = 1> <Sync> <CReg>
ST_4 : Operation 45 [1/1] (0.00ns)   --->   "%y_V_5 = call i10 @_ssdm_op_PartSelect.i10.i18.i32.i32(i18 %exp_sum_V, i32 8, i32 17)" [firmware/nnet_utils/nnet_activation.h:197->firmware/nnet_utils/nnet_activation.h:259]   --->   Operation 45 'partselect' 'y_V_5' <Predicate = true> <Delay = 0.00>

State 5 <SV = 4> <Delay = 3.25>
ST_5 : Operation 46 [1/1] (0.00ns)   --->   "%zext_ln259 = zext i10 %y_V_5 to i64" [firmware/nnet_utils/nnet_activation.h:259]   --->   Operation 46 'zext' 'zext_ln259' <Predicate = true> <Delay = 0.00>
ST_5 : Operation 47 [1/1] (0.00ns)   --->   "%invert_table2_addr = getelementptr [1024 x i18]* @invert_table2, i64 0, i64 %zext_ln259" [firmware/nnet_utils/nnet_activation.h:259]   --->   Operation 47 'getelementptr' 'invert_table2_addr' <Predicate = true> <Delay = 0.00>
ST_5 : Operation 48 [2/2] (3.25ns)   --->   "%inv_exp_sum_V = load i18* %invert_table2_addr, align 4" [firmware/nnet_utils/nnet_activation.h:259]   --->   Operation 48 'load' 'inv_exp_sum_V' <Predicate = true> <Delay = 3.25> <Core = "ROM_nP">   --->   Core 52 'ROM_nP' <Latency = 1> <II = 1> <Delay = 3.25> <Storage> <Opcode : 'load'> <Ports = 0> <Width = 18> <Depth = 1024> <ROM>

State 6 <SV = 5> <Delay = 3.25>
ST_6 : Operation 49 [1/2] (3.25ns)   --->   "%inv_exp_sum_V = load i18* %invert_table2_addr, align 4" [firmware/nnet_utils/nnet_activation.h:259]   --->   Operation 49 'load' 'inv_exp_sum_V' <Predicate = true> <Delay = 3.25> <Core = "ROM_nP">   --->   Core 52 'ROM_nP' <Latency = 1> <II = 1> <Delay = 3.25> <Storage> <Opcode : 'load'> <Ports = 0> <Width = 18> <Depth = 1024> <ROM>

State 7 <SV = 6> <Delay = 3.89>
ST_7 : Operation 50 [1/1] (0.00ns)   --->   "%sext_ln1116 = sext i18 %inv_exp_sum_V to i30" [firmware/nnet_utils/nnet_activation.h:262]   --->   Operation 50 'sext' 'sext_ln1116' <Predicate = true> <Delay = 0.00>
ST_7 : Operation 51 [1/1] (0.00ns)   --->   "%sext_ln1118 = sext i18 %exp_res_0_V to i30" [firmware/nnet_utils/nnet_activation.h:262]   --->   Operation 51 'sext' 'sext_ln1118' <Predicate = true> <Delay = 0.00>
ST_7 : Operation 52 [3/3] (3.89ns) (root node of the DSP)   --->   "%mul_ln1118 = mul i30 %sext_ln1116, %sext_ln1118" [firmware/nnet_utils/nnet_activation.h:262]   --->   Operation 52 'mul' 'mul_ln1118' <Predicate = true> <Delay = 3.89> <Core = "DSP48">   --->   Core 88 'DSP48' <Latency = 2> <II = 1> <Delay = 3.89> <IPBlock> <Opcode : 'mul' 'add' 'sub' 'select'> <InPorts = 0> <OutPorts = 1> <Sync> <CReg>
ST_7 : Operation 53 [1/1] (0.00ns)   --->   "%sext_ln1118_1 = sext i18 %exp_res_1_V to i30" [firmware/nnet_utils/nnet_activation.h:262]   --->   Operation 53 'sext' 'sext_ln1118_1' <Predicate = true> <Delay = 0.00>
ST_7 : Operation 54 [3/3] (3.89ns) (root node of the DSP)   --->   "%mul_ln1118_1 = mul i30 %sext_ln1116, %sext_ln1118_1" [firmware/nnet_utils/nnet_activation.h:262]   --->   Operation 54 'mul' 'mul_ln1118_1' <Predicate = true> <Delay = 3.89> <Core = "DSP48">   --->   Core 88 'DSP48' <Latency = 2> <II = 1> <Delay = 3.89> <IPBlock> <Opcode : 'mul' 'add' 'sub' 'select'> <InPorts = 0> <OutPorts = 1> <Sync> <CReg>
ST_7 : Operation 55 [1/1] (0.00ns)   --->   "%sext_ln1118_2 = sext i18 %exp_res_2_V to i30" [firmware/nnet_utils/nnet_activation.h:262]   --->   Operation 55 'sext' 'sext_ln1118_2' <Predicate = true> <Delay = 0.00>
ST_7 : Operation 56 [3/3] (3.89ns) (root node of the DSP)   --->   "%mul_ln1118_2 = mul i30 %sext_ln1116, %sext_ln1118_2" [firmware/nnet_utils/nnet_activation.h:262]   --->   Operation 56 'mul' 'mul_ln1118_2' <Predicate = true> <Delay = 3.89> <Core = "DSP48">   --->   Core 88 'DSP48' <Latency = 2> <II = 1> <Delay = 3.89> <IPBlock> <Opcode : 'mul' 'add' 'sub' 'select'> <InPorts = 0> <OutPorts = 1> <Sync> <CReg>
ST_7 : Operation 57 [1/1] (0.00ns)   --->   "%sext_ln1118_3 = sext i18 %exp_res_3_V to i30" [firmware/nnet_utils/nnet_activation.h:262]   --->   Operation 57 'sext' 'sext_ln1118_3' <Predicate = true> <Delay = 0.00>
ST_7 : Operation 58 [3/3] (3.89ns) (root node of the DSP)   --->   "%mul_ln1118_3 = mul i30 %sext_ln1116, %sext_ln1118_3" [firmware/nnet_utils/nnet_activation.h:262]   --->   Operation 58 'mul' 'mul_ln1118_3' <Predicate = true> <Delay = 3.89> <Core = "DSP48">   --->   Core 88 'DSP48' <Latency = 2> <II = 1> <Delay = 3.89> <IPBlock> <Opcode : 'mul' 'add' 'sub' 'select'> <InPorts = 0> <OutPorts = 1> <Sync> <CReg>
ST_7 : Operation 59 [1/1] (0.00ns)   --->   "%sext_ln1118_4 = sext i18 %exp_res_4_V to i30" [firmware/nnet_utils/nnet_activation.h:262]   --->   Operation 59 'sext' 'sext_ln1118_4' <Predicate = true> <Delay = 0.00>
ST_7 : Operation 60 [3/3] (3.89ns) (root node of the DSP)   --->   "%mul_ln1118_4 = mul i30 %sext_ln1116, %sext_ln1118_4" [firmware/nnet_utils/nnet_activation.h:262]   --->   Operation 60 'mul' 'mul_ln1118_4' <Predicate = true> <Delay = 3.89> <Core = "DSP48">   --->   Core 88 'DSP48' <Latency = 2> <II = 1> <Delay = 3.89> <IPBlock> <Opcode : 'mul' 'add' 'sub' 'select'> <InPorts = 0> <OutPorts = 1> <Sync> <CReg>

State 8 <SV = 7> <Delay = 3.89>
ST_8 : Operation 61 [2/3] (3.89ns) (root node of the DSP)   --->   "%mul_ln1118 = mul i30 %sext_ln1116, %sext_ln1118" [firmware/nnet_utils/nnet_activation.h:262]   --->   Operation 61 'mul' 'mul_ln1118' <Predicate = true> <Delay = 3.89> <Core = "DSP48">   --->   Core 88 'DSP48' <Latency = 2> <II = 1> <Delay = 3.89> <IPBlock> <Opcode : 'mul' 'add' 'sub' 'select'> <InPorts = 0> <OutPorts = 1> <Sync> <CReg>
ST_8 : Operation 62 [2/3] (3.89ns) (root node of the DSP)   --->   "%mul_ln1118_1 = mul i30 %sext_ln1116, %sext_ln1118_1" [firmware/nnet_utils/nnet_activation.h:262]   --->   Operation 62 'mul' 'mul_ln1118_1' <Predicate = true> <Delay = 3.89> <Core = "DSP48">   --->   Core 88 'DSP48' <Latency = 2> <II = 1> <Delay = 3.89> <IPBlock> <Opcode : 'mul' 'add' 'sub' 'select'> <InPorts = 0> <OutPorts = 1> <Sync> <CReg>
ST_8 : Operation 63 [2/3] (3.89ns) (root node of the DSP)   --->   "%mul_ln1118_2 = mul i30 %sext_ln1116, %sext_ln1118_2" [firmware/nnet_utils/nnet_activation.h:262]   --->   Operation 63 'mul' 'mul_ln1118_2' <Predicate = true> <Delay = 3.89> <Core = "DSP48">   --->   Core 88 'DSP48' <Latency = 2> <II = 1> <Delay = 3.89> <IPBlock> <Opcode : 'mul' 'add' 'sub' 'select'> <InPorts = 0> <OutPorts = 1> <Sync> <CReg>
ST_8 : Operation 64 [2/3] (3.89ns) (root node of the DSP)   --->   "%mul_ln1118_3 = mul i30 %sext_ln1116, %sext_ln1118_3" [firmware/nnet_utils/nnet_activation.h:262]   --->   Operation 64 'mul' 'mul_ln1118_3' <Predicate = true> <Delay = 3.89> <Core = "DSP48">   --->   Core 88 'DSP48' <Latency = 2> <II = 1> <Delay = 3.89> <IPBlock> <Opcode : 'mul' 'add' 'sub' 'select'> <InPorts = 0> <OutPorts = 1> <Sync> <CReg>
ST_8 : Operation 65 [2/3] (3.89ns) (root node of the DSP)   --->   "%mul_ln1118_4 = mul i30 %sext_ln1116, %sext_ln1118_4" [firmware/nnet_utils/nnet_activation.h:262]   --->   Operation 65 'mul' 'mul_ln1118_4' <Predicate = true> <Delay = 3.89> <Core = "DSP48">   --->   Core 88 'DSP48' <Latency = 2> <II = 1> <Delay = 3.89> <IPBlock> <Opcode : 'mul' 'add' 'sub' 'select'> <InPorts = 0> <OutPorts = 1> <Sync> <CReg>

State 9 <SV = 8> <Delay = 0.00>
ST_9 : Operation 66 [1/3] (0.00ns) (root node of the DSP)   --->   "%mul_ln1118 = mul i30 %sext_ln1116, %sext_ln1118" [firmware/nnet_utils/nnet_activation.h:262]   --->   Operation 66 'mul' 'mul_ln1118' <Predicate = true> <Delay = 0.00> <Core = "DSP48">   --->   Core 88 'DSP48' <Latency = 2> <II = 1> <Delay = 3.89> <IPBlock> <Opcode : 'mul' 'add' 'sub' 'select'> <InPorts = 0> <OutPorts = 1> <Sync> <CReg>
ST_9 : Operation 67 [1/3] (0.00ns) (root node of the DSP)   --->   "%mul_ln1118_1 = mul i30 %sext_ln1116, %sext_ln1118_1" [firmware/nnet_utils/nnet_activation.h:262]   --->   Operation 67 'mul' 'mul_ln1118_1' <Predicate = true> <Delay = 0.00> <Core = "DSP48">   --->   Core 88 'DSP48' <Latency = 2> <II = 1> <Delay = 3.89> <IPBlock> <Opcode : 'mul' 'add' 'sub' 'select'> <InPorts = 0> <OutPorts = 1> <Sync> <CReg>
ST_9 : Operation 68 [1/3] (0.00ns) (root node of the DSP)   --->   "%mul_ln1118_2 = mul i30 %sext_ln1116, %sext_ln1118_2" [firmware/nnet_utils/nnet_activation.h:262]   --->   Operation 68 'mul' 'mul_ln1118_2' <Predicate = true> <Delay = 0.00> <Core = "DSP48">   --->   Core 88 'DSP48' <Latency = 2> <II = 1> <Delay = 3.89> <IPBlock> <Opcode : 'mul' 'add' 'sub' 'select'> <InPorts = 0> <OutPorts = 1> <Sync> <CReg>
ST_9 : Operation 69 [1/3] (0.00ns) (root node of the DSP)   --->   "%mul_ln1118_3 = mul i30 %sext_ln1116, %sext_ln1118_3" [firmware/nnet_utils/nnet_activation.h:262]   --->   Operation 69 'mul' 'mul_ln1118_3' <Predicate = true> <Delay = 0.00> <Core = "DSP48">   --->   Core 88 'DSP48' <Latency = 2> <II = 1> <Delay = 3.89> <IPBlock> <Opcode : 'mul' 'add' 'sub' 'select'> <InPorts = 0> <OutPorts = 1> <Sync> <CReg>
ST_9 : Operation 70 [1/3] (0.00ns) (root node of the DSP)   --->   "%mul_ln1118_4 = mul i30 %sext_ln1116, %sext_ln1118_4" [firmware/nnet_utils/nnet_activation.h:262]   --->   Operation 70 'mul' 'mul_ln1118_4' <Predicate = true> <Delay = 0.00> <Core = "DSP48">   --->   Core 88 'DSP48' <Latency = 2> <II = 1> <Delay = 3.89> <IPBlock> <Opcode : 'mul' 'add' 'sub' 'select'> <InPorts = 0> <OutPorts = 1> <Sync> <CReg>

State 10 <SV = 9> <Delay = 0.00>
ST_10 : Operation 71 [1/1] (0.00ns)   --->   "call void (...)* @_ssdm_op_SpecStableContent(i16* %data_0_V, i16* %data_1_V, i16* %data_2_V, i16* %data_3_V, i16* %data_4_V) nounwind"   --->   Operation 71 'specstablecontent' <Predicate = true> <Delay = 0.00>
ST_10 : Operation 72 [1/1] (0.00ns)   --->   "call void (...)* @_ssdm_op_SpecPipeline(i32 -1, i32 1, i32 1, i32 0, [1 x i8]* @p_str9) nounwind" [firmware/nnet_utils/nnet_activation.h:224]   --->   Operation 72 'specpipeline' <Predicate = true> <Delay = 0.00>
ST_10 : Operation 73 [1/1] (0.00ns)   --->   "%trunc_ln = call i16 @_ssdm_op_PartSelect.i16.i30.i32.i32(i30 %mul_ln1118, i32 14, i32 29)" [firmware/nnet_utils/nnet_activation.h:262]   --->   Operation 73 'partselect' 'trunc_ln' <Predicate = true> <Delay = 0.00>
ST_10 : Operation 74 [1/1] (0.00ns)   --->   "call void @_ssdm_op_Write.ap_auto.i16P(i16* %res_0_V, i16 %trunc_ln)" [firmware/nnet_utils/nnet_activation.h:262]   --->   Operation 74 'write' <Predicate = true> <Delay = 0.00>
ST_10 : Operation 75 [1/1] (0.00ns)   --->   "%trunc_ln708_1 = call i16 @_ssdm_op_PartSelect.i16.i30.i32.i32(i30 %mul_ln1118_1, i32 14, i32 29)" [firmware/nnet_utils/nnet_activation.h:262]   --->   Operation 75 'partselect' 'trunc_ln708_1' <Predicate = true> <Delay = 0.00>
ST_10 : Operation 76 [1/1] (0.00ns)   --->   "call void @_ssdm_op_Write.ap_auto.i16P(i16* %res_1_V, i16 %trunc_ln708_1)" [firmware/nnet_utils/nnet_activation.h:262]   --->   Operation 76 'write' <Predicate = true> <Delay = 0.00>
ST_10 : Operation 77 [1/1] (0.00ns)   --->   "%trunc_ln708_2 = call i16 @_ssdm_op_PartSelect.i16.i30.i32.i32(i30 %mul_ln1118_2, i32 14, i32 29)" [firmware/nnet_utils/nnet_activation.h:262]   --->   Operation 77 'partselect' 'trunc_ln708_2' <Predicate = true> <Delay = 0.00>
ST_10 : Operation 78 [1/1] (0.00ns)   --->   "call void @_ssdm_op_Write.ap_auto.i16P(i16* %res_2_V, i16 %trunc_ln708_2)" [firmware/nnet_utils/nnet_activation.h:262]   --->   Operation 78 'write' <Predicate = true> <Delay = 0.00>
ST_10 : Operation 79 [1/1] (0.00ns)   --->   "%trunc_ln708_3 = call i16 @_ssdm_op_PartSelect.i16.i30.i32.i32(i30 %mul_ln1118_3, i32 14, i32 29)" [firmware/nnet_utils/nnet_activation.h:262]   --->   Operation 79 'partselect' 'trunc_ln708_3' <Predicate = true> <Delay = 0.00>
ST_10 : Operation 80 [1/1] (0.00ns)   --->   "call void @_ssdm_op_Write.ap_auto.i16P(i16* %res_3_V, i16 %trunc_ln708_3)" [firmware/nnet_utils/nnet_activation.h:262]   --->   Operation 80 'write' <Predicate = true> <Delay = 0.00>
ST_10 : Operation 81 [1/1] (0.00ns)   --->   "%trunc_ln708_4 = call i16 @_ssdm_op_PartSelect.i16.i30.i32.i32(i30 %mul_ln1118_4, i32 14, i32 29)" [firmware/nnet_utils/nnet_activation.h:262]   --->   Operation 81 'partselect' 'trunc_ln708_4' <Predicate = true> <Delay = 0.00>
ST_10 : Operation 82 [1/1] (0.00ns)   --->   "call void @_ssdm_op_Write.ap_auto.i16P(i16* %res_4_V, i16 %trunc_ln708_4)" [firmware/nnet_utils/nnet_activation.h:262]   --->   Operation 82 'write' <Predicate = true> <Delay = 0.00>
ST_10 : Operation 83 [1/1] (0.00ns)   --->   "ret void" [firmware/nnet_utils/nnet_activation.h:264]   --->   Operation 83 'ret' <Predicate = true> <Delay = 0.00>


============================================================
+ Verbose Summary: Binding
============================================================
STG Binding: 
---------------- STG Properties BEGIN ----------------
- Is combinational: 0
- Is one-state seq: 0
- Is datapath-only: 0
- Is pipelined: 1
- Is top level: 0
Port [ Return ] is wired: 1; IO mode=ap_ctrl_hs:ce=0
Port [ data_0_V]:  wired=1; compound=0; hidden=0; nouse=0; global=0; static=0; extern=0; dir=0; type=0; pingpong=0; private_global=0; IO mode=ap_none:ce=0
Port [ data_1_V]:  wired=1; compound=0; hidden=0; nouse=0; global=0; static=0; extern=0; dir=0; type=0; pingpong=0; private_global=0; IO mode=ap_none:ce=0
Port [ data_2_V]:  wired=1; compound=0; hidden=0; nouse=0; global=0; static=0; extern=0; dir=0; type=0; pingpong=0; private_global=0; IO mode=ap_none:ce=0
Port [ data_3_V]:  wired=1; compound=0; hidden=0; nouse=0; global=0; static=0; extern=0; dir=0; type=0; pingpong=0; private_global=0; IO mode=ap_none:ce=0
Port [ data_4_V]:  wired=1; compound=0; hidden=0; nouse=0; global=0; static=0; extern=0; dir=0; type=0; pingpong=0; private_global=0; IO mode=ap_none:ce=0
Port [ res_0_V]:  wired=1; compound=0; hidden=0; nouse=0; global=0; static=0; extern=0; dir=1; type=0; pingpong=0; private_global=0; IO mode=ap_vld:ce=0
Port [ res_1_V]:  wired=1; compound=0; hidden=0; nouse=0; global=0; static=0; extern=0; dir=1; type=0; pingpong=0; private_global=0; IO mode=ap_vld:ce=0
Port [ res_2_V]:  wired=1; compound=0; hidden=0; nouse=0; global=0; static=0; extern=0; dir=1; type=0; pingpong=0; private_global=0; IO mode=ap_vld:ce=0
Port [ res_3_V]:  wired=1; compound=0; hidden=0; nouse=0; global=0; static=0; extern=0; dir=1; type=0; pingpong=0; private_global=0; IO mode=ap_vld:ce=0
Port [ res_4_V]:  wired=1; compound=0; hidden=0; nouse=0; global=0; static=0; extern=0; dir=1; type=0; pingpong=0; private_global=0; IO mode=ap_vld:ce=0
Port [ exp_table1]:  wired=0; compound=1; hidden=1; nouse=0; global=1; static=1; extern=0; dir=0; type=1; pingpong=0; private_global=1; linkage=7; visibility=0; MemPort=[11111]; IO mode=ap_memory:ce=0
Port [ invert_table2]:  wired=0; compound=1; hidden=1; nouse=0; global=1; static=1; extern=0; dir=0; type=1; pingpong=0; private_global=1; linkage=7; visibility=0; MemPort=[1]; IO mode=ap_memory:ce=0
---------------- STG Properties END ------------------

---------------- Datapath Model BEGIN ----------------

<LifeTime>
<method=bitvector/>
p_Val2_s              (read             ) [ 00000000000]
y_V                   (partselect       ) [ 01100000000]
p_Val2_2              (read             ) [ 00000000000]
y_V_1                 (partselect       ) [ 01100000000]
p_Val2_4              (read             ) [ 00000000000]
y_V_2                 (partselect       ) [ 00000000000]
zext_ln251_2          (zext             ) [ 00000000000]
exp_table1_addr_2     (getelementptr    ) [ 01100000000]
p_Val2_6              (read             ) [ 00000000000]
y_V_3                 (partselect       ) [ 00000000000]
zext_ln251_3          (zext             ) [ 00000000000]
exp_table1_addr_3     (getelementptr    ) [ 01100000000]
p_Val2_8              (read             ) [ 00000000000]
y_V_4                 (partselect       ) [ 00000000000]
zext_ln251_4          (zext             ) [ 00000000000]
exp_table1_addr_4     (getelementptr    ) [ 01100000000]
zext_ln251            (zext             ) [ 00000000000]
exp_table1_addr       (getelementptr    ) [ 01010000000]
zext_ln251_1          (zext             ) [ 00000000000]
exp_table1_addr_1     (getelementptr    ) [ 01010000000]
exp_res_2_V           (load             ) [ 01011111000]
exp_res_3_V           (load             ) [ 01011111000]
exp_res_4_V           (load             ) [ 01011111000]
exp_res_0_V           (load             ) [ 01001111000]
exp_res_1_V           (load             ) [ 01001111000]
add_ln703_1           (add              ) [ 00000000000]
add_ln703_2           (add              ) [ 01001000000]
add_ln703             (add              ) [ 00000000000]
exp_sum_V             (add              ) [ 00000000000]
y_V_5                 (partselect       ) [ 01000100000]
zext_ln259            (zext             ) [ 00000000000]
invert_table2_addr    (getelementptr    ) [ 01000010000]
inv_exp_sum_V         (load             ) [ 01000001000]
sext_ln1116           (sext             ) [ 01000000110]
sext_ln1118           (sext             ) [ 01000000110]
sext_ln1118_1         (sext             ) [ 01000000110]
sext_ln1118_2         (sext             ) [ 01000000110]
sext_ln1118_3         (sext             ) [ 01000000110]
sext_ln1118_4         (sext             ) [ 01000000110]
mul_ln1118            (mul              ) [ 01000000001]
mul_ln1118_1          (mul              ) [ 01000000001]
mul_ln1118_2          (mul              ) [ 01000000001]
mul_ln1118_3          (mul              ) [ 01000000001]
mul_ln1118_4          (mul              ) [ 01000000001]
specstablecontent_ln0 (specstablecontent) [ 00000000000]
specpipeline_ln224    (specpipeline     ) [ 00000000000]
trunc_ln              (partselect       ) [ 00000000000]
write_ln262           (write            ) [ 00000000000]
trunc_ln708_1         (partselect       ) [ 00000000000]
write_ln262           (write            ) [ 00000000000]
trunc_ln708_2         (partselect       ) [ 00000000000]
write_ln262           (write            ) [ 00000000000]
trunc_ln708_3         (partselect       ) [ 00000000000]
write_ln262           (write            ) [ 00000000000]
trunc_ln708_4         (partselect       ) [ 00000000000]
write_ln262           (write            ) [ 00000000000]
ret_ln264             (ret              ) [ 00000000000]
</LifeTime>

<model>

<comp_list>
<comp id="0" class="1000" name="data_0_V">
<pin_list>
<pin id="1" dir="1" index="0" bw="1" slack="0"/>
</pin_list>
<bind>
<StgValue><ssdm name="data_0_V"/></StgValue>
</bind>
</comp>

<comp id="2" class="1000" name="data_1_V">
<pin_list>
<pin id="3" dir="1" index="0" bw="1" slack="0"/>
</pin_list>
<bind>
<StgValue><ssdm name="data_1_V"/></StgValue>
</bind>
</comp>

<comp id="4" class="1000" name="data_2_V">
<pin_list>
<pin id="5" dir="1" index="0" bw="1" slack="0"/>
</pin_list>
<bind>
<StgValue><ssdm name="data_2_V"/></StgValue>
</bind>
</comp>

<comp id="6" class="1000" name="data_3_V">
<pin_list>
<pin id="7" dir="1" index="0" bw="1" slack="0"/>
</pin_list>
<bind>
<StgValue><ssdm name="data_3_V"/></StgValue>
</bind>
</comp>

<comp id="8" class="1000" name="data_4_V">
<pin_list>
<pin id="9" dir="1" index="0" bw="1" slack="0"/>
</pin_list>
<bind>
<StgValue><ssdm name="data_4_V"/></StgValue>
</bind>
</comp>

<comp id="10" class="1000" name="res_0_V">
<pin_list>
<pin id="11" dir="1" index="0" bw="1" slack="0"/>
</pin_list>
<bind>
<StgValue><ssdm name="res_0_V"/></StgValue>
</bind>
</comp>

<comp id="12" class="1000" name="res_1_V">
<pin_list>
<pin id="13" dir="1" index="0" bw="1" slack="0"/>
</pin_list>
<bind>
<StgValue><ssdm name="res_1_V"/></StgValue>
</bind>
</comp>

<comp id="14" class="1000" name="res_2_V">
<pin_list>
<pin id="15" dir="1" index="0" bw="1" slack="0"/>
</pin_list>
<bind>
<StgValue><ssdm name="res_2_V"/></StgValue>
</bind>
</comp>

<comp id="16" class="1000" name="res_3_V">
<pin_list>
<pin id="17" dir="1" index="0" bw="1" slack="0"/>
</pin_list>
<bind>
<StgValue><ssdm name="res_3_V"/></StgValue>
</bind>
</comp>

<comp id="18" class="1000" name="res_4_V">
<pin_list>
<pin id="19" dir="1" index="0" bw="1" slack="0"/>
</pin_list>
<bind>
<StgValue><ssdm name="res_4_V"/></StgValue>
</bind>
</comp>

<comp id="20" class="1000" name="exp_table1">
<pin_list>
<pin id="21" dir="1" index="0" bw="1" slack="0"/>
</pin_list>
<bind>
<StgValue><ssdm name="exp_table1"/><MemPortTyVec>1 1 1 1 1 </MemPortTyVec>
</StgValue>
</bind>
</comp>

<comp id="22" class="1000" name="invert_table2">
<pin_list>
<pin id="23" dir="1" index="0" bw="1" slack="0"/>
</pin_list>
<bind>
<StgValue><ssdm name="invert_table2"/><MemPortTyVec>1 </MemPortTyVec>
</StgValue>
</bind>
</comp>

<comp id="24" class="1001" name="const_24">
<pin_list>
<pin id="25" dir="1" index="0" bw="1" slack="0"/>
</pin_list>
<bind>
<StgValue><ssdm name="_ssdm_op_Read.ap_auto.i16P"/></StgValue>
</bind>
</comp>

<comp id="26" class="1001" name="const_26">
<pin_list>
<pin id="27" dir="1" index="0" bw="1" slack="0"/>
</pin_list>
<bind>
<StgValue><ssdm name="_ssdm_op_PartSelect.i10.i16.i32.i32"/></StgValue>
</bind>
</comp>

<comp id="28" class="1001" name="const_28">
<pin_list>
<pin id="29" dir="1" index="0" bw="1" slack="0"/>
</pin_list>
<bind>
<StgValue><ssdm name=""/></StgValue>
</bind>
</comp>

<comp id="30" class="1001" name="const_30">
<pin_list>
<pin id="31" dir="1" index="0" bw="1" slack="0"/>
</pin_list>
<bind>
<StgValue><ssdm name=""/></StgValue>
</bind>
</comp>

<comp id="32" class="1001" name="const_32">
<pin_list>
<pin id="33" dir="1" index="0" bw="1" slack="0"/>
</pin_list>
<bind>
<StgValue><ssdm name=""/></StgValue>
</bind>
</comp>

<comp id="34" class="1001" name="const_34">
<pin_list>
<pin id="35" dir="1" index="0" bw="1" slack="0"/>
</pin_list>
<bind>
<StgValue><ssdm name="_ssdm_op_PartSelect.i10.i18.i32.i32"/></StgValue>
</bind>
</comp>

<comp id="36" class="1001" name="const_36">
<pin_list>
<pin id="37" dir="1" index="0" bw="1" slack="0"/>
</pin_list>
<bind>
<StgValue><ssdm name=""/></StgValue>
</bind>
</comp>

<comp id="38" class="1001" name="const_38">
<pin_list>
<pin id="39" dir="1" index="0" bw="1" slack="0"/>
</pin_list>
<bind>
<StgValue><ssdm name=""/></StgValue>
</bind>
</comp>

<comp id="40" class="1001" name="const_40">
<pin_list>
<pin id="41" dir="1" index="0" bw="1" slack="2147483647"/>
</pin_list>
<bind>
<StgValue><ssdm name="_ssdm_op_SpecStableContent"/></StgValue>
</bind>
</comp>

<comp id="42" class="1001" name="const_42">
<pin_list>
<pin id="43" dir="1" index="0" bw="1" slack="2147483647"/>
</pin_list>
<bind>
<StgValue><ssdm name="_ssdm_op_SpecPipeline"/></StgValue>
</bind>
</comp>

<comp id="44" class="1001" name="const_44">
<pin_list>
<pin id="45" dir="1" index="0" bw="1" slack="2147483647"/>
</pin_list>
<bind>
<StgValue><ssdm name=""/></StgValue>
</bind>
</comp>

<comp id="46" class="1001" name="const_46">
<pin_list>
<pin id="47" dir="1" index="0" bw="1" slack="2147483647"/>
</pin_list>
<bind>
<StgValue><ssdm name=""/></StgValue>
</bind>
</comp>

<comp id="48" class="1001" name="const_48">
<pin_list>
<pin id="49" dir="1" index="0" bw="1" slack="2147483647"/>
</pin_list>
<bind>
<StgValue><ssdm name=""/></StgValue>
</bind>
</comp>

<comp id="50" class="1001" name="const_50">
<pin_list>
<pin id="51" dir="1" index="0" bw="1" slack="2147483647"/>
</pin_list>
<bind>
<StgValue><ssdm name="p_str9"/></StgValue>
</bind>
</comp>

<comp id="52" class="1001" name="const_52">
<pin_list>
<pin id="53" dir="1" index="0" bw="1" slack="0"/>
</pin_list>
<bind>
<StgValue><ssdm name="_ssdm_op_PartSelect.i16.i30.i32.i32"/></StgValue>
</bind>
</comp>

<comp id="54" class="1001" name="const_54">
<pin_list>
<pin id="55" dir="1" index="0" bw="1" slack="0"/>
</pin_list>
<bind>
<StgValue><ssdm name=""/></StgValue>
</bind>
</comp>

<comp id="56" class="1001" name="const_56">
<pin_list>
<pin id="57" dir="1" index="0" bw="1" slack="0"/>
</pin_list>
<bind>
<StgValue><ssdm name=""/></StgValue>
</bind>
</comp>

<comp id="58" class="1001" name="const_58">
<pin_list>
<pin id="59" dir="1" index="0" bw="1" slack="0"/>
</pin_list>
<bind>
<StgValue><ssdm name="_ssdm_op_Write.ap_auto.i16P"/></StgValue>
</bind>
</comp>

<comp id="60" class="1004" name="p_Val2_s_read_fu_60">
<pin_list>
<pin id="61" dir="0" index="0" bw="16" slack="0"/>
<pin id="62" dir="0" index="1" bw="16" slack="0"/>
<pin id="63" dir="1" index="2" bw="16" slack="0"/>
</pin_list>
<bind>
<opcode="read(1150) " fcode="read"/>
<opset="p_Val2_s/1 "/>
</bind>
</comp>

<comp id="66" class="1004" name="p_Val2_2_read_fu_66">
<pin_list>
<pin id="67" dir="0" index="0" bw="16" slack="0"/>
<pin id="68" dir="0" index="1" bw="16" slack="0"/>
<pin id="69" dir="1" index="2" bw="16" slack="0"/>
</pin_list>
<bind>
<opcode="read(1150) " fcode="read"/>
<opset="p_Val2_2/1 "/>
</bind>
</comp>

<comp id="72" class="1004" name="p_Val2_4_read_fu_72">
<pin_list>
<pin id="73" dir="0" index="0" bw="16" slack="0"/>
<pin id="74" dir="0" index="1" bw="16" slack="0"/>
<pin id="75" dir="1" index="2" bw="16" slack="0"/>
</pin_list>
<bind>
<opcode="read(1150) " fcode="read"/>
<opset="p_Val2_4/1 "/>
</bind>
</comp>

<comp id="78" class="1004" name="p_Val2_6_read_fu_78">
<pin_list>
<pin id="79" dir="0" index="0" bw="16" slack="0"/>
<pin id="80" dir="0" index="1" bw="16" slack="0"/>
<pin id="81" dir="1" index="2" bw="16" slack="0"/>
</pin_list>
<bind>
<opcode="read(1150) " fcode="read"/>
<opset="p_Val2_6/1 "/>
</bind>
</comp>

<comp id="84" class="1004" name="p_Val2_8_read_fu_84">
<pin_list>
<pin id="85" dir="0" index="0" bw="16" slack="0"/>
<pin id="86" dir="0" index="1" bw="16" slack="0"/>
<pin id="87" dir="1" index="2" bw="16" slack="0"/>
</pin_list>
<bind>
<opcode="read(1150) " fcode="read"/>
<opset="p_Val2_8/1 "/>
</bind>
</comp>

<comp id="90" class="1004" name="write_ln262_write_fu_90">
<pin_list>
<pin id="91" dir="0" index="0" bw="0" slack="0"/>
<pin id="92" dir="0" index="1" bw="16" slack="0"/>
<pin id="93" dir="0" index="2" bw="16" slack="0"/>
<pin id="94" dir="1" index="3" bw="0" slack="2147483647"/>
</pin_list>
<bind>
<opcode="write(1151) " fcode="write"/>
<opset="write_ln262/10 "/>
</bind>
</comp>

<comp id="97" class="1004" name="write_ln262_write_fu_97">
<pin_list>
<pin id="98" dir="0" index="0" bw="0" slack="0"/>
<pin id="99" dir="0" index="1" bw="16" slack="0"/>
<pin id="100" dir="0" index="2" bw="16" slack="0"/>
<pin id="101" dir="1" index="3" bw="0" slack="2147483647"/>
</pin_list>
<bind>
<opcode="write(1151) " fcode="write"/>
<opset="write_ln262/10 "/>
</bind>
</comp>

<comp id="104" class="1004" name="write_ln262_write_fu_104">
<pin_list>
<pin id="105" dir="0" index="0" bw="0" slack="0"/>
<pin id="106" dir="0" index="1" bw="16" slack="0"/>
<pin id="107" dir="0" index="2" bw="16" slack="0"/>
<pin id="108" dir="1" index="3" bw="0" slack="2147483647"/>
</pin_list>
<bind>
<opcode="write(1151) " fcode="write"/>
<opset="write_ln262/10 "/>
</bind>
</comp>

<comp id="111" class="1004" name="write_ln262_write_fu_111">
<pin_list>
<pin id="112" dir="0" index="0" bw="0" slack="0"/>
<pin id="113" dir="0" index="1" bw="16" slack="0"/>
<pin id="114" dir="0" index="2" bw="16" slack="0"/>
<pin id="115" dir="1" index="3" bw="0" slack="2147483647"/>
</pin_list>
<bind>
<opcode="write(1151) " fcode="write"/>
<opset="write_ln262/10 "/>
</bind>
</comp>

<comp id="118" class="1004" name="write_ln262_write_fu_118">
<pin_list>
<pin id="119" dir="0" index="0" bw="0" slack="0"/>
<pin id="120" dir="0" index="1" bw="16" slack="0"/>
<pin id="121" dir="0" index="2" bw="16" slack="0"/>
<pin id="122" dir="1" index="3" bw="0" slack="2147483647"/>
</pin_list>
<bind>
<opcode="write(1151) " fcode="write"/>
<opset="write_ln262/10 "/>
</bind>
</comp>

<comp id="125" class="1004" name="exp_table1_addr_2_gep_fu_125">
<pin_list>
<pin id="126" dir="0" index="0" bw="18" slack="0"/>
<pin id="127" dir="0" index="1" bw="1" slack="0"/>
<pin id="128" dir="0" index="2" bw="10" slack="0"/>
<pin id="129" dir="1" index="3" bw="10" slack="0"/>
</pin_list>
<bind>
<opcode="getelementptr(29) " fcode="getelementptr"/>
<opset="exp_table1_addr_2/1 "/>
</bind>
</comp>

<comp id="132" class="1004" name="grp_access_fu_132">
<pin_list>
<pin id="133" dir="0" index="0" bw="10" slack="0"/>
<pin id="134" dir="0" index="1" bw="18" slack="2147483647"/>
<pin id="135" dir="0" index="2" bw="0" slack="0"/>
<pin id="145" dir="0" index="4" bw="10" slack="2147483647"/>
<pin id="146" dir="0" index="5" bw="18" slack="0"/>
<pin id="147" dir="0" index="6" bw="0" slack="2147483647"/>
<pin id="157" dir="0" index="8" bw="10" slack="0"/>
<pin id="158" dir="0" index="9" bw="18" slack="2147483647"/>
<pin id="159" dir="0" index="10" bw="0" slack="0"/>
<pin id="169" dir="0" index="12" bw="10" slack="2147483647"/>
<pin id="170" dir="0" index="13" bw="18" slack="2147483647"/>
<pin id="171" dir="0" index="14" bw="0" slack="2147483647"/>
<pin id="181" dir="0" index="16" bw="10" slack="2147483647"/>
<pin id="182" dir="0" index="17" bw="18" slack="2147483647"/>
<pin id="183" dir="0" index="18" bw="0" slack="2147483647"/>
<pin id="136" dir="1" index="3" bw="18" slack="1"/>
<pin id="148" dir="1" index="7" bw="18" slack="1"/>
<pin id="160" dir="1" index="11" bw="18" slack="1"/>
<pin id="172" dir="1" index="15" bw="18" slack="1"/>
<pin id="184" dir="1" index="19" bw="18" slack="1"/>
</pin_list>
<bind>
<opcode="load(27) " fcode="load"/>
<opset="exp_res_2_V/1 exp_res_3_V/1 exp_res_4_V/1 exp_res_0_V/2 exp_res_1_V/2 "/>
</bind>
</comp>

<comp id="138" class="1004" name="exp_table1_addr_3_gep_fu_138">
<pin_list>
<pin id="139" dir="0" index="0" bw="18" slack="0"/>
<pin id="140" dir="0" index="1" bw="1" slack="0"/>
<pin id="141" dir="0" index="2" bw="10" slack="0"/>
<pin id="142" dir="1" index="3" bw="10" slack="0"/>
</pin_list>
<bind>
<opcode="getelementptr(29) " fcode="getelementptr"/>
<opset="exp_table1_addr_3/1 "/>
</bind>
</comp>

<comp id="150" class="1004" name="exp_table1_addr_4_gep_fu_150">
<pin_list>
<pin id="151" dir="0" index="0" bw="18" slack="0"/>
<pin id="152" dir="0" index="1" bw="1" slack="0"/>
<pin id="153" dir="0" index="2" bw="10" slack="0"/>
<pin id="154" dir="1" index="3" bw="10" slack="0"/>
</pin_list>
<bind>
<opcode="getelementptr(29) " fcode="getelementptr"/>
<opset="exp_table1_addr_4/1 "/>
</bind>
</comp>

<comp id="162" class="1004" name="exp_table1_addr_gep_fu_162">
<pin_list>
<pin id="163" dir="0" index="0" bw="18" slack="0"/>
<pin id="164" dir="0" index="1" bw="1" slack="0"/>
<pin id="165" dir="0" index="2" bw="10" slack="0"/>
<pin id="166" dir="1" index="3" bw="10" slack="0"/>
</pin_list>
<bind>
<opcode="getelementptr(29) " fcode="getelementptr"/>
<opset="exp_table1_addr/2 "/>
</bind>
</comp>

<comp id="174" class="1004" name="exp_table1_addr_1_gep_fu_174">
<pin_list>
<pin id="175" dir="0" index="0" bw="18" slack="0"/>
<pin id="176" dir="0" index="1" bw="1" slack="0"/>
<pin id="177" dir="0" index="2" bw="10" slack="0"/>
<pin id="178" dir="1" index="3" bw="10" slack="0"/>
</pin_list>
<bind>
<opcode="getelementptr(29) " fcode="getelementptr"/>
<opset="exp_table1_addr_1/2 "/>
</bind>
</comp>

<comp id="186" class="1004" name="invert_table2_addr_gep_fu_186">
<pin_list>
<pin id="187" dir="0" index="0" bw="18" slack="0"/>
<pin id="188" dir="0" index="1" bw="1" slack="0"/>
<pin id="189" dir="0" index="2" bw="10" slack="0"/>
<pin id="190" dir="1" index="3" bw="10" slack="0"/>
</pin_list>
<bind>
<opcode="getelementptr(29) " fcode="getelementptr"/>
<opset="invert_table2_addr/5 "/>
</bind>
</comp>

<comp id="193" class="1004" name="grp_access_fu_193">
<pin_list>
<pin id="194" dir="0" index="0" bw="10" slack="0"/>
<pin id="195" dir="0" index="1" bw="18" slack="2147483647"/>
<pin id="196" dir="0" index="2" bw="0" slack="2147483647"/>
<pin id="197" dir="1" index="3" bw="18" slack="1"/>
</pin_list>
<bind>
<opcode="load(27) " fcode="load"/>
<opset="inv_exp_sum_V/5 "/>
</bind>
</comp>

<comp id="199" class="1004" name="y_V_fu_199">
<pin_list>
<pin id="200" dir="0" index="0" bw="10" slack="0"/>
<pin id="201" dir="0" index="1" bw="16" slack="0"/>
<pin id="202" dir="0" index="2" bw="4" slack="0"/>
<pin id="203" dir="0" index="3" bw="5" slack="0"/>
<pin id="204" dir="1" index="4" bw="10" slack="1"/>
</pin_list>
<bind>
<opcode="partselect(1002) " fcode="partselect"/>
<opset="y_V/1 "/>
</bind>
</comp>

<comp id="209" class="1004" name="y_V_1_fu_209">
<pin_list>
<pin id="210" dir="0" index="0" bw="10" slack="0"/>
<pin id="211" dir="0" index="1" bw="16" slack="0"/>
<pin id="212" dir="0" index="2" bw="4" slack="0"/>
<pin id="213" dir="0" index="3" bw="5" slack="0"/>
<pin id="214" dir="1" index="4" bw="10" slack="1"/>
</pin_list>
<bind>
<opcode="partselect(1002) " fcode="partselect"/>
<opset="y_V_1/1 "/>
</bind>
</comp>

<comp id="219" class="1004" name="y_V_2_fu_219">
<pin_list>
<pin id="220" dir="0" index="0" bw="10" slack="0"/>
<pin id="221" dir="0" index="1" bw="16" slack="0"/>
<pin id="222" dir="0" index="2" bw="4" slack="0"/>
<pin id="223" dir="0" index="3" bw="5" slack="0"/>
<pin id="224" dir="1" index="4" bw="10" slack="0"/>
</pin_list>
<bind>
<opcode="partselect(1002) " fcode="partselect"/>
<opset="y_V_2/1 "/>
</bind>
</comp>

<comp id="229" class="1004" name="zext_ln251_2_fu_229">
<pin_list>
<pin id="230" dir="0" index="0" bw="10" slack="0"/>
<pin id="231" dir="1" index="1" bw="64" slack="0"/>
</pin_list>
<bind>
<opcode="zext(34) " fcode="zext"/>
<opset="zext_ln251_2/1 "/>
</bind>
</comp>

<comp id="234" class="1004" name="y_V_3_fu_234">
<pin_list>
<pin id="235" dir="0" index="0" bw="10" slack="0"/>
<pin id="236" dir="0" index="1" bw="16" slack="0"/>
<pin id="237" dir="0" index="2" bw="4" slack="0"/>
<pin id="238" dir="0" index="3" bw="5" slack="0"/>
<pin id="239" dir="1" index="4" bw="10" slack="0"/>
</pin_list>
<bind>
<opcode="partselect(1002) " fcode="partselect"/>
<opset="y_V_3/1 "/>
</bind>
</comp>

<comp id="244" class="1004" name="zext_ln251_3_fu_244">
<pin_list>
<pin id="245" dir="0" index="0" bw="10" slack="0"/>
<pin id="246" dir="1" index="1" bw="64" slack="0"/>
</pin_list>
<bind>
<opcode="zext(34) " fcode="zext"/>
<opset="zext_ln251_3/1 "/>
</bind>
</comp>

<comp id="249" class="1004" name="y_V_4_fu_249">
<pin_list>
<pin id="250" dir="0" index="0" bw="10" slack="0"/>
<pin id="251" dir="0" index="1" bw="16" slack="0"/>
<pin id="252" dir="0" index="2" bw="4" slack="0"/>
<pin id="253" dir="0" index="3" bw="5" slack="0"/>
<pin id="254" dir="1" index="4" bw="10" slack="0"/>
</pin_list>
<bind>
<opcode="partselect(1002) " fcode="partselect"/>
<opset="y_V_4/1 "/>
</bind>
</comp>

<comp id="259" class="1004" name="zext_ln251_4_fu_259">
<pin_list>
<pin id="260" dir="0" index="0" bw="10" slack="0"/>
<pin id="261" dir="1" index="1" bw="64" slack="0"/>
</pin_list>
<bind>
<opcode="zext(34) " fcode="zext"/>
<opset="zext_ln251_4/1 "/>
</bind>
</comp>

<comp id="264" class="1004" name="zext_ln251_fu_264">
<pin_list>
<pin id="265" dir="0" index="0" bw="10" slack="1"/>
<pin id="266" dir="1" index="1" bw="64" slack="0"/>
</pin_list>
<bind>
<opcode="zext(34) " fcode="zext"/>
<opset="zext_ln251/2 "/>
</bind>
</comp>

<comp id="268" class="1004" name="zext_ln251_1_fu_268">
<pin_list>
<pin id="269" dir="0" index="0" bw="10" slack="1"/>
<pin id="270" dir="1" index="1" bw="64" slack="0"/>
</pin_list>
<bind>
<opcode="zext(34) " fcode="zext"/>
<opset="zext_ln251_1/2 "/>
</bind>
</comp>

<comp id="272" class="1004" name="add_ln703_1_fu_272">
<pin_list>
<pin id="273" dir="0" index="0" bw="18" slack="1"/>
<pin id="274" dir="0" index="1" bw="18" slack="1"/>
<pin id="275" dir="1" index="2" bw="18" slack="0"/>
</pin_list>
<bind>
<opcode="add(8) " fcode="add"/>
<opset="add_ln703_1/3 "/>
</bind>
</comp>

<comp id="276" class="1004" name="add_ln703_2_fu_276">
<pin_list>
<pin id="277" dir="0" index="0" bw="18" slack="0"/>
<pin id="278" dir="0" index="1" bw="18" slack="1"/>
<pin id="279" dir="1" index="2" bw="18" slack="1"/>
</pin_list>
<bind>
<opcode="add(8) " fcode="add"/>
<opset="add_ln703_2/3 "/>
</bind>
</comp>

<comp id="281" class="1004" name="add_ln703_fu_281">
<pin_list>
<pin id="282" dir="0" index="0" bw="18" slack="1"/>
<pin id="283" dir="0" index="1" bw="18" slack="1"/>
<pin id="284" dir="1" index="2" bw="18" slack="0"/>
</pin_list>
<bind>
<opcode="add(8) " fcode="add"/>
<opset="add_ln703/4 "/>
</bind>
</comp>

<comp id="285" class="1004" name="exp_sum_V_fu_285">
<pin_list>
<pin id="286" dir="0" index="0" bw="18" slack="1"/>
<pin id="287" dir="0" index="1" bw="18" slack="0"/>
<pin id="288" dir="1" index="2" bw="18" slack="0"/>
</pin_list>
<bind>
<opcode="add(8) " fcode="add"/>
<opset="exp_sum_V/4 "/>
</bind>
</comp>

<comp id="290" class="1004" name="y_V_5_fu_290">
<pin_list>
<pin id="291" dir="0" index="0" bw="10" slack="0"/>
<pin id="292" dir="0" index="1" bw="18" slack="0"/>
<pin id="293" dir="0" index="2" bw="5" slack="0"/>
<pin id="294" dir="0" index="3" bw="6" slack="0"/>
<pin id="295" dir="1" index="4" bw="10" slack="1"/>
</pin_list>
<bind>
<opcode="partselect(1002) " fcode="partselect"/>
<opset="y_V_5/4 "/>
</bind>
</comp>

<comp id="300" class="1004" name="zext_ln259_fu_300">
<pin_list>
<pin id="301" dir="0" index="0" bw="10" slack="1"/>
<pin id="302" dir="1" index="1" bw="64" slack="0"/>
</pin_list>
<bind>
<opcode="zext(34) " fcode="zext"/>
<opset="zext_ln259/5 "/>
</bind>
</comp>

<comp id="304" class="1004" name="sext_ln1116_fu_304">
<pin_list>
<pin id="305" dir="0" index="0" bw="18" slack="1"/>
<pin id="306" dir="1" index="1" bw="30" slack="0"/>
</pin_list>
<bind>
<opcode="sext(35) " fcode="sext"/>
<opset="sext_ln1116/7 "/>
</bind>
</comp>

<comp id="307" class="1004" name="sext_ln1118_fu_307">
<pin_list>
<pin id="308" dir="0" index="0" bw="18" slack="4"/>
<pin id="309" dir="1" index="1" bw="30" slack="0"/>
</pin_list>
<bind>
<opcode="sext(35) " fcode="sext"/>
<opset="sext_ln1118/7 "/>
</bind>
</comp>

<comp id="310" class="1004" name="sext_ln1118_1_fu_310">
<pin_list>
<pin id="311" dir="0" index="0" bw="18" slack="4"/>
<pin id="312" dir="1" index="1" bw="30" slack="0"/>
</pin_list>
<bind>
<opcode="sext(35) " fcode="sext"/>
<opset="sext_ln1118_1/7 "/>
</bind>
</comp>

<comp id="313" class="1004" name="sext_ln1118_2_fu_313">
<pin_list>
<pin id="314" dir="0" index="0" bw="18" slack="5"/>
<pin id="315" dir="1" index="1" bw="30" slack="0"/>
</pin_list>
<bind>
<opcode="sext(35) " fcode="sext"/>
<opset="sext_ln1118_2/7 "/>
</bind>
</comp>

<comp id="316" class="1004" name="sext_ln1118_3_fu_316">
<pin_list>
<pin id="317" dir="0" index="0" bw="18" slack="5"/>
<pin id="318" dir="1" index="1" bw="30" slack="0"/>
</pin_list>
<bind>
<opcode="sext(35) " fcode="sext"/>
<opset="sext_ln1118_3/7 "/>
</bind>
</comp>

<comp id="319" class="1004" name="sext_ln1118_4_fu_319">
<pin_list>
<pin id="320" dir="0" index="0" bw="18" slack="5"/>
<pin id="321" dir="1" index="1" bw="30" slack="0"/>
</pin_list>
<bind>
<opcode="sext(35) " fcode="sext"/>
<opset="sext_ln1118_4/7 "/>
</bind>
</comp>

<comp id="322" class="1004" name="trunc_ln_fu_322">
<pin_list>
<pin id="323" dir="0" index="0" bw="16" slack="0"/>
<pin id="324" dir="0" index="1" bw="30" slack="1"/>
<pin id="325" dir="0" index="2" bw="5" slack="0"/>
<pin id="326" dir="0" index="3" bw="6" slack="0"/>
<pin id="327" dir="1" index="4" bw="16" slack="0"/>
</pin_list>
<bind>
<opcode="partselect(1002) " fcode="partselect"/>
<opset="trunc_ln/10 "/>
</bind>
</comp>

<comp id="332" class="1004" name="trunc_ln708_1_fu_332">
<pin_list>
<pin id="333" dir="0" index="0" bw="16" slack="0"/>
<pin id="334" dir="0" index="1" bw="30" slack="1"/>
<pin id="335" dir="0" index="2" bw="5" slack="0"/>
<pin id="336" dir="0" index="3" bw="6" slack="0"/>
<pin id="337" dir="1" index="4" bw="16" slack="0"/>
</pin_list>
<bind>
<opcode="partselect(1002) " fcode="partselect"/>
<opset="trunc_ln708_1/10 "/>
</bind>
</comp>

<comp id="342" class="1004" name="trunc_ln708_2_fu_342">
<pin_list>
<pin id="343" dir="0" index="0" bw="16" slack="0"/>
<pin id="344" dir="0" index="1" bw="30" slack="1"/>
<pin id="345" dir="0" index="2" bw="5" slack="0"/>
<pin id="346" dir="0" index="3" bw="6" slack="0"/>
<pin id="347" dir="1" index="4" bw="16" slack="0"/>
</pin_list>
<bind>
<opcode="partselect(1002) " fcode="partselect"/>
<opset="trunc_ln708_2/10 "/>
</bind>
</comp>

<comp id="352" class="1004" name="trunc_ln708_3_fu_352">
<pin_list>
<pin id="353" dir="0" index="0" bw="16" slack="0"/>
<pin id="354" dir="0" index="1" bw="30" slack="1"/>
<pin id="355" dir="0" index="2" bw="5" slack="0"/>
<pin id="356" dir="0" index="3" bw="6" slack="0"/>
<pin id="357" dir="1" index="4" bw="16" slack="0"/>
</pin_list>
<bind>
<opcode="partselect(1002) " fcode="partselect"/>
<opset="trunc_ln708_3/10 "/>
</bind>
</comp>

<comp id="362" class="1004" name="trunc_ln708_4_fu_362">
<pin_list>
<pin id="363" dir="0" index="0" bw="16" slack="0"/>
<pin id="364" dir="0" index="1" bw="30" slack="1"/>
<pin id="365" dir="0" index="2" bw="5" slack="0"/>
<pin id="366" dir="0" index="3" bw="6" slack="0"/>
<pin id="367" dir="1" index="4" bw="16" slack="0"/>
</pin_list>
<bind>
<opcode="partselect(1002) " fcode="partselect"/>
<opset="trunc_ln708_4/10 "/>
</bind>
</comp>

<comp id="372" class="1007" name="grp_fu_372">
<pin_list>
<pin id="373" dir="0" index="0" bw="18" slack="0"/>
<pin id="374" dir="0" index="1" bw="18" slack="0"/>
<pin id="375" dir="1" index="2" bw="30" slack="1"/>
</pin_list>
<bind>
<opcode="mul(12) " fcode="mul"/>
<opset="mul_ln1118/7 "/>
</bind>
</comp>

<comp id="378" class="1007" name="grp_fu_378">
<pin_list>
<pin id="379" dir="0" index="0" bw="18" slack="0"/>
<pin id="380" dir="0" index="1" bw="18" slack="0"/>
<pin id="381" dir="1" index="2" bw="30" slack="1"/>
</pin_list>
<bind>
<opcode="mul(12) " fcode="mul"/>
<opset="mul_ln1118_1/7 "/>
</bind>
</comp>

<comp id="384" class="1007" name="grp_fu_384">
<pin_list>
<pin id="385" dir="0" index="0" bw="18" slack="0"/>
<pin id="386" dir="0" index="1" bw="18" slack="0"/>
<pin id="387" dir="1" index="2" bw="30" slack="1"/>
</pin_list>
<bind>
<opcode="mul(12) " fcode="mul"/>
<opset="mul_ln1118_2/7 "/>
</bind>
</comp>

<comp id="390" class="1007" name="grp_fu_390">
<pin_list>
<pin id="391" dir="0" index="0" bw="18" slack="0"/>
<pin id="392" dir="0" index="1" bw="18" slack="0"/>
<pin id="393" dir="1" index="2" bw="30" slack="1"/>
</pin_list>
<bind>
<opcode="mul(12) " fcode="mul"/>
<opset="mul_ln1118_3/7 "/>
</bind>
</comp>

<comp id="396" class="1007" name="grp_fu_396">
<pin_list>
<pin id="397" dir="0" index="0" bw="18" slack="0"/>
<pin id="398" dir="0" index="1" bw="18" slack="0"/>
<pin id="399" dir="1" index="2" bw="30" slack="1"/>
</pin_list>
<bind>
<opcode="mul(12) " fcode="mul"/>
<opset="mul_ln1118_4/7 "/>
</bind>
</comp>

<comp id="402" class="1005" name="y_V_reg_402">
<pin_list>
<pin id="403" dir="0" index="0" bw="10" slack="1"/>
<pin id="404" dir="1" index="1" bw="10" slack="1"/>
</pin_list>
<bind>
<opset="y_V "/>
</bind>
</comp>

<comp id="407" class="1005" name="y_V_1_reg_407">
<pin_list>
<pin id="408" dir="0" index="0" bw="10" slack="1"/>
<pin id="409" dir="1" index="1" bw="10" slack="1"/>
</pin_list>
<bind>
<opset="y_V_1 "/>
</bind>
</comp>

<comp id="412" class="1005" name="exp_table1_addr_2_reg_412">
<pin_list>
<pin id="413" dir="0" index="0" bw="10" slack="1"/>
<pin id="414" dir="1" index="1" bw="10" slack="1"/>
</pin_list>
<bind>
<opset="exp_table1_addr_2 "/>
</bind>
</comp>

<comp id="417" class="1005" name="exp_table1_addr_3_reg_417">
<pin_list>
<pin id="418" dir="0" index="0" bw="10" slack="1"/>
<pin id="419" dir="1" index="1" bw="10" slack="1"/>
</pin_list>
<bind>
<opset="exp_table1_addr_3 "/>
</bind>
</comp>

<comp id="422" class="1005" name="exp_table1_addr_4_reg_422">
<pin_list>
<pin id="423" dir="0" index="0" bw="10" slack="1"/>
<pin id="424" dir="1" index="1" bw="10" slack="1"/>
</pin_list>
<bind>
<opset="exp_table1_addr_4 "/>
</bind>
</comp>

<comp id="427" class="1005" name="exp_table1_addr_reg_427">
<pin_list>
<pin id="428" dir="0" index="0" bw="10" slack="1"/>
<pin id="429" dir="1" index="1" bw="10" slack="1"/>
</pin_list>
<bind>
<opset="exp_table1_addr "/>
</bind>
</comp>

<comp id="432" class="1005" name="exp_table1_addr_1_reg_432">
<pin_list>
<pin id="433" dir="0" index="0" bw="10" slack="1"/>
<pin id="434" dir="1" index="1" bw="10" slack="1"/>
</pin_list>
<bind>
<opset="exp_table1_addr_1 "/>
</bind>
</comp>

<comp id="437" class="1005" name="exp_res_2_V_reg_437">
<pin_list>
<pin id="438" dir="0" index="0" bw="18" slack="1"/>
<pin id="439" dir="1" index="1" bw="18" slack="1"/>
</pin_list>
<bind>
<opset="exp_res_2_V "/>
</bind>
</comp>

<comp id="443" class="1005" name="exp_res_3_V_reg_443">
<pin_list>
<pin id="444" dir="0" index="0" bw="18" slack="1"/>
<pin id="445" dir="1" index="1" bw="18" slack="1"/>
</pin_list>
<bind>
<opset="exp_res_3_V "/>
</bind>
</comp>

<comp id="449" class="1005" name="exp_res_4_V_reg_449">
<pin_list>
<pin id="450" dir="0" index="0" bw="18" slack="1"/>
<pin id="451" dir="1" index="1" bw="18" slack="1"/>
</pin_list>
<bind>
<opset="exp_res_4_V "/>
</bind>
</comp>

<comp id="455" class="1005" name="exp_res_0_V_reg_455">
<pin_list>
<pin id="456" dir="0" index="0" bw="18" slack="1"/>
<pin id="457" dir="1" index="1" bw="18" slack="1"/>
</pin_list>
<bind>
<opset="exp_res_0_V "/>
</bind>
</comp>

<comp id="461" class="1005" name="exp_res_1_V_reg_461">
<pin_list>
<pin id="462" dir="0" index="0" bw="18" slack="1"/>
<pin id="463" dir="1" index="1" bw="18" slack="1"/>
</pin_list>
<bind>
<opset="exp_res_1_V "/>
</bind>
</comp>

<comp id="467" class="1005" name="add_ln703_2_reg_467">
<pin_list>
<pin id="468" dir="0" index="0" bw="18" slack="1"/>
<pin id="469" dir="1" index="1" bw="18" slack="1"/>
</pin_list>
<bind>
<opset="add_ln703_2 "/>
</bind>
</comp>

<comp id="472" class="1005" name="y_V_5_reg_472">
<pin_list>
<pin id="473" dir="0" index="0" bw="10" slack="1"/>
<pin id="474" dir="1" index="1" bw="10" slack="1"/>
</pin_list>
<bind>
<opset="y_V_5 "/>
</bind>
</comp>

<comp id="477" class="1005" name="invert_table2_addr_reg_477">
<pin_list>
<pin id="478" dir="0" index="0" bw="10" slack="1"/>
<pin id="479" dir="1" index="1" bw="10" slack="1"/>
</pin_list>
<bind>
<opset="invert_table2_addr "/>
</bind>
</comp>

<comp id="482" class="1005" name="inv_exp_sum_V_reg_482">
<pin_list>
<pin id="483" dir="0" index="0" bw="18" slack="1"/>
<pin id="484" dir="1" index="1" bw="18" slack="1"/>
</pin_list>
<bind>
<opset="inv_exp_sum_V "/>
</bind>
</comp>

<comp id="487" class="1005" name="sext_ln1116_reg_487">
<pin_list>
<pin id="488" dir="0" index="0" bw="30" slack="1"/>
<pin id="489" dir="1" index="1" bw="30" slack="1"/>
</pin_list>
<bind>
<opset="sext_ln1116 "/>
</bind>
</comp>

<comp id="496" class="1005" name="sext_ln1118_reg_496">
<pin_list>
<pin id="497" dir="0" index="0" bw="30" slack="1"/>
<pin id="498" dir="1" index="1" bw="30" slack="1"/>
</pin_list>
<bind>
<opset="sext_ln1118 "/>
</bind>
</comp>

<comp id="501" class="1005" name="sext_ln1118_1_reg_501">
<pin_list>
<pin id="502" dir="0" index="0" bw="30" slack="1"/>
<pin id="503" dir="1" index="1" bw="30" slack="1"/>
</pin_list>
<bind>
<opset="sext_ln1118_1 "/>
</bind>
</comp>

<comp id="506" class="1005" name="sext_ln1118_2_reg_506">
<pin_list>
<pin id="507" dir="0" index="0" bw="30" slack="1"/>
<pin id="508" dir="1" index="1" bw="30" slack="1"/>
</pin_list>
<bind>
<opset="sext_ln1118_2 "/>
</bind>
</comp>

<comp id="511" class="1005" name="sext_ln1118_3_reg_511">
<pin_list>
<pin id="512" dir="0" index="0" bw="30" slack="1"/>
<pin id="513" dir="1" index="1" bw="30" slack="1"/>
</pin_list>
<bind>
<opset="sext_ln1118_3 "/>
</bind>
</comp>

<comp id="516" class="1005" name="sext_ln1118_4_reg_516">
<pin_list>
<pin id="517" dir="0" index="0" bw="30" slack="1"/>
<pin id="518" dir="1" index="1" bw="30" slack="1"/>
</pin_list>
<bind>
<opset="sext_ln1118_4 "/>
</bind>
</comp>

<comp id="521" class="1005" name="mul_ln1118_reg_521">
<pin_list>
<pin id="522" dir="0" index="0" bw="30" slack="1"/>
<pin id="523" dir="1" index="1" bw="30" slack="1"/>
</pin_list>
<bind>
<opset="mul_ln1118 "/>
</bind>
</comp>

<comp id="526" class="1005" name="mul_ln1118_1_reg_526">
<pin_list>
<pin id="527" dir="0" index="0" bw="30" slack="1"/>
<pin id="528" dir="1" index="1" bw="30" slack="1"/>
</pin_list>
<bind>
<opset="mul_ln1118_1 "/>
</bind>
</comp>

<comp id="531" class="1005" name="mul_ln1118_2_reg_531">
<pin_list>
<pin id="532" dir="0" index="0" bw="30" slack="1"/>
<pin id="533" dir="1" index="1" bw="30" slack="1"/>
</pin_list>
<bind>
<opset="mul_ln1118_2 "/>
</bind>
</comp>

<comp id="536" class="1005" name="mul_ln1118_3_reg_536">
<pin_list>
<pin id="537" dir="0" index="0" bw="30" slack="1"/>
<pin id="538" dir="1" index="1" bw="30" slack="1"/>
</pin_list>
<bind>
<opset="mul_ln1118_3 "/>
</bind>
</comp>

<comp id="541" class="1005" name="mul_ln1118_4_reg_541">
<pin_list>
<pin id="542" dir="0" index="0" bw="30" slack="1"/>
<pin id="543" dir="1" index="1" bw="30" slack="1"/>
</pin_list>
<bind>
<opset="mul_ln1118_4 "/>
</bind>
</comp>

</comp_list>

<net_list>
<net id="64"><net_src comp="24" pin="0"/><net_sink comp="60" pin=0"/></net>

<net id="65"><net_src comp="0" pin="0"/><net_sink comp="60" pin=1"/></net>

<net id="70"><net_src comp="24" pin="0"/><net_sink comp="66" pin=0"/></net>

<net id="71"><net_src comp="2" pin="0"/><net_sink comp="66" pin=1"/></net>

<net id="76"><net_src comp="24" pin="0"/><net_sink comp="72" pin=0"/></net>

<net id="77"><net_src comp="4" pin="0"/><net_sink comp="72" pin=1"/></net>

<net id="82"><net_src comp="24" pin="0"/><net_sink comp="78" pin=0"/></net>

<net id="83"><net_src comp="6" pin="0"/><net_sink comp="78" pin=1"/></net>

<net id="88"><net_src comp="24" pin="0"/><net_sink comp="84" pin=0"/></net>

<net id="89"><net_src comp="8" pin="0"/><net_sink comp="84" pin=1"/></net>

<net id="95"><net_src comp="58" pin="0"/><net_sink comp="90" pin=0"/></net>

<net id="96"><net_src comp="10" pin="0"/><net_sink comp="90" pin=1"/></net>

<net id="102"><net_src comp="58" pin="0"/><net_sink comp="97" pin=0"/></net>

<net id="103"><net_src comp="12" pin="0"/><net_sink comp="97" pin=1"/></net>

<net id="109"><net_src comp="58" pin="0"/><net_sink comp="104" pin=0"/></net>

<net id="110"><net_src comp="14" pin="0"/><net_sink comp="104" pin=1"/></net>

<net id="116"><net_src comp="58" pin="0"/><net_sink comp="111" pin=0"/></net>

<net id="117"><net_src comp="16" pin="0"/><net_sink comp="111" pin=1"/></net>

<net id="123"><net_src comp="58" pin="0"/><net_sink comp="118" pin=0"/></net>

<net id="124"><net_src comp="18" pin="0"/><net_sink comp="118" pin=1"/></net>

<net id="130"><net_src comp="20" pin="0"/><net_sink comp="125" pin=0"/></net>

<net id="131"><net_src comp="32" pin="0"/><net_sink comp="125" pin=1"/></net>

<net id="137"><net_src comp="125" pin="3"/><net_sink comp="132" pin=0"/></net>

<net id="143"><net_src comp="20" pin="0"/><net_sink comp="138" pin=0"/></net>

<net id="144"><net_src comp="32" pin="0"/><net_sink comp="138" pin=1"/></net>

<net id="149"><net_src comp="138" pin="3"/><net_sink comp="132" pin=2"/></net>

<net id="155"><net_src comp="20" pin="0"/><net_sink comp="150" pin=0"/></net>

<net id="156"><net_src comp="32" pin="0"/><net_sink comp="150" pin=1"/></net>

<net id="161"><net_src comp="150" pin="3"/><net_sink comp="132" pin=5"/></net>

<net id="167"><net_src comp="20" pin="0"/><net_sink comp="162" pin=0"/></net>

<net id="168"><net_src comp="32" pin="0"/><net_sink comp="162" pin=1"/></net>

<net id="173"><net_src comp="162" pin="3"/><net_sink comp="132" pin=8"/></net>

<net id="179"><net_src comp="20" pin="0"/><net_sink comp="174" pin=0"/></net>

<net id="180"><net_src comp="32" pin="0"/><net_sink comp="174" pin=1"/></net>

<net id="185"><net_src comp="174" pin="3"/><net_sink comp="132" pin=10"/></net>

<net id="191"><net_src comp="22" pin="0"/><net_sink comp="186" pin=0"/></net>

<net id="192"><net_src comp="32" pin="0"/><net_sink comp="186" pin=1"/></net>

<net id="198"><net_src comp="186" pin="3"/><net_sink comp="193" pin=0"/></net>

<net id="205"><net_src comp="26" pin="0"/><net_sink comp="199" pin=0"/></net>

<net id="206"><net_src comp="60" pin="2"/><net_sink comp="199" pin=1"/></net>

<net id="207"><net_src comp="28" pin="0"/><net_sink comp="199" pin=2"/></net>

<net id="208"><net_src comp="30" pin="0"/><net_sink comp="199" pin=3"/></net>

<net id="215"><net_src comp="26" pin="0"/><net_sink comp="209" pin=0"/></net>

<net id="216"><net_src comp="66" pin="2"/><net_sink comp="209" pin=1"/></net>

<net id="217"><net_src comp="28" pin="0"/><net_sink comp="209" pin=2"/></net>

<net id="218"><net_src comp="30" pin="0"/><net_sink comp="209" pin=3"/></net>

<net id="225"><net_src comp="26" pin="0"/><net_sink comp="219" pin=0"/></net>

<net id="226"><net_src comp="72" pin="2"/><net_sink comp="219" pin=1"/></net>

<net id="227"><net_src comp="28" pin="0"/><net_sink comp="219" pin=2"/></net>

<net id="228"><net_src comp="30" pin="0"/><net_sink comp="219" pin=3"/></net>

<net id="232"><net_src comp="219" pin="4"/><net_sink comp="229" pin=0"/></net>

<net id="233"><net_src comp="229" pin="1"/><net_sink comp="125" pin=2"/></net>

<net id="240"><net_src comp="26" pin="0"/><net_sink comp="234" pin=0"/></net>

<net id="241"><net_src comp="78" pin="2"/><net_sink comp="234" pin=1"/></net>

<net id="242"><net_src comp="28" pin="0"/><net_sink comp="234" pin=2"/></net>

<net id="243"><net_src comp="30" pin="0"/><net_sink comp="234" pin=3"/></net>

<net id="247"><net_src comp="234" pin="4"/><net_sink comp="244" pin=0"/></net>

<net id="248"><net_src comp="244" pin="1"/><net_sink comp="138" pin=2"/></net>

<net id="255"><net_src comp="26" pin="0"/><net_sink comp="249" pin=0"/></net>

<net id="256"><net_src comp="84" pin="2"/><net_sink comp="249" pin=1"/></net>

<net id="257"><net_src comp="28" pin="0"/><net_sink comp="249" pin=2"/></net>

<net id="258"><net_src comp="30" pin="0"/><net_sink comp="249" pin=3"/></net>

<net id="262"><net_src comp="249" pin="4"/><net_sink comp="259" pin=0"/></net>

<net id="263"><net_src comp="259" pin="1"/><net_sink comp="150" pin=2"/></net>

<net id="267"><net_src comp="264" pin="1"/><net_sink comp="162" pin=2"/></net>

<net id="271"><net_src comp="268" pin="1"/><net_sink comp="174" pin=2"/></net>

<net id="280"><net_src comp="272" pin="2"/><net_sink comp="276" pin=0"/></net>

<net id="289"><net_src comp="281" pin="2"/><net_sink comp="285" pin=1"/></net>

<net id="296"><net_src comp="34" pin="0"/><net_sink comp="290" pin=0"/></net>

<net id="297"><net_src comp="285" pin="2"/><net_sink comp="290" pin=1"/></net>

<net id="298"><net_src comp="36" pin="0"/><net_sink comp="290" pin=2"/></net>

<net id="299"><net_src comp="38" pin="0"/><net_sink comp="290" pin=3"/></net>

<net id="303"><net_src comp="300" pin="1"/><net_sink comp="186" pin=2"/></net>

<net id="328"><net_src comp="52" pin="0"/><net_sink comp="322" pin=0"/></net>

<net id="329"><net_src comp="54" pin="0"/><net_sink comp="322" pin=2"/></net>

<net id="330"><net_src comp="56" pin="0"/><net_sink comp="322" pin=3"/></net>

<net id="331"><net_src comp="322" pin="4"/><net_sink comp="90" pin=2"/></net>

<net id="338"><net_src comp="52" pin="0"/><net_sink comp="332" pin=0"/></net>

<net id="339"><net_src comp="54" pin="0"/><net_sink comp="332" pin=2"/></net>

<net id="340"><net_src comp="56" pin="0"/><net_sink comp="332" pin=3"/></net>

<net id="341"><net_src comp="332" pin="4"/><net_sink comp="97" pin=2"/></net>

<net id="348"><net_src comp="52" pin="0"/><net_sink comp="342" pin=0"/></net>

<net id="349"><net_src comp="54" pin="0"/><net_sink comp="342" pin=2"/></net>

<net id="350"><net_src comp="56" pin="0"/><net_sink comp="342" pin=3"/></net>

<net id="351"><net_src comp="342" pin="4"/><net_sink comp="104" pin=2"/></net>

<net id="358"><net_src comp="52" pin="0"/><net_sink comp="352" pin=0"/></net>

<net id="359"><net_src comp="54" pin="0"/><net_sink comp="352" pin=2"/></net>

<net id="360"><net_src comp="56" pin="0"/><net_sink comp="352" pin=3"/></net>

<net id="361"><net_src comp="352" pin="4"/><net_sink comp="111" pin=2"/></net>

<net id="368"><net_src comp="52" pin="0"/><net_sink comp="362" pin=0"/></net>

<net id="369"><net_src comp="54" pin="0"/><net_sink comp="362" pin=2"/></net>

<net id="370"><net_src comp="56" pin="0"/><net_sink comp="362" pin=3"/></net>

<net id="371"><net_src comp="362" pin="4"/><net_sink comp="118" pin=2"/></net>

<net id="376"><net_src comp="304" pin="1"/><net_sink comp="372" pin=0"/></net>

<net id="377"><net_src comp="307" pin="1"/><net_sink comp="372" pin=1"/></net>

<net id="382"><net_src comp="304" pin="1"/><net_sink comp="378" pin=0"/></net>

<net id="383"><net_src comp="310" pin="1"/><net_sink comp="378" pin=1"/></net>

<net id="388"><net_src comp="304" pin="1"/><net_sink comp="384" pin=0"/></net>

<net id="389"><net_src comp="313" pin="1"/><net_sink comp="384" pin=1"/></net>

<net id="394"><net_src comp="304" pin="1"/><net_sink comp="390" pin=0"/></net>

<net id="395"><net_src comp="316" pin="1"/><net_sink comp="390" pin=1"/></net>

<net id="400"><net_src comp="304" pin="1"/><net_sink comp="396" pin=0"/></net>

<net id="401"><net_src comp="319" pin="1"/><net_sink comp="396" pin=1"/></net>

<net id="405"><net_src comp="199" pin="4"/><net_sink comp="402" pin=0"/></net>

<net id="406"><net_src comp="402" pin="1"/><net_sink comp="264" pin=0"/></net>

<net id="410"><net_src comp="209" pin="4"/><net_sink comp="407" pin=0"/></net>

<net id="411"><net_src comp="407" pin="1"/><net_sink comp="268" pin=0"/></net>

<net id="415"><net_src comp="125" pin="3"/><net_sink comp="412" pin=0"/></net>

<net id="416"><net_src comp="412" pin="1"/><net_sink comp="132" pin=0"/></net>

<net id="420"><net_src comp="138" pin="3"/><net_sink comp="417" pin=0"/></net>

<net id="421"><net_src comp="417" pin="1"/><net_sink comp="132" pin=2"/></net>

<net id="425"><net_src comp="150" pin="3"/><net_sink comp="422" pin=0"/></net>

<net id="426"><net_src comp="422" pin="1"/><net_sink comp="132" pin=5"/></net>

<net id="430"><net_src comp="162" pin="3"/><net_sink comp="427" pin=0"/></net>

<net id="431"><net_src comp="427" pin="1"/><net_sink comp="132" pin=8"/></net>

<net id="435"><net_src comp="174" pin="3"/><net_sink comp="432" pin=0"/></net>

<net id="436"><net_src comp="432" pin="1"/><net_sink comp="132" pin=10"/></net>

<net id="440"><net_src comp="132" pin="3"/><net_sink comp="437" pin=0"/></net>

<net id="441"><net_src comp="437" pin="1"/><net_sink comp="272" pin=0"/></net>

<net id="442"><net_src comp="437" pin="1"/><net_sink comp="313" pin=0"/></net>

<net id="446"><net_src comp="132" pin="7"/><net_sink comp="443" pin=0"/></net>

<net id="447"><net_src comp="443" pin="1"/><net_sink comp="276" pin=1"/></net>

<net id="448"><net_src comp="443" pin="1"/><net_sink comp="316" pin=0"/></net>

<net id="452"><net_src comp="132" pin="11"/><net_sink comp="449" pin=0"/></net>

<net id="453"><net_src comp="449" pin="1"/><net_sink comp="272" pin=1"/></net>

<net id="454"><net_src comp="449" pin="1"/><net_sink comp="319" pin=0"/></net>

<net id="458"><net_src comp="132" pin="15"/><net_sink comp="455" pin=0"/></net>

<net id="459"><net_src comp="455" pin="1"/><net_sink comp="281" pin=0"/></net>

<net id="460"><net_src comp="455" pin="1"/><net_sink comp="307" pin=0"/></net>

<net id="464"><net_src comp="132" pin="19"/><net_sink comp="461" pin=0"/></net>

<net id="465"><net_src comp="461" pin="1"/><net_sink comp="281" pin=1"/></net>

<net id="466"><net_src comp="461" pin="1"/><net_sink comp="310" pin=0"/></net>

<net id="470"><net_src comp="276" pin="2"/><net_sink comp="467" pin=0"/></net>

<net id="471"><net_src comp="467" pin="1"/><net_sink comp="285" pin=0"/></net>

<net id="475"><net_src comp="290" pin="4"/><net_sink comp="472" pin=0"/></net>

<net id="476"><net_src comp="472" pin="1"/><net_sink comp="300" pin=0"/></net>

<net id="480"><net_src comp="186" pin="3"/><net_sink comp="477" pin=0"/></net>

<net id="481"><net_src comp="477" pin="1"/><net_sink comp="193" pin=0"/></net>

<net id="485"><net_src comp="193" pin="3"/><net_sink comp="482" pin=0"/></net>

<net id="486"><net_src comp="482" pin="1"/><net_sink comp="304" pin=0"/></net>

<net id="490"><net_src comp="304" pin="1"/><net_sink comp="487" pin=0"/></net>

<net id="491"><net_src comp="487" pin="1"/><net_sink comp="372" pin=0"/></net>

<net id="492"><net_src comp="487" pin="1"/><net_sink comp="378" pin=0"/></net>

<net id="493"><net_src comp="487" pin="1"/><net_sink comp="384" pin=0"/></net>

<net id="494"><net_src comp="487" pin="1"/><net_sink comp="390" pin=0"/></net>

<net id="495"><net_src comp="487" pin="1"/><net_sink comp="396" pin=0"/></net>

<net id="499"><net_src comp="307" pin="1"/><net_sink comp="496" pin=0"/></net>

<net id="500"><net_src comp="496" pin="1"/><net_sink comp="372" pin=1"/></net>

<net id="504"><net_src comp="310" pin="1"/><net_sink comp="501" pin=0"/></net>

<net id="505"><net_src comp="501" pin="1"/><net_sink comp="378" pin=1"/></net>

<net id="509"><net_src comp="313" pin="1"/><net_sink comp="506" pin=0"/></net>

<net id="510"><net_src comp="506" pin="1"/><net_sink comp="384" pin=1"/></net>

<net id="514"><net_src comp="316" pin="1"/><net_sink comp="511" pin=0"/></net>

<net id="515"><net_src comp="511" pin="1"/><net_sink comp="390" pin=1"/></net>

<net id="519"><net_src comp="319" pin="1"/><net_sink comp="516" pin=0"/></net>

<net id="520"><net_src comp="516" pin="1"/><net_sink comp="396" pin=1"/></net>

<net id="524"><net_src comp="372" pin="2"/><net_sink comp="521" pin=0"/></net>

<net id="525"><net_src comp="521" pin="1"/><net_sink comp="322" pin=1"/></net>

<net id="529"><net_src comp="378" pin="2"/><net_sink comp="526" pin=0"/></net>

<net id="530"><net_src comp="526" pin="1"/><net_sink comp="332" pin=1"/></net>

<net id="534"><net_src comp="384" pin="2"/><net_sink comp="531" pin=0"/></net>

<net id="535"><net_src comp="531" pin="1"/><net_sink comp="342" pin=1"/></net>

<net id="539"><net_src comp="390" pin="2"/><net_sink comp="536" pin=0"/></net>

<net id="540"><net_src comp="536" pin="1"/><net_sink comp="352" pin=1"/></net>

<net id="544"><net_src comp="396" pin="2"/><net_sink comp="541" pin=0"/></net>

<net id="545"><net_src comp="541" pin="1"/><net_sink comp="362" pin=1"/></net>

</net_list>

</model> 
---------------- Datapath Model END ------------------

* FSMD analyzer results:
  - Output states:
	Port: res_0_V | {10 }
	Port: res_1_V | {10 }
	Port: res_2_V | {10 }
	Port: res_3_V | {10 }
	Port: res_4_V | {10 }
 - Input state : 
	Port: softmax_latency : data_0_V | {1 }
	Port: softmax_latency : data_1_V | {1 }
	Port: softmax_latency : data_2_V | {1 }
	Port: softmax_latency : data_3_V | {1 }
	Port: softmax_latency : data_4_V | {1 }
	Port: softmax_latency : exp_table1 | {1 2 3 }
	Port: softmax_latency : invert_table2 | {5 6 }
  - Chain level:
	State 1
		zext_ln251_2 : 1
		exp_table1_addr_2 : 2
		exp_res_2_V : 3
		zext_ln251_3 : 1
		exp_table1_addr_3 : 2
		exp_res_3_V : 3
		zext_ln251_4 : 1
		exp_table1_addr_4 : 2
		exp_res_4_V : 3
	State 2
		exp_table1_addr : 1
		exp_res_0_V : 2
		exp_table1_addr_1 : 1
		exp_res_1_V : 2
	State 3
		add_ln703_2 : 1
	State 4
		exp_sum_V : 1
		y_V_5 : 2
	State 5
		invert_table2_addr : 1
		inv_exp_sum_V : 2
	State 6
	State 7
		mul_ln1118 : 1
		mul_ln1118_1 : 1
		mul_ln1118_2 : 1
		mul_ln1118_3 : 1
		mul_ln1118_4 : 1
	State 8
	State 9
	State 10
		write_ln262 : 1
		write_ln262 : 1
		write_ln262 : 1
		write_ln262 : 1
		write_ln262 : 1


============================================================
+ Verbose Summary: Datapath Resource usage 
============================================================

* Functional unit list:
|----------|--------------------------|---------|---------|---------|
| Operation|      Functional Unit     |  DSP48E |    FF   |   LUT   |
|----------|--------------------------|---------|---------|---------|
|          |    add_ln703_1_fu_272    |    0    |    0    |    18   |
|    add   |    add_ln703_2_fu_276    |    0    |    0    |    18   |
|          |     add_ln703_fu_281     |    0    |    0    |    18   |
|          |     exp_sum_V_fu_285     |    0    |    0    |    18   |
|----------|--------------------------|---------|---------|---------|
|          |        grp_fu_372        |    1    |    0    |    0    |
|          |        grp_fu_378        |    1    |    0    |    0    |
|    mul   |        grp_fu_384        |    1    |    0    |    0    |
|          |        grp_fu_390        |    1    |    0    |    0    |
|          |        grp_fu_396        |    1    |    0    |    0    |
|----------|--------------------------|---------|---------|---------|
|          |    p_Val2_s_read_fu_60   |    0    |    0    |    0    |
|          |    p_Val2_2_read_fu_66   |    0    |    0    |    0    |
|   read   |    p_Val2_4_read_fu_72   |    0    |    0    |    0    |
|          |    p_Val2_6_read_fu_78   |    0    |    0    |    0    |
|          |    p_Val2_8_read_fu_84   |    0    |    0    |    0    |
|----------|--------------------------|---------|---------|---------|
|          |  write_ln262_write_fu_90 |    0    |    0    |    0    |
|          |  write_ln262_write_fu_97 |    0    |    0    |    0    |
|   write  | write_ln262_write_fu_104 |    0    |    0    |    0    |
|          | write_ln262_write_fu_111 |    0    |    0    |    0    |
|          | write_ln262_write_fu_118 |    0    |    0    |    0    |
|----------|--------------------------|---------|---------|---------|
|          |        y_V_fu_199        |    0    |    0    |    0    |
|          |       y_V_1_fu_209       |    0    |    0    |    0    |
|          |       y_V_2_fu_219       |    0    |    0    |    0    |
|          |       y_V_3_fu_234       |    0    |    0    |    0    |
|          |       y_V_4_fu_249       |    0    |    0    |    0    |
|partselect|       y_V_5_fu_290       |    0    |    0    |    0    |
|          |      trunc_ln_fu_322     |    0    |    0    |    0    |
|          |   trunc_ln708_1_fu_332   |    0    |    0    |    0    |
|          |   trunc_ln708_2_fu_342   |    0    |    0    |    0    |
|          |   trunc_ln708_3_fu_352   |    0    |    0    |    0    |
|          |   trunc_ln708_4_fu_362   |    0    |    0    |    0    |
|----------|--------------------------|---------|---------|---------|
|          |    zext_ln251_2_fu_229   |    0    |    0    |    0    |
|          |    zext_ln251_3_fu_244   |    0    |    0    |    0    |
|   zext   |    zext_ln251_4_fu_259   |    0    |    0    |    0    |
|          |     zext_ln251_fu_264    |    0    |    0    |    0    |
|          |    zext_ln251_1_fu_268   |    0    |    0    |    0    |
|          |     zext_ln259_fu_300    |    0    |    0    |    0    |
|----------|--------------------------|---------|---------|---------|
|          |    sext_ln1116_fu_304    |    0    |    0    |    0    |
|          |    sext_ln1118_fu_307    |    0    |    0    |    0    |
|   sext   |   sext_ln1118_1_fu_310   |    0    |    0    |    0    |
|          |   sext_ln1118_2_fu_313   |    0    |    0    |    0    |
|          |   sext_ln1118_3_fu_316   |    0    |    0    |    0    |
|          |   sext_ln1118_4_fu_319   |    0    |    0    |    0    |
|----------|--------------------------|---------|---------|---------|
|   Total  |                          |    5    |    0    |    72   |
|----------|--------------------------|---------|---------|---------|

Memories:
N/A

* Register list:
+--------------------------+--------+
|                          |   FF   |
+--------------------------+--------+
|    add_ln703_2_reg_467   |   18   |
|    exp_res_0_V_reg_455   |   18   |
|    exp_res_1_V_reg_461   |   18   |
|    exp_res_2_V_reg_437   |   18   |
|    exp_res_3_V_reg_443   |   18   |
|    exp_res_4_V_reg_449   |   18   |
| exp_table1_addr_1_reg_432|   10   |
| exp_table1_addr_2_reg_412|   10   |
| exp_table1_addr_3_reg_417|   10   |
| exp_table1_addr_4_reg_422|   10   |
|  exp_table1_addr_reg_427 |   10   |
|   inv_exp_sum_V_reg_482  |   18   |
|invert_table2_addr_reg_477|   10   |
|   mul_ln1118_1_reg_526   |   30   |
|   mul_ln1118_2_reg_531   |   30   |
|   mul_ln1118_3_reg_536   |   30   |
|   mul_ln1118_4_reg_541   |   30   |
|    mul_ln1118_reg_521    |   30   |
|    sext_ln1116_reg_487   |   30   |
|   sext_ln1118_1_reg_501  |   30   |
|   sext_ln1118_2_reg_506  |   30   |
|   sext_ln1118_3_reg_511  |   30   |
|   sext_ln1118_4_reg_516  |   30   |
|    sext_ln1118_reg_496   |   30   |
|       y_V_1_reg_407      |   10   |
|       y_V_5_reg_472      |   10   |
|        y_V_reg_402       |   10   |
+--------------------------+--------+
|           Total          |   546  |
+--------------------------+--------+

* Multiplexer (MUX) list: 
|-------------------|------|------|------|--------||---------||---------|
|        Comp       |  Pin | Size |  BW  | S x BW ||  Delay  ||   LUT   |
|-------------------|------|------|------|--------||---------||---------|
| grp_access_fu_132 |  p0  |   2  |  10  |   20   ||    9    |
| grp_access_fu_132 |  p2  |   2  |   0  |    0   ||    9    |
| grp_access_fu_132 |  p5  |   2  |  18  |   36   ||    9    |
| grp_access_fu_132 |  p8  |   2  |  10  |   20   ||    9    |
| grp_access_fu_132 |  p10 |   2  |   0  |    0   ||    9    |
| grp_access_fu_193 |  p0  |   2  |  10  |   20   ||    9    |
|     grp_fu_372    |  p0  |   2  |  18  |   36   ||    9    |
|     grp_fu_372    |  p1  |   2  |  18  |   36   ||    9    |
|     grp_fu_378    |  p0  |   2  |  18  |   36   ||    9    |
|     grp_fu_378    |  p1  |   2  |  18  |   36   ||    9    |
|     grp_fu_384    |  p0  |   2  |  18  |   36   ||    9    |
|     grp_fu_384    |  p1  |   2  |  18  |   36   ||    9    |
|     grp_fu_390    |  p0  |   2  |  18  |   36   ||    9    |
|     grp_fu_390    |  p1  |   2  |  18  |   36   ||    9    |
|     grp_fu_396    |  p0  |   2  |  18  |   36   ||    9    |
|     grp_fu_396    |  p1  |   2  |  18  |   36   ||    9    |
|-------------------|------|------|------|--------||---------||---------|
|       Total       |      |      |      |   456  ||  28.304 ||   144   |
|-------------------|------|------|------|--------||---------||---------|



* Summary:
+-----------+--------+--------+--------+--------+
|           | DSP48E |  Delay |   FF   |   LUT  |
+-----------+--------+--------+--------+--------+
|  Function |    5   |    -   |    0   |   72   |
|   Memory  |    -   |    -   |    -   |    -   |
|Multiplexer|    -   |   28   |    -   |   144  |
|  Register |    -   |    -   |   546  |    -   |
+-----------+--------+--------+--------+--------+
|   Total   |    5   |   28   |   546  |   216  |
+-----------+--------+--------+--------+--------+
